<?xml version="1.0" encoding="UTF-8"?>
<coverage generated="1758771082">
  <project timestamp="1758771082">
    <file name="D:\code\lumen-7.0.0\app\Http\Controllers\Controller.php">
      <class name="App\Http\Controllers\Controller" namespace="global">
        <metrics complexity="0" methods="0" coveredmethods="0" conditionals="0" coveredconditionals="0" statements="0" coveredstatements="0" elements="0" coveredelements="0"/>
      </class>
      <metrics loc="11" ncloc="10" classes="0" methods="0" coveredmethods="0" conditionals="0" coveredconditionals="0" statements="0" coveredstatements="0" elements="0" coveredelements="0"/>
    </file>
    <file name="D:\code\lumen-7.0.0\app\Http\Controllers\ExampleController.php">
      <class name="App\Http\Controllers\ExampleController" namespace="global">
        <metrics complexity="5" methods="1" coveredmethods="0" conditionals="0" coveredconditionals="0" statements="9" coveredstatements="7" elements="10" coveredelements="7"/>
      </class>
      <line num="8" type="method" name="login" visibility="public" complexity="5" crap="5.27" count="1"/>
      <line num="10" type="stmt" count="1"/>
      <line num="11" type="stmt" count="1"/>
      <line num="12" type="stmt" count="1"/>
      <line num="13" type="stmt" count="1"/>
      <line num="15" type="stmt" count="0"/>
      <line num="17" type="stmt" count="1"/>
      <line num="18" type="stmt" count="0"/>
      <line num="20" type="stmt" count="1"/>
      <line num="22" type="stmt" count="1"/>
      <metrics loc="27" ncloc="26" classes="1" methods="1" coveredmethods="0" conditionals="0" coveredconditionals="0" statements="9" coveredstatements="7" elements="10" coveredelements="7"/>
    </file>
    <file name="D:\code\lumen-7.0.0\bootstrap\app.php">
      <line num="109" type="stmt" count="0"/>
      <line num="110" type="stmt" count="0"/>
      <line num="111" type="stmt" count="0"/>
      <line num="112" type="stmt" count="0"/>
      <line num="113" type="stmt" count="0"/>
      <metrics loc="116" ncloc="45" classes="0" methods="0" coveredmethods="0" conditionals="0" coveredconditionals="0" statements="5" coveredstatements="0" elements="5" coveredelements="0"/>
    </file>
    <file name="D:\code\lumen-7.0.0\coverage\coverage.php">
      <line num="19" type="stmt" count="1"/>
      <line num="23" type="stmt" count="1"/>
      <line num="24" type="stmt" count="0"/>
      <line num="25" type="stmt" count="0"/>
      <metrics loc="26" ncloc="21" classes="0" methods="0" coveredmethods="0" conditionals="0" coveredconditionals="0" statements="4" coveredstatements="2" elements="4" coveredelements="2"/>
    </file>
    <file name="D:\code\lumen-7.0.0\public\index.php">
      <line num="30" type="stmt" count="1"/>
      <metrics loc="31" ncloc="10" classes="0" methods="0" coveredmethods="0" conditionals="0" coveredconditionals="0" statements="1" coveredstatements="1" elements="1" coveredelements="1"/>
    </file>
    <file name="D:\code\lumen-7.0.0\routes\web.php">
      <line num="14" type="stmt" count="1"/>
      <line num="15" type="stmt" count="1"/>
      <line num="16" type="stmt" count="1"/>
      <metrics loc="19" ncloc="9" classes="0" methods="0" coveredmethods="0" conditionals="0" coveredconditionals="0" statements="3" coveredstatements="3" elements="3" coveredelements="3"/>
    </file>
    <file name="D:\code\lumen-7.0.0\vendor\composer\ClassLoader.php">
      <class name="Composer\Autoload\ClassLoader" namespace="global">
        <metrics complexity="71" methods="24" coveredmethods="0" conditionals="0" coveredconditionals="0" statements="147" coveredstatements="9" elements="171" coveredelements="9"/>
      </class>
      <line num="106" type="method" name="__construct" visibility="public" complexity="1" crap="2" count="0"/>
      <line num="108" type="stmt" count="0"/>
      <line num="109" type="stmt" count="0"/>
      <line num="115" type="method" name="getPrefixes" visibility="public" complexity="2" crap="6" count="0"/>
      <line num="117" type="stmt" count="0"/>
      <line num="118" type="stmt" count="0"/>
      <line num="121" type="stmt" count="0"/>
      <line num="127" type="method" name="getPrefixesPsr4" visibility="public" complexity="1" crap="2" count="0"/>
      <line num="129" type="stmt" count="0"/>
      <line num="135" type="method" name="getFallbackDirs" visibility="public" complexity="1" crap="2" count="0"/>
      <line num="137" type="stmt" count="0"/>
      <line num="143" type="method" name="getFallbackDirsPsr4" visibility="public" complexity="1" crap="2" count="0"/>
      <line num="145" type="stmt" count="0"/>
      <line num="151" type="method" name="getClassMap" visibility="public" complexity="1" crap="2" count="0"/>
      <line num="153" type="stmt" count="0"/>
      <line num="161" type="method" name="addClassMap" visibility="public" complexity="2" crap="6" count="0"/>
      <line num="163" type="stmt" count="0"/>
      <line num="164" type="stmt" count="0"/>
      <line num="166" type="stmt" count="0"/>
      <line num="180" type="method" name="add" visibility="public" complexity="5" crap="30" count="0"/>
      <line num="182" type="stmt" count="0"/>
      <line num="183" type="stmt" count="0"/>
      <line num="184" type="stmt" count="0"/>
      <line num="185" type="stmt" count="0"/>
      <line num="186" type="stmt" count="0"/>
      <line num="187" type="stmt" count="0"/>
      <line num="188" type="stmt" count="0"/>
      <line num="190" type="stmt" count="0"/>
      <line num="191" type="stmt" count="0"/>
      <line num="192" type="stmt" count="0"/>
      <line num="193" type="stmt" count="0"/>
      <line num="196" type="stmt" count="0"/>
      <line num="199" type="stmt" count="0"/>
      <line num="200" type="stmt" count="0"/>
      <line num="201" type="stmt" count="0"/>
      <line num="203" type="stmt" count="0"/>
      <line num="205" type="stmt" count="0"/>
      <line num="206" type="stmt" count="0"/>
      <line num="207" type="stmt" count="0"/>
      <line num="208" type="stmt" count="0"/>
      <line num="209" type="stmt" count="0"/>
      <line num="211" type="stmt" count="0"/>
      <line num="212" type="stmt" count="0"/>
      <line num="213" type="stmt" count="0"/>
      <line num="214" type="stmt" count="0"/>
      <line num="230" type="method" name="addPsr4" visibility="public" complexity="6" crap="42" count="0"/>
      <line num="232" type="stmt" count="0"/>
      <line num="233" type="stmt" count="0"/>
      <line num="235" type="stmt" count="0"/>
      <line num="236" type="stmt" count="0"/>
      <line num="237" type="stmt" count="0"/>
      <line num="238" type="stmt" count="0"/>
      <line num="239" type="stmt" count="0"/>
      <line num="241" type="stmt" count="0"/>
      <line num="242" type="stmt" count="0"/>
      <line num="243" type="stmt" count="0"/>
      <line num="244" type="stmt" count="0"/>
      <line num="246" type="stmt" count="0"/>
      <line num="248" type="stmt" count="0"/>
      <line num="249" type="stmt" count="0"/>
      <line num="250" type="stmt" count="0"/>
      <line num="252" type="stmt" count="0"/>
      <line num="253" type="stmt" count="0"/>
      <line num="254" type="stmt" count="0"/>
      <line num="256" type="stmt" count="0"/>
      <line num="257" type="stmt" count="0"/>
      <line num="258" type="stmt" count="0"/>
      <line num="259" type="stmt" count="0"/>
      <line num="262" type="stmt" count="0"/>
      <line num="263" type="stmt" count="0"/>
      <line num="264" type="stmt" count="0"/>
      <line num="265" type="stmt" count="0"/>
      <line num="278" type="method" name="set" visibility="public" complexity="2" crap="6" count="0"/>
      <line num="280" type="stmt" count="0"/>
      <line num="281" type="stmt" count="0"/>
      <line num="283" type="stmt" count="0"/>
      <line num="298" type="method" name="setPsr4" visibility="public" complexity="3" crap="12" count="0"/>
      <line num="300" type="stmt" count="0"/>
      <line num="301" type="stmt" count="0"/>
      <line num="303" type="stmt" count="0"/>
      <line num="304" type="stmt" count="0"/>
      <line num="305" type="stmt" count="0"/>
      <line num="307" type="stmt" count="0"/>
      <line num="308" type="stmt" count="0"/>
      <line num="319" type="method" name="setUseIncludePath" visibility="public" complexity="1" crap="2" count="0"/>
      <line num="321" type="stmt" count="0"/>
      <line num="330" type="method" name="getUseIncludePath" visibility="public" complexity="1" crap="2" count="0"/>
      <line num="332" type="stmt" count="0"/>
      <line num="343" type="method" name="setClassMapAuthoritative" visibility="public" complexity="1" crap="2" count="0"/>
      <line num="345" type="stmt" count="0"/>
      <line num="353" type="method" name="isClassMapAuthoritative" visibility="public" complexity="1" crap="2" count="0"/>
      <line num="355" type="stmt" count="0"/>
      <line num="365" type="method" name="setApcuPrefix" visibility="public" complexity="3" crap="12" count="0"/>
      <line num="367" type="stmt" count="0"/>
      <line num="375" type="method" name="getApcuPrefix" visibility="public" complexity="1" crap="2" count="0"/>
      <line num="377" type="stmt" count="0"/>
      <line num="387" type="method" name="register" visibility="public" complexity="3" crap="12" count="0"/>
      <line num="389" type="stmt" count="0"/>
      <line num="391" type="stmt" count="0"/>
      <line num="392" type="stmt" count="0"/>
      <line num="395" type="stmt" count="0"/>
      <line num="396" type="stmt" count="0"/>
      <line num="398" type="stmt" count="0"/>
      <line num="399" type="stmt" count="0"/>
      <line num="408" type="method" name="unregister" visibility="public" complexity="2" crap="6" count="0"/>
      <line num="410" type="stmt" count="0"/>
      <line num="412" type="stmt" count="0"/>
      <line num="413" type="stmt" count="0"/>
      <line num="423" type="method" name="loadClass" visibility="public" complexity="2" crap="2.03" count="1"/>
      <line num="425" type="stmt" count="1"/>
      <line num="426" type="stmt" count="1"/>
      <line num="427" type="stmt" count="1"/>
      <line num="429" type="stmt" count="1"/>
      <line num="432" type="stmt" count="0"/>
      <line num="442" type="method" name="findFile" visibility="public" complexity="10" crap="76.99" count="1"/>
      <line num="445" type="stmt" count="1"/>
      <line num="446" type="stmt" count="1"/>
      <line num="448" type="stmt" count="0"/>
      <line num="449" type="stmt" count="0"/>
      <line num="451" type="stmt" count="0"/>
      <line num="452" type="stmt" count="0"/>
      <line num="453" type="stmt" count="0"/>
      <line num="454" type="stmt" count="0"/>
      <line num="458" type="stmt" count="0"/>
      <line num="461" type="stmt" count="0"/>
      <line num="462" type="stmt" count="0"/>
      <line num="465" type="stmt" count="0"/>
      <line num="466" type="stmt" count="0"/>
      <line num="469" type="stmt" count="0"/>
      <line num="471" type="stmt" count="0"/>
      <line num="474" type="stmt" count="0"/>
      <line num="482" type="method" name="getRegisteredLoaders" visibility="public" complexity="1" crap="2" count="0"/>
      <line num="484" type="stmt" count="0"/>
      <line num="492" type="method" name="findFileWithExtension" visibility="private" complexity="18" crap="342" count="0"/>
      <line num="495" type="stmt" count="0"/>
      <line num="497" type="stmt" count="0"/>
      <line num="498" type="stmt" count="0"/>
      <line num="499" type="stmt" count="0"/>
      <line num="500" type="stmt" count="0"/>
      <line num="501" type="stmt" count="0"/>
      <line num="502" type="stmt" count="0"/>
      <line num="503" type="stmt" count="0"/>
      <line num="504" type="stmt" count="0"/>
      <line num="505" type="stmt" count="0"/>
      <line num="506" type="stmt" count="0"/>
      <line num="507" type="stmt" count="0"/>
      <line num="515" type="stmt" count="0"/>
      <line num="516" type="stmt" count="0"/>
      <line num="517" type="stmt" count="0"/>
      <line num="522" type="stmt" count="0"/>
      <line num="524" type="stmt" count="0"/>
      <line num="525" type="stmt" count="0"/>
      <line num="528" type="stmt" count="0"/>
      <line num="531" type="stmt" count="0"/>
      <line num="532" type="stmt" count="0"/>
      <line num="533" type="stmt" count="0"/>
      <line num="534" type="stmt" count="0"/>
      <line num="535" type="stmt" count="0"/>
      <line num="536" type="stmt" count="0"/>
      <line num="544" type="stmt" count="0"/>
      <line num="545" type="stmt" count="0"/>
      <line num="546" type="stmt" count="0"/>
      <line num="551" type="stmt" count="0"/>
      <line num="552" type="stmt" count="0"/>
      <line num="555" type="stmt" count="0"/>
      <line num="561" type="method" name="initializeIncludeClosure" visibility="private" complexity="2" crap="2.26" count="1"/>
      <line num="563" type="stmt" count="0"/>
      <line num="564" type="stmt" count="0"/>
      <line num="575" type="stmt" count="1"/>
      <line num="576" type="stmt" count="1"/>
      <line num="577" type="stmt" count="1"/>
      <metrics loc="580" ncloc="345" classes="1" methods="24" coveredmethods="0" conditionals="0" coveredconditionals="0" statements="147" coveredstatements="9" elements="171" coveredelements="9"/>
    </file>
    <file name="D:\code\lumen-7.0.0\vendor\composer\autoload_real.php">
      <class name="ComposerAutoloaderInita896123cb6947ca6ac0cabdcc0f1c0f0" namespace="global">
        <metrics complexity="6" methods="2" coveredmethods="0" conditionals="0" coveredconditionals="0" statements="20" coveredstatements="0" elements="22" coveredelements="0"/>
      </class>
      <line num="9" type="method" name="loadClassLoader" visibility="public" complexity="2" crap="6" count="0"/>
      <line num="11" type="stmt" count="0"/>
      <line num="12" type="stmt" count="0"/>
      <line num="19" type="method" name="getLoader" visibility="public" complexity="4" crap="20" count="0"/>
      <line num="21" type="stmt" count="0"/>
      <line num="22" type="stmt" count="0"/>
      <line num="25" type="stmt" count="0"/>
      <line num="27" type="stmt" count="0"/>
      <line num="28" type="stmt" count="0"/>
      <line num="29" type="stmt" count="0"/>
      <line num="31" type="stmt" count="0"/>
      <line num="32" type="stmt" count="0"/>
      <line num="34" type="stmt" count="0"/>
      <line num="36" type="stmt" count="0"/>
      <line num="37" type="stmt" count="0"/>
      <line num="38" type="stmt" count="0"/>
      <line num="39" type="stmt" count="0"/>
      <line num="41" type="stmt" count="0"/>
      <line num="43" type="stmt" count="0"/>
      <line num="44" type="stmt" count="0"/>
      <line num="45" type="stmt" count="0"/>
      <line num="48" type="stmt" count="0"/>
      <metrics loc="51" ncloc="47" classes="1" methods="2" coveredmethods="0" conditionals="0" coveredconditionals="0" statements="20" coveredstatements="0" elements="22" coveredelements="0"/>
    </file>
    <file name="D:\code\lumen-7.0.0\vendor\composer\autoload_static.php">
      <class name="Composer\Autoload\ComposerStaticInita896123cb6947ca6ac0cabdcc0f1c0f0" namespace="global">
        <metrics complexity="1" methods="1" coveredmethods="0" conditionals="0" coveredconditionals="0" statements="5" coveredstatements="0" elements="6" coveredelements="0"/>
      </class>
      <line num="3919" type="method" name="getInitializer" visibility="public" complexity="1" crap="2" count="0"/>
      <line num="3921" type="stmt" count="0"/>
      <line num="3922" type="stmt" count="0"/>
      <line num="3923" type="stmt" count="0"/>
      <line num="3924" type="stmt" count="0"/>
      <line num="3926" type="stmt" count="0"/>
      <metrics loc="3929" ncloc="3928" classes="1" methods="1" coveredmethods="0" conditionals="0" coveredconditionals="0" statements="5" coveredstatements="0" elements="6" coveredelements="0"/>
    </file>
    <file name="D:\code\lumen-7.0.0\vendor\illuminate\config\Repository.php">
      <class name="Illuminate\Config\Repository" namespace="global">
        <metrics complexity="17" methods="12" coveredmethods="0" conditionals="0" coveredconditionals="0" statements="25" coveredstatements="0" elements="37" coveredelements="0"/>
      </class>
      <line num="24" type="method" name="__construct" visibility="public" complexity="1" crap="2" count="0"/>
      <line num="26" type="stmt" count="0"/>
      <line num="35" type="method" name="has" visibility="public" complexity="1" crap="2" count="0"/>
      <line num="37" type="stmt" count="0"/>
      <line num="47" type="method" name="get" visibility="public" complexity="2" crap="6" count="0"/>
      <line num="49" type="stmt" count="0"/>
      <line num="50" type="stmt" count="0"/>
      <line num="53" type="stmt" count="0"/>
      <line num="62" type="method" name="getMany" visibility="public" complexity="3" crap="12" count="0"/>
      <line num="64" type="stmt" count="0"/>
      <line num="66" type="stmt" count="0"/>
      <line num="67" type="stmt" count="0"/>
      <line num="68" type="stmt" count="0"/>
      <line num="71" type="stmt" count="0"/>
      <line num="74" type="stmt" count="0"/>
      <line num="84" type="method" name="set" visibility="public" complexity="3" crap="12" count="0"/>
      <line num="86" type="stmt" count="0"/>
      <line num="88" type="stmt" count="0"/>
      <line num="89" type="stmt" count="0"/>
      <line num="100" type="method" name="prepend" visibility="public" complexity="1" crap="2" count="0"/>
      <line num="102" type="stmt" count="0"/>
      <line num="104" type="stmt" count="0"/>
      <line num="106" type="stmt" count="0"/>
      <line num="116" type="method" name="push" visibility="public" complexity="1" crap="2" count="0"/>
      <line num="118" type="stmt" count="0"/>
      <line num="120" type="stmt" count="0"/>
      <line num="122" type="stmt" count="0"/>
      <line num="130" type="method" name="all" visibility="public" complexity="1" crap="2" count="0"/>
      <line num="132" type="stmt" count="0"/>
      <line num="141" type="method" name="offsetExists" visibility="public" complexity="1" crap="2" count="0"/>
      <line num="143" type="stmt" count="0"/>
      <line num="152" type="method" name="offsetGet" visibility="public" complexity="1" crap="2" count="0"/>
      <line num="154" type="stmt" count="0"/>
      <line num="164" type="method" name="offsetSet" visibility="public" complexity="1" crap="2" count="0"/>
      <line num="166" type="stmt" count="0"/>
      <line num="175" type="method" name="offsetUnset" visibility="public" complexity="1" crap="2" count="0"/>
      <line num="177" type="stmt" count="0"/>
      <metrics loc="180" ncloc="99" classes="1" methods="12" coveredmethods="0" conditionals="0" coveredconditionals="0" statements="25" coveredstatements="0" elements="37" coveredelements="0"/>
    </file>
    <file name="D:\code\lumen-7.0.0\vendor\illuminate\container\BoundMethod.php">
      <class name="Illuminate\Container\BoundMethod" namespace="global">
        <metrics complexity="31" methods="8" coveredmethods="2" conditionals="0" coveredconditionals="0" statements="48" coveredstatements="21" elements="56" coveredelements="23"/>
      </class>
      <line num="25" type="method" name="call" visibility="public" complexity="6" crap="6.84" count="1"/>
      <line num="27" type="stmt" count="1"/>
      <line num="28" type="stmt" count="0"/>
      <line num="31" type="stmt" count="1"/>
      <line num="32" type="stmt" count="0"/>
      <line num="35" type="stmt" count="1"/>
      <line num="36" type="stmt" count="1"/>
      <line num="37" type="stmt" count="1"/>
      <line num="51" type="method" name="callClass" visibility="protected" complexity="3" crap="12" count="0"/>
      <line num="53" type="stmt" count="0"/>
      <line num="58" type="stmt" count="0"/>
      <line num="59" type="stmt" count="0"/>
      <line num="61" type="stmt" count="0"/>
      <line num="62" type="stmt" count="0"/>
      <line num="65" type="stmt" count="0"/>
      <line num="66" type="stmt" count="0"/>
      <line num="67" type="stmt" count="0"/>
      <line num="78" type="method" name="callBoundMethod" visibility="protected" complexity="3" crap="3.04" count="1"/>
      <line num="80" type="stmt" count="1"/>
      <line num="81" type="stmt" count="1"/>
      <line num="87" type="stmt" count="1"/>
      <line num="89" type="stmt" count="1"/>
      <line num="90" type="stmt" count="0"/>
      <line num="93" type="stmt" count="1"/>
      <line num="102" type="method" name="normalizeMethod" visibility="protected" complexity="2" crap="2" count="1"/>
      <line num="104" type="stmt" count="1"/>
      <line num="106" type="stmt" count="1"/>
      <line num="119" type="method" name="getMethodDependencies" visibility="protected" complexity="2" crap="2.06" count="1"/>
      <line num="121" type="stmt" count="1"/>
      <line num="123" type="stmt" count="1"/>
      <line num="124" type="stmt" count="0"/>
      <line num="127" type="stmt" count="1"/>
      <line num="138" type="method" name="getCallReflector" visibility="protected" complexity="6" crap="6.84" count="1"/>
      <line num="140" type="stmt" count="1"/>
      <line num="141" type="stmt" count="0"/>
      <line num="142" type="stmt" count="1"/>
      <line num="143" type="stmt" count="0"/>
      <line num="146" type="stmt" count="1"/>
      <line num="147" type="stmt" count="1"/>
      <line num="148" type="stmt" count="1"/>
      <line num="160" type="method" name="addDependencyForCallParameter" visibility="protected" complexity="7" crap="56" count="0"/>
      <line num="163" type="stmt" count="0"/>
      <line num="164" type="stmt" count="0"/>
      <line num="166" type="stmt" count="0"/>
      <line num="167" type="stmt" count="0"/>
      <line num="168" type="stmt" count="0"/>
      <line num="169" type="stmt" count="0"/>
      <line num="171" type="stmt" count="0"/>
      <line num="173" type="stmt" count="0"/>
      <line num="175" type="stmt" count="0"/>
      <line num="176" type="stmt" count="0"/>
      <line num="177" type="stmt" count="0"/>
      <line num="178" type="stmt" count="0"/>
      <line num="180" type="stmt" count="0"/>
      <line num="190" type="method" name="isCallableWithAtSign" visibility="protected" complexity="2" crap="2" count="1"/>
      <line num="192" type="stmt" count="1"/>
      <metrics loc="195" ncloc="119" classes="1" methods="8" coveredmethods="2" conditionals="0" coveredconditionals="0" statements="48" coveredstatements="21" elements="56" coveredelements="23"/>
    </file>
    <file name="D:\code\lumen-7.0.0\vendor\illuminate\container\Container.php">
      <class name="Illuminate\Container\Container" namespace="global">
        <metrics complexity="149" methods="69" coveredmethods="15" conditionals="0" coveredconditionals="0" statements="254" coveredstatements="75" elements="323" coveredelements="90"/>
      </class>
      <line num="142" type="method" name="when" visibility="public" complexity="2" crap="6" count="0"/>
      <line num="144" type="stmt" count="0"/>
      <line num="146" type="stmt" count="0"/>
      <line num="147" type="stmt" count="0"/>
      <line num="150" type="stmt" count="0"/>
      <line num="159" type="method" name="bound" visibility="public" complexity="3" crap="3" count="1"/>
      <line num="161" type="stmt" count="1"/>
      <line num="162" type="stmt" count="1"/>
      <line num="163" type="stmt" count="1"/>
      <line num="169" type="method" name="has" visibility="public" complexity="1" crap="2" count="0"/>
      <line num="171" type="stmt" count="0"/>
      <line num="180" type="method" name="resolved" visibility="public" complexity="3" crap="12" count="0"/>
      <line num="182" type="stmt" count="0"/>
      <line num="183" type="stmt" count="0"/>
      <line num="186" type="stmt" count="0"/>
      <line num="187" type="stmt" count="0"/>
      <line num="196" type="method" name="isShared" visibility="public" complexity="3" crap="3" count="1"/>
      <line num="198" type="stmt" count="1"/>
      <line num="199" type="stmt" count="1"/>
      <line num="200" type="stmt" count="1"/>
      <line num="209" type="method" name="isAlias" visibility="public" complexity="1" crap="1" count="1"/>
      <line num="211" type="stmt" count="1"/>
      <line num="222" type="method" name="bind" visibility="public" complexity="5" crap="30" count="0"/>
      <line num="224" type="stmt" count="0"/>
      <line num="229" type="stmt" count="0"/>
      <line num="230" type="stmt" count="0"/>
      <line num="236" type="stmt" count="0"/>
      <line num="237" type="stmt" count="0"/>
      <line num="238" type="stmt" count="0"/>
      <line num="241" type="stmt" count="0"/>
      <line num="244" type="stmt" count="0"/>
      <line num="249" type="stmt" count="0"/>
      <line num="250" type="stmt" count="0"/>
      <line num="261" type="method" name="getClosure" visibility="protected" complexity="2" crap="6" count="0"/>
      <line num="263" type="stmt" count="0"/>
      <line num="264" type="stmt" count="0"/>
      <line num="265" type="stmt" count="0"/>
      <line num="268" type="stmt" count="0"/>
      <line num="269" type="stmt" count="0"/>
      <line num="270" type="stmt" count="0"/>
      <line num="271" type="stmt" count="0"/>
      <line num="280" type="method" name="hasMethodBinding" visibility="public" complexity="1" crap="1" count="1"/>
      <line num="282" type="stmt" count="1"/>
      <line num="292" type="method" name="bindMethod" visibility="public" complexity="1" crap="2" count="0"/>
      <line num="294" type="stmt" count="0"/>
      <line num="303" type="method" name="parseBindMethod" visibility="protected" complexity="2" crap="6" count="0"/>
      <line num="305" type="stmt" count="0"/>
      <line num="306" type="stmt" count="0"/>
      <line num="309" type="stmt" count="0"/>
      <line num="319" type="method" name="callMethodBinding" visibility="public" complexity="1" crap="2" count="0"/>
      <line num="321" type="stmt" count="0"/>
      <line num="332" type="method" name="addContextualBinding" visibility="public" complexity="1" crap="2" count="0"/>
      <line num="334" type="stmt" count="0"/>
      <line num="345" type="method" name="bindIf" visibility="public" complexity="2" crap="6" count="0"/>
      <line num="347" type="stmt" count="0"/>
      <line num="348" type="stmt" count="0"/>
      <line num="359" type="method" name="singleton" visibility="public" complexity="1" crap="2" count="0"/>
      <line num="361" type="stmt" count="0"/>
      <line num="371" type="method" name="singletonIf" visibility="public" complexity="2" crap="6" count="0"/>
      <line num="373" type="stmt" count="0"/>
      <line num="374" type="stmt" count="0"/>
      <line num="387" type="method" name="extend" visibility="public" complexity="3" crap="12" count="0"/>
      <line num="389" type="stmt" count="0"/>
      <line num="391" type="stmt" count="0"/>
      <line num="392" type="stmt" count="0"/>
      <line num="394" type="stmt" count="0"/>
      <line num="396" type="stmt" count="0"/>
      <line num="398" type="stmt" count="0"/>
      <line num="399" type="stmt" count="0"/>
      <line num="411" type="method" name="instance" visibility="public" complexity="2" crap="2" count="1"/>
      <line num="413" type="stmt" count="1"/>
      <line num="415" type="stmt" count="1"/>
      <line num="417" type="stmt" count="1"/>
      <line num="422" type="stmt" count="1"/>
      <line num="424" type="stmt" count="1"/>
      <line num="425" type="stmt" count="1"/>
      <line num="428" type="stmt" count="1"/>
      <line num="437" type="method" name="removeAbstractAlias" visibility="protected" complexity="5" crap="12.41" count="1"/>
      <line num="439" type="stmt" count="1"/>
      <line num="440" type="stmt" count="1"/>
      <line num="443" type="stmt" count="0"/>
      <line num="444" type="stmt" count="0"/>
      <line num="445" type="stmt" count="0"/>
      <line num="446" type="stmt" count="0"/>
      <line num="459" type="method" name="tag" visibility="public" complexity="5" crap="30" count="0"/>
      <line num="461" type="stmt" count="0"/>
      <line num="463" type="stmt" count="0"/>
      <line num="464" type="stmt" count="0"/>
      <line num="465" type="stmt" count="0"/>
      <line num="468" type="stmt" count="0"/>
      <line num="469" type="stmt" count="0"/>
      <line num="480" type="method" name="tagged" visibility="public" complexity="3" crap="12" count="0"/>
      <line num="482" type="stmt" count="0"/>
      <line num="483" type="stmt" count="0"/>
      <line num="486" type="stmt" count="0"/>
      <line num="487" type="stmt" count="0"/>
      <line num="488" type="stmt" count="0"/>
      <line num="490" type="stmt" count="0"/>
      <line num="502" type="method" name="alias" visibility="public" complexity="2" crap="6" count="0"/>
      <line num="504" type="stmt" count="0"/>
      <line num="505" type="stmt" count="0"/>
      <line num="508" type="stmt" count="0"/>
      <line num="510" type="stmt" count="0"/>
      <line num="520" type="method" name="rebinding" visibility="public" complexity="2" crap="6" count="0"/>
      <line num="522" type="stmt" count="0"/>
      <line num="524" type="stmt" count="0"/>
      <line num="525" type="stmt" count="0"/>
      <line num="537" type="method" name="refresh" visibility="public" complexity="1" crap="2" count="0"/>
      <line num="539" type="stmt" count="0"/>
      <line num="540" type="stmt" count="0"/>
      <line num="541" type="stmt" count="0"/>
      <line num="550" type="method" name="rebound" visibility="protected" complexity="2" crap="2.15" count="1"/>
      <line num="552" type="stmt" count="1"/>
      <line num="554" type="stmt" count="1"/>
      <line num="555" type="stmt" count="0"/>
      <line num="565" type="method" name="getReboundCallbacks" visibility="protected" complexity="1" crap="1" count="1"/>
      <line num="567" type="stmt" count="1"/>
      <line num="577" type="method" name="wrap" visibility="public" complexity="1" crap="2" count="0"/>
      <line num="579" type="stmt" count="0"/>
      <line num="580" type="stmt" count="0"/>
      <line num="581" type="stmt" count="0"/>
      <line num="594" type="method" name="call" visibility="public" complexity="1" crap="1" count="1"/>
      <line num="596" type="stmt" count="1"/>
      <line num="605" type="method" name="factory" visibility="public" complexity="1" crap="2" count="0"/>
      <line num="607" type="stmt" count="0"/>
      <line num="608" type="stmt" count="0"/>
      <line num="609" type="stmt" count="0"/>
      <line num="621" type="method" name="makeWith" visibility="public" complexity="1" crap="2" count="0"/>
      <line num="623" type="stmt" count="0"/>
      <line num="635" type="method" name="make" visibility="public" complexity="1" crap="1" count="1"/>
      <line num="637" type="stmt" count="1"/>
      <line num="643" type="method" name="get" visibility="public" complexity="3" crap="12" count="0"/>
      <line num="646" type="stmt" count="0"/>
      <line num="647" type="stmt" count="0"/>
      <line num="648" type="stmt" count="0"/>
      <line num="649" type="stmt" count="0"/>
      <line num="652" type="stmt" count="0"/>
      <line num="666" type="method" name="resolve" visibility="protected" complexity="10" crap="10.34" count="1"/>
      <line num="668" type="stmt" count="1"/>
      <line num="670" type="stmt" count="1"/>
      <line num="672" type="stmt" count="1"/>
      <line num="677" type="stmt" count="1"/>
      <line num="678" type="stmt" count="1"/>
      <line num="681" type="stmt" count="1"/>
      <line num="683" type="stmt" count="1"/>
      <line num="684" type="stmt" count="1"/>
      <line num="690" type="stmt" count="1"/>
      <line num="691" type="stmt" count="1"/>
      <line num="693" type="stmt" count="0"/>
      <line num="699" type="stmt" count="1"/>
      <line num="700" type="stmt" count="0"/>
      <line num="706" type="stmt" count="1"/>
      <line num="707" type="stmt" count="0"/>
      <line num="710" type="stmt" count="1"/>
      <line num="711" type="stmt" count="1"/>
      <line num="717" type="stmt" count="1"/>
      <line num="719" type="stmt" count="1"/>
      <line num="721" type="stmt" count="1"/>
      <line num="730" type="method" name="getConcrete" visibility="protected" complexity="2" crap="2.15" count="1"/>
      <line num="735" type="stmt" count="1"/>
      <line num="736" type="stmt" count="0"/>
      <line num="739" type="stmt" count="1"/>
      <line num="748" type="method" name="getContextualConcrete" visibility="protected" complexity="5" crap="9.66" count="1"/>
      <line num="750" type="stmt" count="1"/>
      <line num="751" type="stmt" count="0"/>
      <line num="757" type="stmt" count="1"/>
      <line num="758" type="stmt" count="1"/>
      <line num="761" type="stmt" count="0"/>
      <line num="762" type="stmt" count="0"/>
      <line num="763" type="stmt" count="0"/>
      <line num="774" type="method" name="findInContextualBindings" visibility="protected" complexity="1" crap="1" count="1"/>
      <line num="776" type="stmt" count="1"/>
      <line num="786" type="method" name="isBuildable" visibility="protected" complexity="2" crap="2" count="1"/>
      <line num="788" type="stmt" count="1"/>
      <line num="799" type="method" name="build" visibility="public" complexity="6" crap="12.99" count="1"/>
      <line num="804" type="stmt" count="1"/>
      <line num="805" type="stmt" count="0"/>
      <line num="809" type="stmt" count="1"/>
      <line num="810" type="stmt" count="0"/>
      <line num="811" type="stmt" count="0"/>
      <line num="817" type="stmt" count="1"/>
      <line num="818" type="stmt" count="0"/>
      <line num="821" type="stmt" count="1"/>
      <line num="823" type="stmt" count="1"/>
      <line num="828" type="stmt" count="1"/>
      <line num="829" type="stmt" count="1"/>
      <line num="831" type="stmt" count="1"/>
      <line num="834" type="stmt" count="0"/>
      <line num="840" type="stmt" count="0"/>
      <line num="841" type="stmt" count="0"/>
      <line num="842" type="stmt" count="0"/>
      <line num="844" type="stmt" count="0"/>
      <line num="847" type="stmt" count="0"/>
      <line num="849" type="stmt" count="0"/>
      <line num="860" type="method" name="resolveDependencies" visibility="protected" complexity="5" crap="30" count="0"/>
      <line num="862" type="stmt" count="0"/>
      <line num="864" type="stmt" count="0"/>
      <line num="868" type="stmt" count="0"/>
      <line num="869" type="stmt" count="0"/>
      <line num="871" type="stmt" count="0"/>
      <line num="877" type="stmt" count="0"/>
      <line num="878" type="stmt" count="0"/>
      <line num="879" type="stmt" count="0"/>
      <line num="881" type="stmt" count="0"/>
      <line num="882" type="stmt" count="0"/>
      <line num="884" type="stmt" count="0"/>
      <line num="888" type="stmt" count="0"/>
      <line num="897" type="method" name="hasParameterOverride" visibility="protected" complexity="1" crap="2" count="0"/>
      <line num="899" type="stmt" count="0"/>
      <line num="900" type="stmt" count="0"/>
      <line num="901" type="stmt" count="0"/>
      <line num="910" type="method" name="getParameterOverride" visibility="protected" complexity="1" crap="2" count="0"/>
      <line num="912" type="stmt" count="0"/>
      <line num="920" type="method" name="getLastParameterOverride" visibility="protected" complexity="2" crap="6" count="0"/>
      <line num="922" type="stmt" count="0"/>
      <line num="933" type="method" name="resolvePrimitive" visibility="protected" complexity="4" crap="20" count="0"/>
      <line num="935" type="stmt" count="0"/>
      <line num="936" type="stmt" count="0"/>
      <line num="939" type="stmt" count="0"/>
      <line num="940" type="stmt" count="0"/>
      <line num="943" type="stmt" count="0"/>
      <line num="954" type="method" name="resolveClass" visibility="protected" complexity="5" crap="30" count="0"/>
      <line num="957" type="stmt" count="0"/>
      <line num="958" type="stmt" count="0"/>
      <line num="959" type="stmt" count="0"/>
      <line num="965" type="stmt" count="0"/>
      <line num="966" type="stmt" count="0"/>
      <line num="967" type="stmt" count="0"/>
      <line num="970" type="stmt" count="0"/>
      <line num="971" type="stmt" count="0"/>
      <line num="974" type="stmt" count="0"/>
      <line num="984" type="method" name="resolveVariadicClass" visibility="protected" complexity="2" crap="6" count="0"/>
      <line num="986" type="stmt" count="0"/>
      <line num="988" type="stmt" count="0"/>
      <line num="990" type="stmt" count="0"/>
      <line num="991" type="stmt" count="0"/>
      <line num="994" type="stmt" count="0"/>
      <line num="995" type="stmt" count="0"/>
      <line num="996" type="stmt" count="0"/>
      <line num="1007" type="method" name="notInstantiable" visibility="protected" complexity="2" crap="6" count="0"/>
      <line num="1009" type="stmt" count="0"/>
      <line num="1010" type="stmt" count="0"/>
      <line num="1012" type="stmt" count="0"/>
      <line num="1014" type="stmt" count="0"/>
      <line num="1017" type="stmt" count="0"/>
      <line num="1028" type="method" name="unresolvablePrimitive" visibility="protected" complexity="1" crap="2" count="0"/>
      <line num="1030" type="stmt" count="0"/>
      <line num="1032" type="stmt" count="0"/>
      <line num="1042" type="method" name="resolving" visibility="public" complexity="4" crap="20" count="0"/>
      <line num="1044" type="stmt" count="0"/>
      <line num="1045" type="stmt" count="0"/>
      <line num="1048" type="stmt" count="0"/>
      <line num="1049" type="stmt" count="0"/>
      <line num="1051" type="stmt" count="0"/>
      <line num="1062" type="method" name="afterResolving" visibility="public" complexity="4" crap="20" count="0"/>
      <line num="1064" type="stmt" count="0"/>
      <line num="1065" type="stmt" count="0"/>
      <line num="1068" type="stmt" count="0"/>
      <line num="1069" type="stmt" count="0"/>
      <line num="1071" type="stmt" count="0"/>
      <line num="1082" type="method" name="fireResolvingCallbacks" visibility="protected" complexity="1" crap="1" count="1"/>
      <line num="1084" type="stmt" count="1"/>
      <line num="1086" type="stmt" count="1"/>
      <line num="1087" type="stmt" count="1"/>
      <line num="1088" type="stmt" count="1"/>
      <line num="1090" type="stmt" count="1"/>
      <line num="1100" type="method" name="fireAfterResolvingCallbacks" visibility="protected" complexity="1" crap="1" count="1"/>
      <line num="1102" type="stmt" count="1"/>
      <line num="1104" type="stmt" count="1"/>
      <line num="1105" type="stmt" count="1"/>
      <line num="1106" type="stmt" count="1"/>
      <line num="1117" type="method" name="getCallbacksForType" visibility="protected" complexity="4" crap="5.02" count="1"/>
      <line num="1119" type="stmt" count="1"/>
      <line num="1121" type="stmt" count="1"/>
      <line num="1122" type="stmt" count="0"/>
      <line num="1123" type="stmt" count="0"/>
      <line num="1127" type="stmt" count="1"/>
      <line num="1137" type="method" name="fireCallbackArray" visibility="protected" complexity="2" crap="2.50" count="1"/>
      <line num="1139" type="stmt" count="1"/>
      <line num="1140" type="stmt" count="0"/>
      <line num="1149" type="method" name="getBindings" visibility="public" complexity="1" crap="2" count="0"/>
      <line num="1151" type="stmt" count="0"/>
      <line num="1160" type="method" name="getAlias" visibility="public" complexity="2" crap="2" count="1"/>
      <line num="1162" type="stmt" count="1"/>
      <line num="1163" type="stmt" count="1"/>
      <line num="1166" type="stmt" count="1"/>
      <line num="1175" type="method" name="getExtenders" visibility="protected" complexity="1" crap="1" count="1"/>
      <line num="1177" type="stmt" count="1"/>
      <line num="1179" type="stmt" count="1"/>
      <line num="1188" type="method" name="forgetExtenders" visibility="public" complexity="1" crap="2" count="0"/>
      <line num="1190" type="stmt" count="0"/>
      <line num="1199" type="method" name="dropStaleInstances" visibility="protected" complexity="1" crap="2" count="0"/>
      <line num="1201" type="stmt" count="0"/>
      <line num="1210" type="method" name="forgetInstance" visibility="public" complexity="1" crap="2" count="0"/>
      <line num="1212" type="stmt" count="0"/>
      <line num="1220" type="method" name="forgetInstances" visibility="public" complexity="1" crap="2" count="0"/>
      <line num="1222" type="stmt" count="0"/>
      <line num="1230" type="method" name="flush" visibility="public" complexity="1" crap="2" count="0"/>
      <line num="1232" type="stmt" count="0"/>
      <line num="1233" type="stmt" count="0"/>
      <line num="1234" type="stmt" count="0"/>
      <line num="1235" type="stmt" count="0"/>
      <line num="1236" type="stmt" count="0"/>
      <line num="1244" type="method" name="getInstance" visibility="public" complexity="2" crap="2.15" count="1"/>
      <line num="1246" type="stmt" count="1"/>
      <line num="1247" type="stmt" count="0"/>
      <line num="1250" type="stmt" count="1"/>
      <line num="1259" type="method" name="setInstance" visibility="public" complexity="1" crap="2" count="0"/>
      <line num="1261" type="stmt" count="0"/>
      <line num="1270" type="method" name="offsetExists" visibility="public" complexity="1" crap="2" count="0"/>
      <line num="1272" type="stmt" count="0"/>
      <line num="1281" type="method" name="offsetGet" visibility="public" complexity="1" crap="1" count="1"/>
      <line num="1283" type="stmt" count="1"/>
      <line num="1293" type="method" name="offsetSet" visibility="public" complexity="2" crap="6" count="0"/>
      <line num="1295" type="stmt" count="0"/>
      <line num="1296" type="stmt" count="0"/>
      <line num="1297" type="stmt" count="0"/>
      <line num="1306" type="method" name="offsetUnset" visibility="public" complexity="1" crap="2" count="0"/>
      <line num="1308" type="stmt" count="0"/>
      <line num="1317" type="method" name="__get" visibility="public" complexity="1" crap="2" count="0"/>
      <line num="1319" type="stmt" count="0"/>
      <line num="1329" type="method" name="__set" visibility="public" complexity="1" crap="2" count="0"/>
      <line num="1331" type="stmt" count="0"/>
      <metrics loc="1334" ncloc="733" classes="1" methods="69" coveredmethods="15" conditionals="0" coveredconditionals="0" statements="254" coveredstatements="75" elements="323" coveredelements="90"/>
    </file>
    <file name="D:\code\lumen-7.0.0\vendor\illuminate\container\Util.php">
      <class name="Illuminate\Container\Util" namespace="global">
        <metrics complexity="12" methods="3" coveredmethods="1" conditionals="0" coveredconditionals="0" statements="14" coveredstatements="1" elements="17" coveredelements="2"/>
      </class>
      <line num="18" type="method" name="arrayWrap" visibility="public" complexity="3" crap="12" count="0"/>
      <line num="20" type="stmt" count="0"/>
      <line num="21" type="stmt" count="0"/>
      <line num="24" type="stmt" count="0"/>
      <line num="35" type="method" name="unwrapIfClosure" visibility="public" complexity="2" crap="2" count="1"/>
      <line num="37" type="stmt" count="1"/>
      <line num="48" type="method" name="getParameterClassName" visibility="public" complexity="7" crap="56" count="0"/>
      <line num="50" type="stmt" count="0"/>
      <line num="52" type="stmt" count="0"/>
      <line num="53" type="stmt" count="0"/>
      <line num="56" type="stmt" count="0"/>
      <line num="58" type="stmt" count="0"/>
      <line num="59" type="stmt" count="0"/>
      <line num="60" type="stmt" count="0"/>
      <line num="63" type="stmt" count="0"/>
      <line num="64" type="stmt" count="0"/>
      <line num="68" type="stmt" count="0"/>
      <metrics loc="71" ncloc="47" classes="1" methods="3" coveredmethods="1" conditionals="0" coveredconditionals="0" statements="14" coveredstatements="1" elements="17" coveredelements="2"/>
    </file>
    <file name="D:\code\lumen-7.0.0\vendor\illuminate\contracts\Support\Arrayable.php">
      <metrics loc="14" ncloc="9" classes="0" methods="0" coveredmethods="0" conditionals="0" coveredconditionals="0" statements="0" coveredstatements="0" elements="0" coveredelements="0"/>
    </file>
    <file name="D:\code\lumen-7.0.0\vendor\illuminate\http\Concerns\InteractsWithContentTypes.php">
      <class name="Illuminate\Http\Concerns\InteractsWithContentTypes" namespace="global">
        <metrics complexity="34" methods="10" coveredmethods="1" conditionals="0" coveredconditionals="0" statements="40" coveredstatements="1" elements="50" coveredelements="2"/>
      </class>
      <line num="16" type="method" name="matchesType" visibility="public" complexity="3" crap="12" count="0"/>
      <line num="18" type="stmt" count="0"/>
      <line num="19" type="stmt" count="0"/>
      <line num="22" type="stmt" count="0"/>
      <line num="24" type="stmt" count="0"/>
      <line num="32" type="method" name="isJson" visibility="public" complexity="1" crap="1" count="1"/>
      <line num="34" type="stmt" count="1"/>
      <line num="42" type="method" name="expectsJson" visibility="public" complexity="4" crap="20" count="0"/>
      <line num="44" type="stmt" count="0"/>
      <line num="52" type="method" name="wantsJson" visibility="public" complexity="2" crap="6" count="0"/>
      <line num="54" type="stmt" count="0"/>
      <line num="56" type="stmt" count="0"/>
      <line num="65" type="method" name="accepts" visibility="public" complexity="8" crap="72" count="0"/>
      <line num="67" type="stmt" count="0"/>
      <line num="69" type="stmt" count="0"/>
      <line num="70" type="stmt" count="0"/>
      <line num="73" type="stmt" count="0"/>
      <line num="75" type="stmt" count="0"/>
      <line num="76" type="stmt" count="0"/>
      <line num="77" type="stmt" count="0"/>
      <line num="80" type="stmt" count="0"/>
      <line num="81" type="stmt" count="0"/>
      <line num="82" type="stmt" count="0"/>
      <line num="87" type="stmt" count="0"/>
      <line num="96" type="method" name="prefers" visibility="public" complexity="7" crap="56" count="0"/>
      <line num="98" type="stmt" count="0"/>
      <line num="100" type="stmt" count="0"/>
      <line num="102" type="stmt" count="0"/>
      <line num="103" type="stmt" count="0"/>
      <line num="104" type="stmt" count="0"/>
      <line num="107" type="stmt" count="0"/>
      <line num="108" type="stmt" count="0"/>
      <line num="110" type="stmt" count="0"/>
      <line num="111" type="stmt" count="0"/>
      <line num="114" type="stmt" count="0"/>
      <line num="115" type="stmt" count="0"/>
      <line num="126" type="method" name="acceptsAnyContentType" visibility="public" complexity="4" crap="20" count="0"/>
      <line num="128" type="stmt" count="0"/>
      <line num="130" type="stmt" count="0"/>
      <line num="131" type="stmt" count="0"/>
      <line num="132" type="stmt" count="0"/>
      <line num="140" type="method" name="acceptsJson" visibility="public" complexity="1" crap="2" count="0"/>
      <line num="142" type="stmt" count="0"/>
      <line num="150" type="method" name="acceptsHtml" visibility="public" complexity="1" crap="2" count="0"/>
      <line num="152" type="stmt" count="0"/>
      <line num="161" type="method" name="format" visibility="public" complexity="3" crap="12" count="0"/>
      <line num="163" type="stmt" count="0"/>
      <line num="164" type="stmt" count="0"/>
      <line num="165" type="stmt" count="0"/>
      <line num="169" type="stmt" count="0"/>
      <metrics loc="172" ncloc="117" classes="1" methods="10" coveredmethods="1" conditionals="0" coveredconditionals="0" statements="40" coveredstatements="1" elements="50" coveredelements="2"/>
    </file>
    <file name="D:\code\lumen-7.0.0\vendor\illuminate\http\Concerns\InteractsWithFlashData.php">
      <class name="Illuminate\Http\Concerns\InteractsWithFlashData" namespace="global">
        <metrics complexity="8" methods="5" coveredmethods="0" conditionals="0" coveredconditionals="0" statements="9" coveredstatements="0" elements="14" coveredelements="0"/>
      </class>
      <line num="14" type="method" name="old" visibility="public" complexity="2" crap="6" count="0"/>
      <line num="16" type="stmt" count="0"/>
      <line num="24" type="method" name="flash" visibility="public" complexity="1" crap="2" count="0"/>
      <line num="26" type="stmt" count="0"/>
      <line num="35" type="method" name="flashOnly" visibility="public" complexity="2" crap="6" count="0"/>
      <line num="37" type="stmt" count="0"/>
      <line num="38" type="stmt" count="0"/>
      <line num="39" type="stmt" count="0"/>
      <line num="48" type="method" name="flashExcept" visibility="public" complexity="2" crap="6" count="0"/>
      <line num="50" type="stmt" count="0"/>
      <line num="51" type="stmt" count="0"/>
      <line num="52" type="stmt" count="0"/>
      <line num="60" type="method" name="flush" visibility="public" complexity="1" crap="2" count="0"/>
      <line num="62" type="stmt" count="0"/>
      <metrics loc="65" ncloc="36" classes="1" methods="5" coveredmethods="0" conditionals="0" coveredconditionals="0" statements="9" coveredstatements="0" elements="14" coveredelements="0"/>
    </file>
    <file name="D:\code\lumen-7.0.0\vendor\illuminate\http\Concerns\InteractsWithInput.php">
      <class name="Illuminate\Http\Concerns\InteractsWithInput" namespace="global">
        <metrics complexity="67" methods="30" coveredmethods="1" conditionals="0" coveredconditionals="0" statements="89" coveredstatements="3" elements="119" coveredelements="4"/>
      </class>
      <line num="20" type="method" name="server" visibility="public" complexity="1" crap="2" count="0"/>
      <line num="22" type="stmt" count="0"/>
      <line num="31" type="method" name="hasHeader" visibility="public" complexity="1" crap="2" count="0"/>
      <line num="33" type="stmt" count="0"/>
      <line num="43" type="method" name="header" visibility="public" complexity="1" crap="1" count="1"/>
      <line num="45" type="stmt" count="1"/>
      <line num="53" type="method" name="bearerToken" visibility="public" complexity="2" crap="6" count="0"/>
      <line num="55" type="stmt" count="0"/>
      <line num="57" type="stmt" count="0"/>
      <line num="58" type="stmt" count="0"/>
      <line num="68" type="method" name="exists" visibility="public" complexity="1" crap="2" count="0"/>
      <line num="70" type="stmt" count="0"/>
      <line num="79" type="method" name="has" visibility="public" complexity="4" crap="20" count="0"/>
      <line num="81" type="stmt" count="0"/>
      <line num="83" type="stmt" count="0"/>
      <line num="85" type="stmt" count="0"/>
      <line num="86" type="stmt" count="0"/>
      <line num="87" type="stmt" count="0"/>
      <line num="91" type="stmt" count="0"/>
      <line num="100" type="method" name="hasAny" visibility="public" complexity="2" crap="6" count="0"/>
      <line num="102" type="stmt" count="0"/>
      <line num="104" type="stmt" count="0"/>
      <line num="106" type="stmt" count="0"/>
      <line num="116" type="method" name="whenHas" visibility="public" complexity="3" crap="12" count="0"/>
      <line num="118" type="stmt" count="0"/>
      <line num="119" type="stmt" count="0"/>
      <line num="122" type="stmt" count="0"/>
      <line num="131" type="method" name="filled" visibility="public" complexity="4" crap="20" count="0"/>
      <line num="133" type="stmt" count="0"/>
      <line num="135" type="stmt" count="0"/>
      <line num="136" type="stmt" count="0"/>
      <line num="137" type="stmt" count="0"/>
      <line num="141" type="stmt" count="0"/>
      <line num="150" type="method" name="isNotFilled" visibility="public" complexity="4" crap="20" count="0"/>
      <line num="152" type="stmt" count="0"/>
      <line num="154" type="stmt" count="0"/>
      <line num="155" type="stmt" count="0"/>
      <line num="156" type="stmt" count="0"/>
      <line num="160" type="stmt" count="0"/>
      <line num="169" type="method" name="anyFilled" visibility="public" complexity="4" crap="20" count="0"/>
      <line num="171" type="stmt" count="0"/>
      <line num="173" type="stmt" count="0"/>
      <line num="174" type="stmt" count="0"/>
      <line num="175" type="stmt" count="0"/>
      <line num="179" type="stmt" count="0"/>
      <line num="189" type="method" name="whenFilled" visibility="public" complexity="3" crap="12" count="0"/>
      <line num="191" type="stmt" count="0"/>
      <line num="192" type="stmt" count="0"/>
      <line num="195" type="stmt" count="0"/>
      <line num="204" type="method" name="missing" visibility="public" complexity="2" crap="6" count="0"/>
      <line num="206" type="stmt" count="0"/>
      <line num="208" type="stmt" count="0"/>
      <line num="217" type="method" name="isEmptyString" visibility="protected" complexity="3" crap="12" count="0"/>
      <line num="219" type="stmt" count="0"/>
      <line num="221" type="stmt" count="0"/>
      <line num="229" type="method" name="keys" visibility="public" complexity="1" crap="2" count="0"/>
      <line num="231" type="stmt" count="0"/>
      <line num="240" type="method" name="all" visibility="public" complexity="4" crap="20" count="0"/>
      <line num="242" type="stmt" count="0"/>
      <line num="244" type="stmt" count="0"/>
      <line num="245" type="stmt" count="0"/>
      <line num="248" type="stmt" count="0"/>
      <line num="250" type="stmt" count="0"/>
      <line num="251" type="stmt" count="0"/>
      <line num="254" type="stmt" count="0"/>
      <line num="264" type="method" name="input" visibility="public" complexity="1" crap="2" count="0"/>
      <line num="266" type="stmt" count="0"/>
      <line num="267" type="stmt" count="0"/>
      <line num="268" type="stmt" count="0"/>
      <line num="280" type="method" name="boolean" visibility="public" complexity="1" crap="2" count="0"/>
      <line num="282" type="stmt" count="0"/>
      <line num="291" type="method" name="only" visibility="public" complexity="4" crap="20" count="0"/>
      <line num="293" type="stmt" count="0"/>
      <line num="295" type="stmt" count="0"/>
      <line num="297" type="stmt" count="0"/>
      <line num="299" type="stmt" count="0"/>
      <line num="300" type="stmt" count="0"/>
      <line num="302" type="stmt" count="0"/>
      <line num="303" type="stmt" count="0"/>
      <line num="307" type="stmt" count="0"/>
      <line num="316" type="method" name="except" visibility="public" complexity="2" crap="6" count="0"/>
      <line num="318" type="stmt" count="0"/>
      <line num="320" type="stmt" count="0"/>
      <line num="322" type="stmt" count="0"/>
      <line num="324" type="stmt" count="0"/>
      <line num="334" type="method" name="query" visibility="public" complexity="1" crap="2" count="0"/>
      <line num="336" type="stmt" count="0"/>
      <line num="346" type="method" name="post" visibility="public" complexity="1" crap="2" count="0"/>
      <line num="348" type="stmt" count="0"/>
      <line num="357" type="method" name="hasCookie" visibility="public" complexity="1" crap="2" count="0"/>
      <line num="359" type="stmt" count="0"/>
      <line num="369" type="method" name="cookie" visibility="public" complexity="1" crap="2" count="0"/>
      <line num="371" type="stmt" count="0"/>
      <line num="379" type="method" name="allFiles" visibility="public" complexity="1" crap="2" count="0"/>
      <line num="381" type="stmt" count="0"/>
      <line num="383" type="stmt" count="0"/>
      <line num="392" type="method" name="convertUploadedFiles" visibility="protected" complexity="5" crap="30" count="0"/>
      <line num="394" type="stmt" count="0"/>
      <line num="395" type="stmt" count="0"/>
      <line num="396" type="stmt" count="0"/>
      <line num="399" type="stmt" count="0"/>
      <line num="400" type="stmt" count="0"/>
      <line num="401" type="stmt" count="0"/>
      <line num="402" type="stmt" count="0"/>
      <line num="411" type="method" name="hasFile" visibility="public" complexity="4" crap="20" count="0"/>
      <line num="413" type="stmt" count="0"/>
      <line num="414" type="stmt" count="0"/>
      <line num="417" type="stmt" count="0"/>
      <line num="418" type="stmt" count="0"/>
      <line num="419" type="stmt" count="0"/>
      <line num="423" type="stmt" count="0"/>
      <line num="432" type="method" name="isValidFile" visibility="protected" complexity="2" crap="6" count="0"/>
      <line num="434" type="stmt" count="0"/>
      <line num="444" type="method" name="file" visibility="public" complexity="1" crap="2" count="0"/>
      <line num="446" type="stmt" count="0"/>
      <line num="457" type="method" name="retrieveItem" visibility="protected" complexity="2" crap="2.15" count="1"/>
      <line num="459" type="stmt" count="1"/>
      <line num="460" type="stmt" count="0"/>
      <line num="463" type="stmt" count="1"/>
      <metrics loc="466" ncloc="275" classes="1" methods="30" coveredmethods="1" conditionals="0" coveredconditionals="0" statements="89" coveredstatements="3" elements="119" coveredelements="4"/>
    </file>
    <file name="D:\code\lumen-7.0.0\vendor\illuminate\http\Request.php">
      <class name="Illuminate\Http\Request" namespace="global">
        <metrics complexity="76" methods="48" coveredmethods="6" conditionals="0" coveredconditionals="0" statements="127" coveredstatements="20" elements="175" coveredelements="26"/>
      </class>
      <line num="60" type="method" name="capture" visibility="public" complexity="1" crap="1" count="1"/>
      <line num="62" type="stmt" count="1"/>
      <line num="64" type="stmt" count="1"/>
      <line num="72" type="method" name="instance" visibility="public" complexity="1" crap="2" count="0"/>
      <line num="74" type="stmt" count="0"/>
      <line num="82" type="method" name="method" visibility="public" complexity="1" crap="2" count="0"/>
      <line num="84" type="stmt" count="0"/>
      <line num="92" type="method" name="root" visibility="public" complexity="1" crap="2" count="0"/>
      <line num="94" type="stmt" count="0"/>
      <line num="102" type="method" name="url" visibility="public" complexity="1" crap="2" count="0"/>
      <line num="104" type="stmt" count="0"/>
      <line num="112" type="method" name="fullUrl" visibility="public" complexity="3" crap="12" count="0"/>
      <line num="114" type="stmt" count="0"/>
      <line num="116" type="stmt" count="0"/>
      <line num="118" type="stmt" count="0"/>
      <line num="127" type="method" name="fullUrlWithQuery" visibility="public" complexity="3" crap="12" count="0"/>
      <line num="129" type="stmt" count="0"/>
      <line num="131" type="stmt" count="0"/>
      <line num="132" type="stmt" count="0"/>
      <line num="133" type="stmt" count="0"/>
      <line num="141" type="method" name="path" visibility="public" complexity="2" crap="6" count="0"/>
      <line num="143" type="stmt" count="0"/>
      <line num="145" type="stmt" count="0"/>
      <line num="153" type="method" name="decodedPath" visibility="public" complexity="1" crap="2" count="0"/>
      <line num="155" type="stmt" count="0"/>
      <line num="165" type="method" name="segment" visibility="public" complexity="1" crap="2" count="0"/>
      <line num="167" type="stmt" count="0"/>
      <line num="175" type="method" name="segments" visibility="public" complexity="1" crap="2" count="0"/>
      <line num="177" type="stmt" count="0"/>
      <line num="179" type="stmt" count="0"/>
      <line num="180" type="stmt" count="0"/>
      <line num="181" type="stmt" count="0"/>
      <line num="190" type="method" name="is" visibility="public" complexity="3" crap="12" count="0"/>
      <line num="192" type="stmt" count="0"/>
      <line num="194" type="stmt" count="0"/>
      <line num="195" type="stmt" count="0"/>
      <line num="196" type="stmt" count="0"/>
      <line num="200" type="stmt" count="0"/>
      <line num="209" type="method" name="routeIs" visibility="public" complexity="2" crap="6" count="0"/>
      <line num="211" type="stmt" count="0"/>
      <line num="220" type="method" name="fullUrlIs" visibility="public" complexity="3" crap="12" count="0"/>
      <line num="222" type="stmt" count="0"/>
      <line num="224" type="stmt" count="0"/>
      <line num="225" type="stmt" count="0"/>
      <line num="226" type="stmt" count="0"/>
      <line num="230" type="stmt" count="0"/>
      <line num="238" type="method" name="ajax" visibility="public" complexity="1" crap="2" count="0"/>
      <line num="240" type="stmt" count="0"/>
      <line num="248" type="method" name="pjax" visibility="public" complexity="1" crap="2" count="0"/>
      <line num="250" type="stmt" count="0"/>
      <line num="258" type="method" name="prefetch" visibility="public" complexity="2" crap="6" count="0"/>
      <line num="260" type="stmt" count="0"/>
      <line num="261" type="stmt" count="0"/>
      <line num="269" type="method" name="secure" visibility="public" complexity="1" crap="2" count="0"/>
      <line num="271" type="stmt" count="0"/>
      <line num="279" type="method" name="ip" visibility="public" complexity="1" crap="2" count="0"/>
      <line num="281" type="stmt" count="0"/>
      <line num="289" type="method" name="ips" visibility="public" complexity="1" crap="2" count="0"/>
      <line num="291" type="stmt" count="0"/>
      <line num="299" type="method" name="userAgent" visibility="public" complexity="1" crap="2" count="0"/>
      <line num="301" type="stmt" count="0"/>
      <line num="310" type="method" name="merge" visibility="public" complexity="1" crap="2" count="0"/>
      <line num="312" type="stmt" count="0"/>
      <line num="314" type="stmt" count="0"/>
      <line num="323" type="method" name="replace" visibility="public" complexity="1" crap="2" count="0"/>
      <line num="325" type="stmt" count="0"/>
      <line num="327" type="stmt" count="0"/>
      <line num="339" type="method" name="get" visibility="public" complexity="1" crap="1" count="1"/>
      <line num="341" type="stmt" count="1"/>
      <line num="351" type="method" name="json" visibility="public" complexity="3" crap="12" count="0"/>
      <line num="353" type="stmt" count="0"/>
      <line num="354" type="stmt" count="0"/>
      <line num="357" type="stmt" count="0"/>
      <line num="358" type="stmt" count="0"/>
      <line num="361" type="stmt" count="0"/>
      <line num="369" type="method" name="getInputSource" visibility="protected" complexity="3" crap="3.33" count="1"/>
      <line num="371" type="stmt" count="1"/>
      <line num="372" type="stmt" count="0"/>
      <line num="375" type="stmt" count="1"/>
      <line num="385" type="method" name="createFrom" visibility="public" complexity="4" crap="20" count="0"/>
      <line num="387" type="stmt" count="0"/>
      <line num="389" type="stmt" count="0"/>
      <line num="391" type="stmt" count="0"/>
      <line num="393" type="stmt" count="0"/>
      <line num="394" type="stmt" count="0"/>
      <line num="395" type="stmt" count="0"/>
      <line num="396" type="stmt" count="0"/>
      <line num="397" type="stmt" count="0"/>
      <line num="398" type="stmt" count="0"/>
      <line num="399" type="stmt" count="0"/>
      <line num="400" type="stmt" count="0"/>
      <line num="401" type="stmt" count="0"/>
      <line num="403" type="stmt" count="0"/>
      <line num="405" type="stmt" count="0"/>
      <line num="407" type="stmt" count="0"/>
      <line num="408" type="stmt" count="0"/>
      <line num="411" type="stmt" count="0"/>
      <line num="413" type="stmt" count="0"/>
      <line num="415" type="stmt" count="0"/>
      <line num="424" type="method" name="createFromBase" visibility="public" complexity="1" crap="1" count="1"/>
      <line num="426" type="stmt" count="1"/>
      <line num="427" type="stmt" count="1"/>
      <line num="428" type="stmt" count="1"/>
      <line num="429" type="stmt" count="1"/>
      <line num="431" type="stmt" count="1"/>
      <line num="433" type="stmt" count="1"/>
      <line num="435" type="stmt" count="1"/>
      <line num="437" type="stmt" count="1"/>
      <line num="443" type="method" name="duplicate" visibility="public" complexity="1" crap="1" count="1"/>
      <line num="445" type="stmt" count="1"/>
      <line num="454" type="method" name="filterFiles" visibility="protected" complexity="5" crap="15.55" count="1"/>
      <line num="456" type="stmt" count="1"/>
      <line num="457" type="stmt" count="1"/>
      <line num="460" type="stmt" count="0"/>
      <line num="461" type="stmt" count="0"/>
      <line num="462" type="stmt" count="0"/>
      <line num="465" type="stmt" count="0"/>
      <line num="466" type="stmt" count="0"/>
      <line num="470" type="stmt" count="0"/>
      <line num="480" type="method" name="session" visibility="public" complexity="2" crap="6" count="0"/>
      <line num="482" type="stmt" count="0"/>
      <line num="483" type="stmt" count="0"/>
      <line num="486" type="stmt" count="0"/>
      <line num="494" type="method" name="getSession" visibility="public" complexity="1" crap="2" count="0"/>
      <line num="496" type="stmt" count="0"/>
      <line num="505" type="method" name="setLaravelSession" visibility="public" complexity="1" crap="2" count="0"/>
      <line num="507" type="stmt" count="0"/>
      <line num="516" type="method" name="user" visibility="public" complexity="1" crap="2" count="0"/>
      <line num="518" type="stmt" count="0"/>
      <line num="528" type="method" name="route" visibility="public" complexity="3" crap="12" count="0"/>
      <line num="530" type="stmt" count="0"/>
      <line num="532" type="stmt" count="0"/>
      <line num="533" type="stmt" count="0"/>
      <line num="536" type="stmt" count="0"/>
      <line num="546" type="method" name="fingerprint" visibility="public" complexity="2" crap="6" count="0"/>
      <line num="548" type="stmt" count="0"/>
      <line num="549" type="stmt" count="0"/>
      <line num="552" type="stmt" count="0"/>
      <line num="553" type="stmt" count="0"/>
      <line num="554" type="stmt" count="0"/>
      <line num="555" type="stmt" count="0"/>
      <line num="564" type="method" name="setJson" visibility="public" complexity="1" crap="2" count="0"/>
      <line num="566" type="stmt" count="0"/>
      <line num="568" type="stmt" count="0"/>
      <line num="576" type="method" name="getUserResolver" visibility="public" complexity="2" crap="6" count="0"/>
      <line num="578" type="stmt" count="0"/>
      <line num="580" type="stmt" count="0"/>
      <line num="589" type="method" name="setUserResolver" visibility="public" complexity="1" crap="1" count="1"/>
      <line num="591" type="stmt" count="1"/>
      <line num="593" type="stmt" count="1"/>
      <line num="601" type="method" name="getRouteResolver" visibility="public" complexity="2" crap="6" count="0"/>
      <line num="603" type="stmt" count="0"/>
      <line num="605" type="stmt" count="0"/>
      <line num="614" type="method" name="setRouteResolver" visibility="public" complexity="1" crap="1" count="1"/>
      <line num="616" type="stmt" count="1"/>
      <line num="618" type="stmt" count="1"/>
      <line num="626" type="method" name="toArray" visibility="public" complexity="1" crap="2" count="0"/>
      <line num="628" type="stmt" count="0"/>
      <line num="637" type="method" name="offsetExists" visibility="public" complexity="1" crap="2" count="0"/>
      <line num="639" type="stmt" count="0"/>
      <line num="640" type="stmt" count="0"/>
      <line num="641" type="stmt" count="0"/>
      <line num="642" type="stmt" count="0"/>
      <line num="651" type="method" name="offsetGet" visibility="public" complexity="1" crap="2" count="0"/>
      <line num="653" type="stmt" count="0"/>
      <line num="663" type="method" name="offsetSet" visibility="public" complexity="1" crap="2" count="0"/>
      <line num="665" type="stmt" count="0"/>
      <line num="674" type="method" name="offsetUnset" visibility="public" complexity="1" crap="2" count="0"/>
      <line num="676" type="stmt" count="0"/>
      <line num="685" type="method" name="__isset" visibility="public" complexity="1" crap="2" count="0"/>
      <line num="687" type="stmt" count="0"/>
      <line num="696" type="method" name="__get" visibility="public" complexity="1" crap="2" count="0"/>
      <line num="698" type="stmt" count="0"/>
      <line num="699" type="stmt" count="0"/>
      <line num="700" type="stmt" count="0"/>
      <metrics loc="703" ncloc="402" classes="1" methods="48" coveredmethods="6" conditionals="0" coveredconditionals="0" statements="127" coveredstatements="20" elements="175" coveredelements="26"/>
    </file>
    <file name="D:\code\lumen-7.0.0\vendor\illuminate\http\Response.php">
      <class name="Illuminate\Http\Response" namespace="global">
        <metrics complexity="12" methods="4" coveredmethods="2" conditionals="0" coveredconditionals="0" statements="22" coveredstatements="14" elements="26" coveredelements="16"/>
      </class>
      <line num="30" type="method" name="__construct" visibility="public" complexity="1" crap="1" count="1"/>
      <line num="32" type="stmt" count="1"/>
      <line num="34" type="stmt" count="1"/>
      <line num="35" type="stmt" count="1"/>
      <line num="36" type="stmt" count="1"/>
      <line num="45" type="method" name="setContent" visibility="public" complexity="3" crap="3.47" count="1"/>
      <line num="47" type="stmt" count="1"/>
      <line num="52" type="stmt" count="1"/>
      <line num="53" type="stmt" count="0"/>
      <line num="55" type="stmt" count="0"/>
      <line num="61" type="stmt" count="1"/>
      <line num="62" type="stmt" count="0"/>
      <line num="65" type="stmt" count="1"/>
      <line num="67" type="stmt" count="1"/>
      <line num="76" type="method" name="shouldBeJson" visibility="protected" complexity="5" crap="5" count="1"/>
      <line num="78" type="stmt" count="1"/>
      <line num="79" type="stmt" count="1"/>
      <line num="80" type="stmt" count="1"/>
      <line num="81" type="stmt" count="1"/>
      <line num="82" type="stmt" count="1"/>
      <line num="91" type="method" name="morphToJson" visibility="protected" complexity="3" crap="12" count="0"/>
      <line num="93" type="stmt" count="0"/>
      <line num="94" type="stmt" count="0"/>
      <line num="95" type="stmt" count="0"/>
      <line num="96" type="stmt" count="0"/>
      <line num="99" type="stmt" count="0"/>
      <metrics loc="102" ncloc="68" classes="1" methods="4" coveredmethods="2" conditionals="0" coveredconditionals="0" statements="22" coveredstatements="14" elements="26" coveredelements="16"/>
    </file>
    <file name="D:\code\lumen-7.0.0\vendor\illuminate\http\ResponseTrait.php">
      <class name="Illuminate\Http\ResponseTrait" namespace="global">
        <metrics complexity="15" methods="10" coveredmethods="0" conditionals="0" coveredconditionals="0" statements="20" coveredstatements="0" elements="30" coveredelements="0"/>
      </class>
      <line num="30" type="method" name="status" visibility="public" complexity="1" crap="2" count="0"/>
      <line num="32" type="stmt" count="0"/>
      <line num="40" type="method" name="content" visibility="public" complexity="1" crap="2" count="0"/>
      <line num="42" type="stmt" count="0"/>
      <line num="50" type="method" name="getOriginalContent" visibility="public" complexity="2" crap="6" count="0"/>
      <line num="52" type="stmt" count="0"/>
      <line num="54" type="stmt" count="0"/>
      <line num="65" type="method" name="header" visibility="public" complexity="1" crap="2" count="0"/>
      <line num="67" type="stmt" count="0"/>
      <line num="69" type="stmt" count="0"/>
      <line num="78" type="method" name="withHeaders" visibility="public" complexity="3" crap="12" count="0"/>
      <line num="80" type="stmt" count="0"/>
      <line num="81" type="stmt" count="0"/>
      <line num="84" type="stmt" count="0"/>
      <line num="85" type="stmt" count="0"/>
      <line num="88" type="stmt" count="0"/>
      <line num="97" type="method" name="cookie" visibility="public" complexity="1" crap="2" count="0"/>
      <line num="99" type="stmt" count="0"/>
      <line num="108" type="method" name="withCookie" visibility="public" complexity="3" crap="12" count="0"/>
      <line num="110" type="stmt" count="0"/>
      <line num="111" type="stmt" count="0"/>
      <line num="114" type="stmt" count="0"/>
      <line num="116" type="stmt" count="0"/>
      <line num="124" type="method" name="getCallback" visibility="public" complexity="1" crap="2" count="0"/>
      <line num="126" type="stmt" count="0"/>
      <line num="135" type="method" name="withException" visibility="public" complexity="1" crap="2" count="0"/>
      <line num="137" type="stmt" count="0"/>
      <line num="139" type="stmt" count="0"/>
      <line num="149" type="method" name="throwResponse" visibility="public" complexity="1" crap="2" count="0"/>
      <line num="151" type="stmt" count="0"/>
      <metrics loc="154" ncloc="85" classes="1" methods="10" coveredmethods="0" conditionals="0" coveredconditionals="0" statements="20" coveredstatements="0" elements="30" coveredelements="0"/>
    </file>
    <file name="D:\code\lumen-7.0.0\vendor\illuminate\support\Arr.php">
      <class name="Illuminate\Support\Arr" namespace="global">
        <metrics complexity="102" methods="29" coveredmethods="0" conditionals="0" coveredconditionals="0" statements="178" coveredstatements="0" elements="207" coveredelements="0"/>
      </class>
      <line num="19" type="method" name="accessible" visibility="public" complexity="2" crap="6" count="0"/>
      <line num="21" type="stmt" count="0"/>
      <line num="32" type="method" name="add" visibility="public" complexity="2" crap="6" count="0"/>
      <line num="34" type="stmt" count="0"/>
      <line num="35" type="stmt" count="0"/>
      <line num="38" type="stmt" count="0"/>
      <line num="47" type="method" name="collapse" visibility="public" complexity="4" crap="20" count="0"/>
      <line num="49" type="stmt" count="0"/>
      <line num="51" type="stmt" count="0"/>
      <line num="52" type="stmt" count="0"/>
      <line num="53" type="stmt" count="0"/>
      <line num="54" type="stmt" count="0"/>
      <line num="55" type="stmt" count="0"/>
      <line num="58" type="stmt" count="0"/>
      <line num="61" type="stmt" count="0"/>
      <line num="70" type="method" name="crossJoin" visibility="public" complexity="4" crap="20" count="0"/>
      <line num="72" type="stmt" count="0"/>
      <line num="74" type="stmt" count="0"/>
      <line num="75" type="stmt" count="0"/>
      <line num="77" type="stmt" count="0"/>
      <line num="78" type="stmt" count="0"/>
      <line num="79" type="stmt" count="0"/>
      <line num="81" type="stmt" count="0"/>
      <line num="85" type="stmt" count="0"/>
      <line num="88" type="stmt" count="0"/>
      <line num="97" type="method" name="divide" visibility="public" complexity="1" crap="2" count="0"/>
      <line num="99" type="stmt" count="0"/>
      <line num="109" type="method" name="dot" visibility="public" complexity="4" crap="20" count="0"/>
      <line num="111" type="stmt" count="0"/>
      <line num="113" type="stmt" count="0"/>
      <line num="114" type="stmt" count="0"/>
      <line num="115" type="stmt" count="0"/>
      <line num="117" type="stmt" count="0"/>
      <line num="121" type="stmt" count="0"/>
      <line num="131" type="method" name="except" visibility="public" complexity="1" crap="2" count="0"/>
      <line num="133" type="stmt" count="0"/>
      <line num="135" type="stmt" count="0"/>
      <line num="145" type="method" name="exists" visibility="public" complexity="2" crap="6" count="0"/>
      <line num="147" type="stmt" count="0"/>
      <line num="148" type="stmt" count="0"/>
      <line num="151" type="stmt" count="0"/>
      <line num="162" type="method" name="first" visibility="public" complexity="6" crap="42" count="0"/>
      <line num="164" type="stmt" count="0"/>
      <line num="165" type="stmt" count="0"/>
      <line num="166" type="stmt" count="0"/>
      <line num="169" type="stmt" count="0"/>
      <line num="170" type="stmt" count="0"/>
      <line num="174" type="stmt" count="0"/>
      <line num="175" type="stmt" count="0"/>
      <line num="176" type="stmt" count="0"/>
      <line num="180" type="stmt" count="0"/>
      <line num="191" type="method" name="last" visibility="public" complexity="3" crap="12" count="0"/>
      <line num="193" type="stmt" count="0"/>
      <line num="194" type="stmt" count="0"/>
      <line num="197" type="stmt" count="0"/>
      <line num="207" type="method" name="flatten" visibility="public" complexity="6" crap="42" count="0"/>
      <line num="209" type="stmt" count="0"/>
      <line num="211" type="stmt" count="0"/>
      <line num="212" type="stmt" count="0"/>
      <line num="214" type="stmt" count="0"/>
      <line num="215" type="stmt" count="0"/>
      <line num="217" type="stmt" count="0"/>
      <line num="218" type="stmt" count="0"/>
      <line num="219" type="stmt" count="0"/>
      <line num="221" type="stmt" count="0"/>
      <line num="222" type="stmt" count="0"/>
      <line num="227" type="stmt" count="0"/>
      <line num="237" type="method" name="forget" visibility="public" complexity="7" crap="56" count="0"/>
      <line num="239" type="stmt" count="0"/>
      <line num="241" type="stmt" count="0"/>
      <line num="243" type="stmt" count="0"/>
      <line num="244" type="stmt" count="0"/>
      <line num="247" type="stmt" count="0"/>
      <line num="249" type="stmt" count="0"/>
      <line num="250" type="stmt" count="0"/>
      <line num="252" type="stmt" count="0"/>
      <line num="255" type="stmt" count="0"/>
      <line num="258" type="stmt" count="0"/>
      <line num="260" type="stmt" count="0"/>
      <line num="261" type="stmt" count="0"/>
      <line num="263" type="stmt" count="0"/>
      <line num="264" type="stmt" count="0"/>
      <line num="266" type="stmt" count="0"/>
      <line num="270" type="stmt" count="0"/>
      <line num="282" type="method" name="get" visibility="public" complexity="8" crap="72" count="0"/>
      <line num="284" type="stmt" count="0"/>
      <line num="285" type="stmt" count="0"/>
      <line num="288" type="stmt" count="0"/>
      <line num="289" type="stmt" count="0"/>
      <line num="292" type="stmt" count="0"/>
      <line num="293" type="stmt" count="0"/>
      <line num="296" type="stmt" count="0"/>
      <line num="297" type="stmt" count="0"/>
      <line num="300" type="stmt" count="0"/>
      <line num="301" type="stmt" count="0"/>
      <line num="302" type="stmt" count="0"/>
      <line num="304" type="stmt" count="0"/>
      <line num="308" type="stmt" count="0"/>
      <line num="318" type="method" name="has" visibility="public" complexity="8" crap="72" count="0"/>
      <line num="320" type="stmt" count="0"/>
      <line num="322" type="stmt" count="0"/>
      <line num="323" type="stmt" count="0"/>
      <line num="326" type="stmt" count="0"/>
      <line num="327" type="stmt" count="0"/>
      <line num="329" type="stmt" count="0"/>
      <line num="330" type="stmt" count="0"/>
      <line num="333" type="stmt" count="0"/>
      <line num="334" type="stmt" count="0"/>
      <line num="335" type="stmt" count="0"/>
      <line num="337" type="stmt" count="0"/>
      <line num="342" type="stmt" count="0"/>
[...]
      <line num="122" type="stmt" count="0"/>
      <line num="124" type="stmt" count="0"/>
      <metrics loc="128" ncloc="72" classes="1" methods="6" coveredmethods="0" conditionals="0" coveredconditionals="0" statements="29" coveredstatements="0" elements="35" coveredelements="0"/>
    </file>
    <file name="D:\code\lumen-7.0.0\vendor\vlucas\phpdotenv\src\Repository\AbstractRepository.php">
      <class name="Dotenv\Repository\AbstractRepository" namespace="global">
        <metrics complexity="21" methods="9" coveredmethods="0" conditionals="0" coveredconditionals="0" statements="21" coveredstatements="0" elements="30" coveredelements="0"/>
      </class>
      <line num="32" type="method" name="__construct" visibility="public" complexity="1" crap="2" count="0"/>
      <line num="34" type="stmt" count="0"/>
      <line num="35" type="stmt" count="0"/>
      <line num="47" type="method" name="get" visibility="public" complexity="3" crap="12" count="0"/>
      <line num="49" type="stmt" count="0"/>
      <line num="50" type="stmt" count="0"/>
      <line num="53" type="stmt" count="0"/>
      <line num="75" type="method" name="set" visibility="public" complexity="6" crap="42" count="0"/>
      <line num="77" type="stmt" count="0"/>
      <line num="78" type="stmt" count="0"/>
      <line num="83" type="stmt" count="0"/>
      <line num="84" type="stmt" count="0"/>
      <line num="87" type="stmt" count="0"/>
      <line num="88" type="stmt" count="0"/>
      <line num="110" type="method" name="clear" visibility="public" complexity="4" crap="20" count="0"/>
      <line num="112" type="stmt" count="0"/>
      <line num="113" type="stmt" count="0"/>
      <line num="117" type="stmt" count="0"/>
      <line num="118" type="stmt" count="0"/>
      <line num="121" type="stmt" count="0"/>
      <line num="140" type="method" name="has" visibility="public" complexity="3" crap="12" count="0"/>
      <line num="142" type="stmt" count="0"/>
      <line num="149" type="method" name="offsetExists" visibility="public" complexity="1" crap="2" count="0"/>
      <line num="151" type="stmt" count="0"/>
      <line num="158" type="method" name="offsetGet" visibility="public" complexity="1" crap="2" count="0"/>
      <line num="160" type="stmt" count="0"/>
      <line num="167" type="method" name="offsetSet" visibility="public" complexity="1" crap="2" count="0"/>
      <line num="169" type="stmt" count="0"/>
      <line num="176" type="method" name="offsetUnset" visibility="public" complexity="1" crap="2" count="0"/>
      <line num="178" type="stmt" count="0"/>
      <metrics loc="181" ncloc="88" classes="1" methods="9" coveredmethods="0" conditionals="0" coveredconditionals="0" statements="21" coveredstatements="0" elements="30" coveredelements="0"/>
    </file>
    <file name="D:\code\lumen-7.0.0\vendor\vlucas\phpdotenv\src\Repository\AdapterRepository.php">
      <class name="Dotenv\Repository\AdapterRepository" namespace="global">
        <metrics complexity="8" methods="4" coveredmethods="0" conditionals="0" coveredconditionals="0" statements="12" coveredstatements="0" elements="16" coveredelements="0"/>
      </class>
      <line num="30" type="method" name="__construct" visibility="public" complexity="1" crap="2" count="0"/>
      <line num="32" type="stmt" count="0"/>
      <line num="33" type="stmt" count="0"/>
      <line num="34" type="stmt" count="0"/>
      <line num="46" type="method" name="getInternal" visibility="protected" complexity="3" crap="12" count="0"/>
      <line num="48" type="stmt" count="0"/>
      <line num="49" type="stmt" count="0"/>
      <line num="50" type="stmt" count="0"/>
      <line num="51" type="stmt" count="0"/>
      <line num="55" type="stmt" count="0"/>
      <line num="66" type="method" name="setInternal" visibility="protected" complexity="2" crap="6" count="0"/>
      <line num="68" type="stmt" count="0"/>
      <line num="69" type="stmt" count="0"/>
      <line num="80" type="method" name="clearInternal" visibility="protected" complexity="2" crap="6" count="0"/>
      <line num="82" type="stmt" count="0"/>
      <line num="83" type="stmt" count="0"/>
      <metrics loc="87" ncloc="44" classes="1" methods="4" coveredmethods="0" conditionals="0" coveredconditionals="0" statements="12" coveredstatements="0" elements="16" coveredelements="0"/>
    </file>
    <file name="D:\code\lumen-7.0.0\vendor\vlucas\phpdotenv\src\Repository\Adapter\ArrayAdapter.php">
      <class name="Dotenv\Repository\Adapter\ArrayAdapter" namespace="global">
        <metrics complexity="5" methods="4" coveredmethods="0" conditionals="0" coveredconditionals="0" statements="6" coveredstatements="0" elements="10" coveredelements="0"/>
      </class>
      <line num="22" type="method" name="isSupported" visibility="public" complexity="1" crap="2" count="0"/>
      <line num="24" type="stmt" count="0"/>
      <line num="34" type="method" name="get" visibility="public" complexity="2" crap="6" count="0"/>
      <line num="36" type="stmt" count="0"/>
      <line num="37" type="stmt" count="0"/>
      <line num="40" type="stmt" count="0"/>
      <line num="51" type="method" name="set" visibility="public" complexity="1" crap="2" count="0"/>
      <line num="53" type="stmt" count="0"/>
      <line num="63" type="method" name="clear" visibility="public" complexity="1" crap="2" count="0"/>
      <line num="65" type="stmt" count="0"/>
      <metrics loc="68" ncloc="36" classes="1" methods="4" coveredmethods="0" conditionals="0" coveredconditionals="0" statements="6" coveredstatements="0" elements="10" coveredelements="0"/>
    </file>
    <file name="D:\code\lumen-7.0.0\vendor\vlucas\phpdotenv\src\Repository\Adapter\EnvConstAdapter.php">
      <class name="Dotenv\Repository\Adapter\EnvConstAdapter" namespace="global">
        <metrics complexity="7" methods="4" coveredmethods="0" conditionals="0" coveredconditionals="0" statements="11" coveredstatements="0" elements="15" coveredelements="0"/>
      </class>
      <line num="15" type="method" name="isSupported" visibility="public" complexity="1" crap="2" count="0"/>
      <line num="17" type="stmt" count="0"/>
      <line num="27" type="method" name="get" visibility="public" complexity="4" crap="20" count="0"/>
      <line num="29" type="stmt" count="0"/>
      <line num="30" type="stmt" count="0"/>
      <line num="33" type="stmt" count="0"/>
      <line num="35" type="stmt" count="0"/>
      <line num="37" type="stmt" count="0"/>
      <line num="40" type="stmt" count="0"/>
      <line num="42" type="stmt" count="0"/>
      <line num="45" type="stmt" count="0"/>
      <line num="56" type="method" name="set" visibility="public" complexity="1" crap="2" count="0"/>
      <line num="58" type="stmt" count="0"/>
      <line num="68" type="method" name="clear" visibility="public" complexity="1" crap="2" count="0"/>
      <line num="70" type="stmt" count="0"/>
      <metrics loc="73" ncloc="44" classes="1" methods="4" coveredmethods="0" conditionals="0" coveredconditionals="0" statements="11" coveredstatements="0" elements="15" coveredelements="0"/>
    </file>
    <file name="D:\code\lumen-7.0.0\vendor\vlucas\phpdotenv\src\Repository\Adapter\PutenvAdapter.php">
      <class name="Dotenv\Repository\Adapter\PutenvAdapter" namespace="global">
        <metrics complexity="5" methods="4" coveredmethods="0" conditionals="0" coveredconditionals="0" statements="4" coveredstatements="0" elements="8" coveredelements="0"/>
      </class>
      <line num="14" type="method" name="isSupported" visibility="public" complexity="2" crap="6" count="0"/>
      <line num="16" type="stmt" count="0"/>
      <line num="26" type="method" name="get" visibility="public" complexity="1" crap="2" count="0"/>
      <line num="29" type="stmt" count="0"/>
      <line num="40" type="method" name="set" visibility="public" complexity="1" crap="2" count="0"/>
      <line num="42" type="stmt" count="0"/>
      <line num="52" type="method" name="clear" visibility="public" complexity="1" crap="2" count="0"/>
      <line num="54" type="stmt" count="0"/>
      <metrics loc="57" ncloc="29" classes="1" methods="4" coveredmethods="0" conditionals="0" coveredconditionals="0" statements="4" coveredstatements="0" elements="8" coveredelements="0"/>
    </file>
    <file name="D:\code\lumen-7.0.0\vendor\vlucas\phpdotenv\src\Repository\Adapter\ServerConstAdapter.php">
      <class name="Dotenv\Repository\Adapter\ServerConstAdapter" namespace="global">
        <metrics complexity="7" methods="4" coveredmethods="0" conditionals="0" coveredconditionals="0" statements="11" coveredstatements="0" elements="15" coveredelements="0"/>
      </class>
      <line num="15" type="method" name="isSupported" visibility="public" complexity="1" crap="2" count="0"/>
      <line num="17" type="stmt" count="0"/>
      <line num="27" type="method" name="get" visibility="public" complexity="4" crap="20" count="0"/>
      <line num="29" type="stmt" count="0"/>
      <line num="30" type="stmt" count="0"/>
      <line num="33" type="stmt" count="0"/>
      <line num="35" type="stmt" count="0"/>
      <line num="37" type="stmt" count="0"/>
      <line num="40" type="stmt" count="0"/>
      <line num="42" type="stmt" count="0"/>
      <line num="45" type="stmt" count="0"/>
      <line num="56" type="method" name="set" visibility="public" complexity="1" crap="2" count="0"/>
      <line num="58" type="stmt" count="0"/>
      <line num="68" type="method" name="clear" visibility="public" complexity="1" crap="2" count="0"/>
      <line num="70" type="stmt" count="0"/>
      <metrics loc="73" ncloc="44" classes="1" methods="4" coveredmethods="0" conditionals="0" coveredconditionals="0" statements="11" coveredstatements="0" elements="15" coveredelements="0"/>
    </file>
    <file name="D:\code\lumen-7.0.0\vendor\vlucas\phpdotenv\src\Repository\RepositoryBuilder.php">
      <class name="Dotenv\Repository\RepositoryBuilder" namespace="global">
        <metrics complexity="14" methods="8" coveredmethods="0" conditionals="0" coveredconditionals="0" statements="25" coveredstatements="0" elements="33" coveredelements="0"/>
      </class>
      <line num="43" type="method" name="__construct" visibility="private" complexity="1" crap="2" count="0"/>
      <line num="45" type="stmt" count="0"/>
      <line num="46" type="stmt" count="0"/>
      <line num="47" type="stmt" count="0"/>
      <line num="55" type="method" name="create" visibility="public" complexity="1" crap="2" count="0"/>
      <line num="57" type="stmt" count="0"/>
      <line num="67" type="method" name="withReaders" visibility="public" complexity="2" crap="6" count="0"/>
      <line num="69" type="stmt" count="0"/>
      <line num="71" type="stmt" count="0"/>
      <line num="81" type="method" name="withWriters" visibility="public" complexity="2" crap="6" count="0"/>
      <line num="83" type="stmt" count="0"/>
      <line num="85" type="stmt" count="0"/>
      <line num="93" type="method" name="immutable" visibility="public" complexity="1" crap="2" count="0"/>
      <line num="95" type="stmt" count="0"/>
      <line num="103" type="method" name="make" visibility="public" complexity="5" crap="30" count="0"/>
      <line num="105" type="stmt" count="0"/>
      <line num="106" type="stmt" count="0"/>
      <line num="109" type="stmt" count="0"/>
      <line num="110" type="stmt" count="0"/>
      <line num="111" type="stmt" count="0"/>
      <line num="112" type="stmt" count="0"/>
      <line num="113" type="stmt" count="0"/>
      <line num="121" type="method" name="defaultAdapters" visibility="private" complexity="1" crap="2" count="0"/>
      <line num="123" type="stmt" count="0"/>
      <line num="124" type="stmt" count="0"/>
      <line num="125" type="stmt" count="0"/>
      <line num="126" type="stmt" count="0"/>
      <line num="127" type="stmt" count="0"/>
      <line num="128" type="stmt" count="0"/>
      <line num="138" type="method" name="filterByAvailability" visibility="private" complexity="1" crap="2" count="0"/>
      <line num="140" type="stmt" count="0"/>
      <line num="141" type="stmt" count="0"/>
      <line num="142" type="stmt" count="0"/>
      <metrics loc="145" ncloc="80" classes="1" methods="8" coveredmethods="0" conditionals="0" coveredconditionals="0" statements="25" coveredstatements="0" elements="33" coveredelements="0"/>
    </file>
    <file name="D:\code\lumen-7.0.0\vendor\vlucas\phpdotenv\src\Result\Result.php">
      <class name="Dotenv\Result\Result" namespace="global">
        <metrics complexity="2" methods="2" coveredmethods="0" conditionals="0" coveredconditionals="0" statements="2" coveredstatements="0" elements="4" coveredelements="0"/>
      </class>
      <line num="25" type="method" name="getSuccess" visibility="public" complexity="1" crap="2" count="0"/>
      <line num="27" type="stmt" count="0"/>
      <line num="55" type="method" name="getError" visibility="public" complexity="1" crap="2" count="0"/>
      <line num="57" type="stmt" count="0"/>
      <metrics loc="71" ncloc="25" classes="1" methods="2" coveredmethods="0" conditionals="0" coveredconditionals="0" statements="2" coveredstatements="0" elements="4" coveredelements="0"/>
    </file>
    <file name="D:\code\lumen-7.0.0\vendor\vlucas\phpdotenv\src\Result\Success.php">
      <class name="Dotenv\Result\Success" namespace="global">
        <metrics complexity="6" methods="6" coveredmethods="0" conditionals="0" coveredconditionals="0" statements="6" coveredstatements="0" elements="12" coveredelements="0"/>
      </class>
      <line num="27" type="method" name="__construct" visibility="private" complexity="1" crap="2" count="0"/>
      <line num="29" type="stmt" count="0"/>
      <line num="41" type="method" name="create" visibility="public" complexity="1" crap="2" count="0"/>
      <line num="43" type="stmt" count="0"/>
      <line num="51" type="method" name="success" visibility="public" complexity="1" crap="2" count="0"/>
      <line num="53" type="stmt" count="0"/>
      <line num="65" type="method" name="mapSuccess" visibility="public" complexity="1" crap="2" count="0"/>
      <line num="67" type="stmt" count="0"/>
      <line num="75" type="method" name="error" visibility="public" complexity="1" crap="2" count="0"/>
      <line num="77" type="stmt" count="0"/>
      <line num="89" type="method" name="mapError" visibility="public" complexity="1" crap="2" count="0"/>
      <line num="92" type="stmt" count="0"/>
      <metrics loc="95" ncloc="42" classes="1" methods="6" coveredmethods="0" conditionals="0" coveredconditionals="0" statements="6" coveredstatements="0" elements="12" coveredelements="0"/>
    </file>
    <file name="D:\code\lumen-7.0.0\vendor\vlucas\phpdotenv\src\Store\FileStore.php">
      <class name="Dotenv\Store\FileStore" namespace="global">
        <metrics complexity="4" methods="2" coveredmethods="0" conditionals="0" coveredconditionals="0" statements="10" coveredstatements="0" elements="12" coveredelements="0"/>
      </class>
      <line num="32" type="method" name="__construct" visibility="public" complexity="1" crap="2" count="0"/>
      <line num="34" type="stmt" count="0"/>
      <line num="35" type="stmt" count="0"/>
      <line num="45" type="method" name="read" visibility="public" complexity="3" crap="12" count="0"/>
      <line num="47" type="stmt" count="0"/>
      <line num="48" type="stmt" count="0"/>
      <line num="51" type="stmt" count="0"/>
      <line num="53" type="stmt" count="0"/>
      <line num="54" type="stmt" count="0"/>
      <line num="57" type="stmt" count="0"/>
      <line num="58" type="stmt" count="0"/>
      <line num="59" type="stmt" count="0"/>
      <metrics loc="62" ncloc="37" classes="1" methods="2" coveredmethods="0" conditionals="0" coveredconditionals="0" statements="10" coveredstatements="0" elements="12" coveredelements="0"/>
    </file>
    <file name="D:\code\lumen-7.0.0\vendor\vlucas\phpdotenv\src\Store\File\Paths.php">
      <class name="Dotenv\Store\File\Paths" namespace="global">
        <metrics complexity="3" methods="1" coveredmethods="0" conditionals="0" coveredconditionals="0" statements="5" coveredstatements="0" elements="6" coveredelements="0"/>
      </class>
      <line num="15" type="method" name="filePaths" visibility="public" complexity="3" crap="12" count="0"/>
      <line num="17" type="stmt" count="0"/>
      <line num="19" type="stmt" count="0"/>
      <line num="20" type="stmt" count="0"/>
      <line num="21" type="stmt" count="0"/>
      <line num="25" type="stmt" count="0"/>
      <metrics loc="28" ncloc="20" classes="1" methods="1" coveredmethods="0" conditionals="0" coveredconditionals="0" statements="5" coveredstatements="0" elements="6" coveredelements="0"/>
    </file>
    <file name="D:\code\lumen-7.0.0\vendor\vlucas\phpdotenv\src\Store\File\Reader.php">
      <class name="Dotenv\Store\File\Reader" namespace="global">
        <metrics complexity="5" methods="2" coveredmethods="0" conditionals="0" coveredconditionals="0" statements="10" coveredstatements="0" elements="12" coveredelements="0"/>
      </class>
      <line num="21" type="method" name="read" visibility="public" complexity="4" crap="20" count="0"/>
      <line num="23" type="stmt" count="0"/>
      <line num="25" type="stmt" count="0"/>
      <line num="26" type="stmt" count="0"/>
      <line num="27" type="stmt" count="0"/>
      <line num="28" type="stmt" count="0"/>
      <line num="29" type="stmt" count="0"/>
      <line num="30" type="stmt" count="0"/>
      <line num="35" type="stmt" count="0"/>
      <line num="45" type="method" name="readFromFile" visibility="private" complexity="1" crap="2" count="0"/>
      <line num="47" type="stmt" count="0"/>
      <line num="50" type="stmt" count="0"/>
      <metrics loc="53" ncloc="33" classes="1" methods="2" coveredmethods="0" conditionals="0" coveredconditionals="0" statements="10" coveredstatements="0" elements="12" coveredelements="0"/>
    </file>
    <file name="D:\code\lumen-7.0.0\vendor\vlucas\phpdotenv\src\Store\StoreBuilder.php">
      <class name="Dotenv\Store\StoreBuilder" namespace="global">
        <metrics complexity="8" methods="6" coveredmethods="0" conditionals="0" coveredconditionals="0" statements="11" coveredstatements="0" elements="17" coveredelements="0"/>
      </class>
      <line num="39" type="method" name="__construct" visibility="private" complexity="1" crap="2" count="0"/>
      <line num="41" type="stmt" count="0"/>
      <line num="42" type="stmt" count="0"/>
      <line num="43" type="stmt" count="0"/>
      <line num="51" type="method" name="create" visibility="public" complexity="1" crap="2" count="0"/>
      <line num="53" type="stmt" count="0"/>
      <line num="63" type="method" name="withPaths" visibility="public" complexity="1" crap="2" count="0"/>
      <line num="65" type="stmt" count="0"/>
      <line num="75" type="method" name="withNames" visibility="public" complexity="2" crap="6" count="0"/>
      <line num="77" type="stmt" count="0"/>
      <line num="85" type="method" name="shortCircuit" visibility="public" complexity="1" crap="2" count="0"/>
      <line num="87" type="stmt" count="0"/>
      <line num="95" type="method" name="make" visibility="public" complexity="2" crap="6" count="0"/>
      <line num="97" type="stmt" count="0"/>
      <line num="98" type="stmt" count="0"/>
      <line num="99" type="stmt" count="0"/>
      <line num="100" type="stmt" count="0"/>
      <metrics loc="103" ncloc="50" classes="1" methods="6" coveredmethods="0" conditionals="0" coveredconditionals="0" statements="11" coveredstatements="0" elements="17" coveredelements="0"/>
    </file>
    <metrics files="98" loc="28979" ncloc="19249" classes="71" methods="995" coveredmethods="71" conditionals="0" coveredconditionals="0" statements="4989" coveredstatements="555" elements="5984" coveredelements="626"/>
  </project>
</coverage>
