TN:
SF:D:\code\lumen-7.0.0\app\Http\Controllers\Controller.php
FNF:0
FNH:0
LF:0
LH:0
end_of_record
SF:D:\code\lumen-7.0.0\app\Http\Controllers\ExampleController.php
FN:8,login
FNDA:1,login
FNF:1
FNH:0
DA:10,1
DA:11,1
DA:12,1
DA:13,1
DA:15,0
DA:17,1
DA:18,0
DA:20,1
DA:22,1
LF:9
LH:7
end_of_record
SF:D:\code\lumen-7.0.0\bootstrap\app.php
DA:109,0
DA:110,0
DA:111,0
DA:112,0
DA:113,0
LF:5
LH:0
end_of_record
SF:D:\code\lumen-7.0.0\coverage\coverage.php
DA:19,1
DA:23,1
DA:24,0
DA:25,0
LF:4
LH:2
end_of_record
SF:D:\code\lumen-7.0.0\public\index.php
DA:30,1
LF:1
LH:1
end_of_record
SF:D:\code\lumen-7.0.0\routes\web.php
DA:14,1
DA:15,1
DA:16,1
LF:3
LH:3
end_of_record
SF:D:\code\lumen-7.0.0\vendor\composer\ClassLoader.php
FN:106,__construct
FNDA:0,__construct
FN:115,getPrefixes
FNDA:0,getPrefixes
FN:127,getPrefixesPsr4
FNDA:0,getPrefixesPsr4
FN:135,getFallbackDirs
FNDA:0,getFallbackDirs
FN:143,getFallbackDirsPsr4
FNDA:0,getFallbackDirsPsr4
FN:151,getClassMap
FNDA:0,getClassMap
FN:161,addClassMap
FNDA:0,addClassMap
FN:180,add
FNDA:0,add
FN:230,addPsr4
FNDA:0,addPsr4
FN:278,set
FNDA:0,set
FN:298,setPsr4
FNDA:0,setPsr4
FN:319,setUseIncludePath
FNDA:0,setUseIncludePath
FN:330,getUseIncludePath
FNDA:0,getUseIncludePath
FN:343,setClassMapAuthoritative
FNDA:0,setClassMapAuthoritative
FN:353,isClassMapAuthoritative
FNDA:0,isClassMapAuthoritative
FN:365,setApcuPrefix
FNDA:0,setApcuPrefix
FN:375,getApcuPrefix
FNDA:0,getApcuPrefix
FN:387,register
FNDA:0,register
FN:408,unregister
FNDA:0,unregister
FN:423,loadClass
FNDA:1,loadClass
FN:442,findFile
FNDA:1,findFile
FN:482,getRegisteredLoaders
FNDA:0,getRegisteredLoaders
FN:492,findFileWithExtension
FNDA:0,findFileWithExtension
FN:561,initializeIncludeClosure
FNDA:1,initializeIncludeClosure
FNF:24
FNH:0
DA:108,0
DA:109,0
DA:117,0
DA:118,0
DA:121,0
DA:129,0
DA:137,0
DA:145,0
DA:153,0
DA:163,0
DA:164,0
DA:166,0
DA:182,0
DA:183,0
DA:184,0
DA:185,0
DA:186,0
DA:187,0
DA:188,0
DA:190,0
DA:191,0
DA:192,0
DA:193,0
DA:196,0
DA:199,0
DA:200,0
DA:201,0
DA:203,0
DA:205,0
DA:206,0
DA:207,0
DA:208,0
DA:209,0
DA:211,0
DA:212,0
DA:213,0
DA:214,0
DA:232,0
DA:233,0
DA:235,0
DA:236,0
DA:237,0
DA:238,0
DA:239,0
DA:241,0
DA:242,0
DA:243,0
DA:244,0
DA:246,0
DA:248,0
DA:249,0
DA:250,0
DA:252,0
DA:253,0
DA:254,0
DA:256,0
DA:257,0
DA:258,0
DA:259,0
DA:262,0
DA:263,0
DA:264,0
DA:265,0
DA:280,0
DA:281,0
DA:283,0
DA:300,0
DA:301,0
DA:303,0
DA:304,0
DA:305,0
DA:307,0
DA:308,0
DA:321,0
DA:332,0
DA:345,0
DA:355,0
DA:367,0
DA:377,0
DA:389,0
DA:391,0
DA:392,0
DA:395,0
DA:396,0
DA:398,0
DA:399,0
DA:410,0
DA:412,0
DA:413,0
DA:425,1
DA:426,1
DA:427,1
DA:429,1
DA:432,0
DA:445,1
DA:446,1
DA:448,0
DA:449,0
DA:451,0
DA:452,0
DA:453,0
DA:454,0
DA:458,0
DA:461,0
DA:462,0
DA:465,0
DA:466,0
DA:469,0
DA:471,0
DA:474,0
DA:484,0
DA:495,0
DA:497,0
DA:498,0
DA:499,0
DA:500,0
DA:501,0
DA:502,0
DA:503,0
DA:504,0
DA:505,0
DA:506,0
DA:507,0
DA:515,0
DA:516,0
DA:517,0
DA:522,0
DA:524,0
DA:525,0
DA:528,0
DA:531,0
DA:532,0
DA:533,0
DA:534,0
DA:535,0
DA:536,0
DA:544,0
DA:545,0
DA:546,0
DA:551,0
DA:552,0
DA:555,0
DA:563,0
DA:564,0
DA:575,1
DA:576,1
DA:577,1
LF:147
LH:9
end_of_record
SF:D:\code\lumen-7.0.0\vendor\composer\autoload_real.php
FN:9,loadClassLoader
FNDA:0,loadClassLoader
FN:19,getLoader
FNDA:0,getLoader
FNF:2
FNH:0
DA:11,0
DA:12,0
DA:21,0
DA:22,0
DA:25,0
DA:27,0
DA:28,0
DA:29,0
DA:31,0
DA:32,0
DA:34,0
DA:36,0
DA:37,0
DA:38,0
DA:39,0
DA:41,0
DA:43,0
DA:44,0
DA:45,0
DA:48,0
LF:20
LH:0
end_of_record
SF:D:\code\lumen-7.0.0\vendor\composer\autoload_static.php
FN:3919,getInitializer
FNDA:0,getInitializer
FNF:1
FNH:0
DA:3921,0
DA:3922,0
DA:3923,0
DA:3924,0
DA:3926,0
LF:5
LH:0
end_of_record
SF:D:\code\lumen-7.0.0\vendor\illuminate\config\Repository.php
FN:24,__construct
FNDA:0,__construct
FN:35,has
FNDA:0,has
FN:47,get
FNDA:0,get
FN:62,getMany
FNDA:0,getMany
FN:84,set
FNDA:0,set
FN:100,prepend
FNDA:0,prepend
FN:116,push
FNDA:0,push
FN:130,all
FNDA:0,all
FN:141,offsetExists
FNDA:0,offsetExists
FN:152,offsetGet
FNDA:0,offsetGet
FN:164,offsetSet
FNDA:0,offsetSet
FN:175,offsetUnset
FNDA:0,offsetUnset
FNF:12
FNH:0
DA:26,0
DA:37,0
DA:49,0
DA:50,0
DA:53,0
DA:64,0
DA:66,0
DA:67,0
DA:68,0
DA:71,0
DA:74,0
DA:86,0
DA:88,0
DA:89,0
DA:102,0
DA:104,0
DA:106,0
DA:118,0
DA:120,0
DA:122,0
DA:132,0
DA:143,0
DA:154,0
DA:166,0
DA:177,0
LF:25
LH:0
end_of_record
SF:D:\code\lumen-7.0.0\vendor\illuminate\container\BoundMethod.php
FN:25,call
FNDA:1,call
FN:51,callClass
FNDA:0,callClass
FN:78,callBoundMethod
FNDA:1,callBoundMethod
FN:102,normalizeMethod
FNDA:1,normalizeMethod
FN:119,getMethodDependencies
FNDA:1,getMethodDependencies
FN:138,getCallReflector
FNDA:1,getCallReflector
FN:160,addDependencyForCallParameter
FNDA:0,addDependencyForCallParameter
FN:190,isCallableWithAtSign
FNDA:1,isCallableWithAtSign
FNF:8
FNH:2
DA:27,1
DA:28,0
DA:31,1
DA:32,0
DA:35,1
DA:36,1
DA:37,1
DA:53,0
DA:58,0
DA:59,0
DA:61,0
DA:62,0
DA:65,0
DA:66,0
DA:67,0
DA:80,1
DA:81,1
DA:87,1
DA:89,1
DA:90,0
DA:93,1
DA:104,1
DA:106,1
DA:121,1
DA:123,1
DA:124,0
DA:127,1
DA:140,1
DA:141,0
DA:142,1
DA:143,0
DA:146,1
DA:147,1
DA:148,1
DA:163,0
DA:164,0
DA:166,0
DA:167,0
DA:168,0
DA:169,0
DA:171,0
DA:173,0
DA:175,0
DA:176,0
DA:177,0
DA:178,0
DA:180,0
DA:192,1
LF:48
LH:21
end_of_record
SF:D:\code\lumen-7.0.0\vendor\illuminate\container\Container.php
FN:142,when
FNDA:0,when
FN:159,bound
FNDA:1,bound
FN:169,has
FNDA:0,has
FN:180,resolved
FNDA:0,resolved
FN:196,isShared
FNDA:1,isShared
FN:209,isAlias
FNDA:1,isAlias
FN:222,bind
FNDA:0,bind
FN:261,getClosure
FNDA:0,getClosure
FN:280,hasMethodBinding
FNDA:1,hasMethodBinding
FN:292,bindMethod
FNDA:0,bindMethod
FN:303,parseBindMethod
FNDA:0,parseBindMethod
FN:319,callMethodBinding
FNDA:0,callMethodBinding
FN:332,addContextualBinding
FNDA:0,addContextualBinding
FN:345,bindIf
FNDA:0,bindIf
FN:359,singleton
FNDA:0,singleton
FN:371,singletonIf
FNDA:0,singletonIf
FN:387,extend
FNDA:0,extend
FN:411,instance
FNDA:1,instance
FN:437,removeAbstractAlias
FNDA:1,removeAbstractAlias
FN:459,tag
FNDA:0,tag
FN:480,tagged
FNDA:0,tagged
FN:502,alias
FNDA:0,alias
FN:520,rebinding
FNDA:0,rebinding
FN:537,refresh
FNDA:0,refresh
FN:550,rebound
FNDA:1,rebound
FN:565,getReboundCallbacks
FNDA:1,getReboundCallbacks
FN:577,wrap
FNDA:0,wrap
FN:594,call
FNDA:1,call
FN:605,factory
FNDA:0,factory
FN:621,makeWith
FNDA:0,makeWith
FN:635,make
FNDA:1,make
FN:643,get
FNDA:0,get
FN:666,resolve
FNDA:1,resolve
FN:730,getConcrete
FNDA:1,getConcrete
FN:748,getContextualConcrete
FNDA:1,getContextualConcrete
FN:774,findInContextualBindings
FNDA:1,findInContextualBindings
FN:786,isBuildable
FNDA:1,isBuildable
FN:799,build
FNDA:1,build
FN:860,resolveDependencies
FNDA:0,resolveDependencies
FN:897,hasParameterOverride
FNDA:0,hasParameterOverride
FN:910,getParameterOverride
FNDA:0,getParameterOverride
FN:920,getLastParameterOverride
FNDA:0,getLastParameterOverride
FN:933,resolvePrimitive
FNDA:0,resolvePrimitive
FN:954,resolveClass
FNDA:0,resolveClass
FN:984,resolveVariadicClass
FNDA:0,resolveVariadicClass
FN:1007,notInstantiable
FNDA:0,notInstantiable
FN:1028,unresolvablePrimitive
FNDA:0,unresolvablePrimitive
FN:1042,resolving
FNDA:0,resolving
FN:1062,afterResolving
FNDA:0,afterResolving
FN:1082,fireResolvingCallbacks
FNDA:1,fireResolvingCallbacks
FN:1100,fireAfterResolvingCallbacks
FNDA:1,fireAfterResolvingCallbacks
FN:1117,getCallbacksForType
FNDA:1,getCallbacksForType
FN:1137,fireCallbackArray
FNDA:1,fireCallbackArray
FN:1149,getBindings
FNDA:0,getBindings
FN:1160,getAlias
FNDA:1,getAlias
FN:1175,getExtenders
FNDA:1,getExtenders
FN:1188,forgetExtenders
FNDA:0,forgetExtenders
FN:1199,dropStaleInstances
FNDA:0,dropStaleInstances
FN:1210,forgetInstance
FNDA:0,forgetInstance
FN:1220,forgetInstances
FNDA:0,forgetInstances
FN:1230,flush
FNDA:0,flush
FN:1244,getInstance
FNDA:1,getInstance
FN:1259,setInstance
FNDA:0,setInstance
FN:1270,offsetExists
FNDA:0,offsetExists
FN:1281,offsetGet
FNDA:1,offsetGet
FN:1293,offsetSet
FNDA:0,offsetSet
FN:1306,offsetUnset
FNDA:0,offsetUnset
FN:1317,__get
FNDA:0,__get
FN:1329,__set
FNDA:0,__set
FNF:69
FNH:15
DA:144,0
DA:146,0
DA:147,0
DA:150,0
DA:161,1
DA:162,1
DA:163,1
DA:171,0
DA:182,0
DA:183,0
DA:186,0
DA:187,0
DA:198,1
DA:199,1
DA:200,1
DA:211,1
DA:224,0
DA:229,0
DA:230,0
DA:236,0
DA:237,0
DA:238,0
DA:241,0
DA:244,0
DA:249,0
DA:250,0
DA:263,0
DA:264,0
DA:265,0
DA:268,0
DA:269,0
DA:270,0
DA:271,0
DA:282,1
DA:294,0
DA:305,0
DA:306,0
DA:309,0
DA:321,0
DA:334,0
DA:347,0
DA:348,0
DA:361,0
DA:373,0
DA:374,0
DA:389,0
DA:391,0
DA:392,0
DA:394,0
DA:396,0
DA:398,0
DA:399,0
DA:413,1
DA:415,1
DA:417,1
DA:422,1
DA:424,1
DA:425,1
DA:428,1
DA:439,1
DA:440,1
DA:443,0
DA:444,0
DA:445,0
DA:446,0
DA:461,0
DA:463,0
DA:464,0
DA:465,0
DA:468,0
DA:469,0
DA:482,0
DA:483,0
DA:486,0
DA:487,0
DA:488,0
DA:490,0
DA:504,0
DA:505,0
DA:508,0
DA:510,0
DA:522,0
DA:524,0
DA:525,0
DA:539,0
DA:540,0
DA:541,0
DA:552,1
DA:554,1
DA:555,0
DA:567,1
DA:579,0
DA:580,0
DA:581,0
DA:596,1
DA:607,0
DA:608,0
DA:609,0
DA:623,0
DA:637,1
DA:646,0
DA:647,0
DA:648,0
DA:649,0
DA:652,0
DA:668,1
DA:670,1
DA:672,1
DA:677,1
DA:678,1
DA:681,1
DA:683,1
DA:684,1
DA:690,1
DA:691,1
DA:693,0
DA:699,1
DA:700,0
DA:706,1
DA:707,0
DA:710,1
DA:711,1
DA:717,1
DA:719,1
DA:721,1
DA:735,1
DA:736,0
DA:739,1
DA:750,1
DA:751,0
DA:757,1
DA:758,1
DA:761,0
DA:762,0
DA:763,0
DA:776,1
DA:788,1
DA:804,1
DA:805,0
DA:809,1
DA:810,0
DA:811,0
DA:817,1
DA:818,0
DA:821,1
DA:823,1
DA:828,1
DA:829,1
DA:831,1
DA:834,0
DA:840,0
DA:841,0
DA:842,0
DA:844,0
DA:847,0
DA:849,0
DA:862,0
DA:864,0
DA:868,0
DA:869,0
DA:871,0
DA:877,0
DA:878,0
DA:879,0
DA:881,0
DA:882,0
DA:884,0
DA:888,0
DA:899,0
DA:900,0
DA:901,0
DA:912,0
DA:922,0
DA:935,0
DA:936,0
DA:939,0
DA:940,0
DA:943,0
DA:957,0
DA:958,0
DA:959,0
DA:965,0
DA:966,0
DA:967,0
DA:970,0
DA:971,0
DA:974,0
DA:986,0
DA:988,0
DA:990,0
DA:991,0
DA:994,0
DA:995,0
DA:996,0
DA:1009,0
DA:1010,0
DA:1012,0
DA:1014,0
DA:1017,0
DA:1030,0
DA:1032,0
DA:1044,0
DA:1045,0
DA:1048,0
DA:1049,0
DA:1051,0
DA:1064,0
DA:1065,0
DA:1068,0
DA:1069,0
DA:1071,0
DA:1084,1
DA:1086,1
DA:1087,1
DA:1088,1
DA:1090,1
DA:1102,1
DA:1104,1
DA:1105,1
DA:1106,1
DA:1119,1
DA:1121,1
DA:1122,0
DA:1123,0
DA:1127,1
DA:1139,1
DA:1140,0
DA:1151,0
DA:1162,1
DA:1163,1
DA:1166,1
DA:1177,1
DA:1179,1
DA:1190,0
DA:1201,0
DA:1212,0
DA:1222,0
DA:1232,0
DA:1233,0
DA:1234,0
DA:1235,0
DA:1236,0
DA:1246,1
DA:1247,0
DA:1250,1
DA:1261,0
DA:1272,0
DA:1283,1
DA:1295,0
DA:1296,0
DA:1297,0
DA:1308,0
DA:1319,0
DA:1331,0
LF:254
LH:75
end_of_record
SF:D:\code\lumen-7.0.0\vendor\illuminate\container\Util.php
FN:18,arrayWrap
FNDA:0,arrayWrap
FN:35,unwrapIfClosure
FNDA:1,unwrapIfClosure
FN:48,getParameterClassName
FNDA:0,getParameterClassName
FNF:3
FNH:1
DA:20,0
DA:21,0
DA:24,0
DA:37,1
DA:50,0
DA:52,0
DA:53,0
DA:56,0
DA:58,0
DA:59,0
DA:60,0
DA:63,0
DA:64,0
DA:68,0
LF:14
LH:1
end_of_record
SF:D:\code\lumen-7.0.0\vendor\illuminate\contracts\Support\Arrayable.php
LF:0
LH:0
end_of_record
SF:D:\code\lumen-7.0.0\vendor\illuminate\http\Concerns\InteractsWithContentTypes.php
FN:16,matchesType
FNDA:0,matchesType
FN:32,isJson
FNDA:1,isJson
FN:42,expectsJson
FNDA:0,expectsJson
FN:52,wantsJson
FNDA:0,wantsJson
FN:65,accepts
FNDA:0,accepts
FN:96,prefers
FNDA:0,prefers
FN:126,acceptsAnyContentType
FNDA:0,acceptsAnyContentType
FN:140,acceptsJson
FNDA:0,acceptsJson
FN:150,acceptsHtml
FNDA:0,acceptsHtml
FN:161,format
FNDA:0,format
FNF:10
FNH:1
DA:18,0
DA:19,0
DA:22,0
DA:24,0
DA:34,1
DA:44,0
DA:54,0
DA:56,0
DA:67,0
DA:69,0
DA:70,0
DA:73,0
DA:75,0
DA:76,0
DA:77,0
DA:80,0
DA:81,0
DA:82,0
DA:87,0
DA:98,0
DA:100,0
DA:102,0
DA:103,0
DA:104,0
DA:107,0
DA:108,0
DA:110,0
DA:111,0
DA:114,0
DA:115,0
DA:128,0
DA:130,0
DA:131,0
DA:132,0
DA:142,0
DA:152,0
DA:163,0
DA:164,0
DA:165,0
DA:169,0
LF:40
LH:1
end_of_record
SF:D:\code\lumen-7.0.0\vendor\illuminate\http\Concerns\InteractsWithFlashData.php
FN:14,old
FNDA:0,old
FN:24,flash
FNDA:0,flash
FN:35,flashOnly
FNDA:0,flashOnly
FN:48,flashExcept
FNDA:0,flashExcept
FN:60,flush
FNDA:0,flush
FNF:5
FNH:0
DA:16,0
DA:26,0
DA:37,0
DA:38,0
DA:39,0
DA:50,0
DA:51,0
DA:52,0
DA:62,0
LF:9
LH:0
end_of_record
SF:D:\code\lumen-7.0.0\vendor\illuminate\http\Concerns\InteractsWithInput.php
FN:20,server
FNDA:0,server
FN:31,hasHeader
FNDA:0,hasHeader
FN:43,header
FNDA:1,header
FN:53,bearerToken
FNDA:0,bearerToken
FN:68,exists
FNDA:0,exists
FN:79,has
FNDA:0,has
FN:100,hasAny
FNDA:0,hasAny
FN:116,whenHas
FNDA:0,whenHas
FN:131,filled
FNDA:0,filled
FN:150,isNotFilled
FNDA:0,isNotFilled
FN:169,anyFilled
FNDA:0,anyFilled
FN:189,whenFilled
FNDA:0,whenFilled
FN:204,missing
FNDA:0,missing
FN:217,isEmptyString
FNDA:0,isEmptyString
FN:229,keys
FNDA:0,keys
FN:240,all
FNDA:0,all
FN:264,input
FNDA:0,input
FN:280,boolean
FNDA:0,boolean
FN:291,only
FNDA:0,only
FN:316,except
FNDA:0,except
FN:334,query
FNDA:0,query
FN:346,post
FNDA:0,post
FN:357,hasCookie
FNDA:0,hasCookie
FN:369,cookie
FNDA:0,cookie
FN:379,allFiles
FNDA:0,allFiles
FN:392,convertUploadedFiles
FNDA:0,convertUploadedFiles
FN:411,hasFile
FNDA:0,hasFile
FN:432,isValidFile
FNDA:0,isValidFile
FN:444,file
FNDA:0,file
FN:457,retrieveItem
FNDA:1,retrieveItem
FNF:30
FNH:1
DA:22,0
DA:33,0
DA:45,1
DA:55,0
DA:57,0
DA:58,0
DA:70,0
DA:81,0
DA:83,0
DA:85,0
DA:86,0
DA:87,0
DA:91,0
DA:102,0
DA:104,0
DA:106,0
DA:118,0
DA:119,0
DA:122,0
DA:133,0
DA:135,0
DA:136,0
DA:137,0
DA:141,0
DA:152,0
DA:154,0
DA:155,0
DA:156,0
DA:160,0
DA:171,0
DA:173,0
DA:174,0
DA:175,0
DA:179,0
DA:191,0
DA:192,0
DA:195,0
DA:206,0
DA:208,0
DA:219,0
DA:221,0
DA:231,0
DA:242,0
DA:244,0
DA:245,0
DA:248,0
DA:250,0
DA:251,0
DA:254,0
DA:266,0
DA:267,0
DA:268,0
DA:282,0
DA:293,0
DA:295,0
DA:297,0
DA:299,0
DA:300,0
DA:302,0
DA:303,0
DA:307,0
DA:318,0
DA:320,0
DA:322,0
DA:324,0
DA:336,0
DA:348,0
DA:359,0
DA:371,0
DA:381,0
DA:383,0
DA:394,0
DA:395,0
DA:396,0
DA:399,0
DA:400,0
DA:401,0
DA:402,0
DA:413,0
DA:414,0
DA:417,0
DA:418,0
DA:419,0
DA:423,0
DA:434,0
DA:446,0
DA:459,1
DA:460,0
DA:463,1
LF:89
LH:3
end_of_record
SF:D:\code\lumen-7.0.0\vendor\illuminate\http\Request.php
FN:60,capture
FNDA:1,capture
FN:72,instance
FNDA:0,instance
FN:82,method
FNDA:0,method
FN:92,root
FNDA:0,root
FN:102,url
FNDA:0,url
FN:112,fullUrl
FNDA:0,fullUrl
FN:127,fullUrlWithQuery
FNDA:0,fullUrlWithQuery
FN:141,path
FNDA:0,path
FN:153,decodedPath
FNDA:0,decodedPath
FN:165,segment
FNDA:0,segment
FN:175,segments
FNDA:0,segments
FN:190,is
FNDA:0,is
FN:209,routeIs
FNDA:0,routeIs
FN:220,fullUrlIs
FNDA:0,fullUrlIs
FN:238,ajax
FNDA:0,ajax
FN:248,pjax
FNDA:0,pjax
FN:258,prefetch
FNDA:0,prefetch
FN:269,secure
FNDA:0,secure
FN:279,ip
FNDA:0,ip
FN:289,ips
FNDA:0,ips
FN:299,userAgent
FNDA:0,userAgent
FN:310,merge
FNDA:0,merge
FN:323,replace
FNDA:0,replace
FN:339,get
FNDA:1,get
FN:351,json
FNDA:0,json
FN:369,getInputSource
FNDA:1,getInputSource
FN:385,createFrom
FNDA:0,createFrom
FN:424,createFromBase
FNDA:1,createFromBase
FN:443,duplicate
FNDA:1,duplicate
FN:454,filterFiles
FNDA:1,filterFiles
FN:480,session
FNDA:0,session
FN:494,getSession
FNDA:0,getSession
FN:505,setLaravelSession
FNDA:0,setLaravelSession
FN:516,user
FNDA:0,user
FN:528,route
FNDA:0,route
FN:546,fingerprint
FNDA:0,fingerprint
FN:564,setJson
FNDA:0,setJson
FN:576,getUserResolver
FNDA:0,getUserResolver
FN:589,setUserResolver
FNDA:1,setUserResolver
FN:601,getRouteResolver
FNDA:0,getRouteResolver
FN:614,setRouteResolver
FNDA:1,setRouteResolver
FN:626,toArray
FNDA:0,toArray
FN:637,offsetExists
FNDA:0,offsetExists
FN:651,offsetGet
FNDA:0,offsetGet
FN:663,offsetSet
FNDA:0,offsetSet
FN:674,offsetUnset
FNDA:0,offsetUnset
FN:685,__isset
FNDA:0,__isset
FN:696,__get
FNDA:0,__get
FNF:48
FNH:6
DA:62,1
DA:64,1
DA:74,0
DA:84,0
DA:94,0
DA:104,0
DA:114,0
DA:116,0
DA:118,0
DA:129,0
DA:131,0
DA:132,0
DA:133,0
DA:143,0
DA:145,0
DA:155,0
DA:167,0
DA:177,0
DA:179,0
DA:180,0
DA:181,0
DA:192,0
DA:194,0
DA:195,0
DA:196,0
DA:200,0
DA:211,0
DA:222,0
DA:224,0
DA:225,0
DA:226,0
DA:230,0
DA:240,0
DA:250,0
DA:260,0
DA:261,0
DA:271,0
DA:281,0
DA:291,0
DA:301,0
DA:312,0
DA:314,0
DA:325,0
DA:327,0
DA:341,1
DA:353,0
DA:354,0
DA:357,0
DA:358,0
DA:361,0
DA:371,1
DA:372,0
DA:375,1
DA:387,0
DA:389,0
DA:391,0
DA:393,0
DA:394,0
DA:395,0
DA:396,0
DA:397,0
DA:398,0
DA:399,0
DA:400,0
DA:401,0
DA:403,0
DA:405,0
DA:407,0
DA:408,0
DA:411,0
DA:413,0
DA:415,0
DA:426,1
DA:427,1
DA:428,1
DA:429,1
DA:431,1
DA:433,1
DA:435,1
DA:437,1
DA:445,1
DA:456,1
DA:457,1
DA:460,0
DA:461,0
DA:462,0
DA:465,0
DA:466,0
DA:470,0
DA:482,0
DA:483,0
DA:486,0
DA:496,0
DA:507,0
DA:518,0
DA:530,0
DA:532,0
DA:533,0
DA:536,0
DA:548,0
DA:549,0
DA:552,0
DA:553,0
DA:554,0
DA:555,0
DA:566,0
DA:568,0
DA:578,0
DA:580,0
DA:591,1
DA:593,1
DA:603,0
DA:605,0
DA:616,1
DA:618,1
DA:628,0
DA:639,0
DA:640,0
DA:641,0
DA:642,0
DA:653,0
DA:665,0
DA:676,0
DA:687,0
DA:698,0
DA:699,0
DA:700,0
LF:127
LH:20
end_of_record
SF:D:\code\lumen-7.0.0\vendor\illuminate\http\Response.php
FN:30,__construct
FNDA:1,__construct
FN:45,setContent
FNDA:1,setContent
FN:76,shouldBeJson
FNDA:1,shouldBeJson
FN:91,morphToJson
FNDA:0,morphToJson
FNF:4
FNH:2
DA:32,1
DA:34,1
DA:35,1
DA:36,1
DA:47,1
DA:52,1
DA:53,0
DA:55,0
DA:61,1
DA:62,0
DA:65,1
DA:67,1
DA:78,1
DA:79,1
DA:80,1
DA:81,1
DA:82,1
DA:93,0
DA:94,0
DA:95,0
DA:96,0
DA:99,0
LF:22
LH:14
end_of_record
SF:D:\code\lumen-7.0.0\vendor\illuminate\http\ResponseTrait.php
FN:30,status
FNDA:0,status
FN:40,content
FNDA:0,content
FN:50,getOriginalContent
FNDA:0,getOriginalContent
FN:65,header
FNDA:0,header
FN:78,withHeaders
FNDA:0,withHeaders
FN:97,cookie
FNDA:0,cookie
FN:108,withCookie
FNDA:0,withCookie
FN:124,getCallback
FNDA:0,getCallback
FN:135,withException
FNDA:0,withException
FN:149,throwResponse
FNDA:0,throwResponse
FNF:10
FNH:0
DA:32,0
DA:42,0
DA:52,0
DA:54,0
DA:67,0
DA:69,0
DA:80,0
DA:81,0
DA:84,0
DA:85,0
DA:88,0
DA:99,0
DA:110,0
DA:111,0
DA:114,0
DA:116,0
DA:126,0
DA:137,0
DA:139,0
DA:151,0
LF:20
LH:0
end_of_record
SF:D:\code\lumen-7.0.0\vendor\illuminate\support\Arr.php
FN:19,accessible
FNDA:0,accessible
FN:32,add
FNDA:0,add
FN:47,collapse
FNDA:0,collapse
FN:70,crossJoin
FNDA:0,crossJoin
FN:97,divide
FNDA:0,divide
FN:109,dot
FNDA:0,dot
FN:131,except
FNDA:0,except
FN:145,exists
FNDA:0,exists
FN:162,first
FNDA:0,first
FN:191,last
FNDA:0,last
FN:207,flatten
FNDA:0,flatten
FN:237,forget
FNDA:0,forget
FN:282,get
FNDA:0,get
FN:318,has
FNDA:0,has
FN:352,hasAny
FNDA:0,hasAny
FN:385,isAssoc
FNDA:0,isAssoc
FN:399,only
FNDA:0,only
FN:412,pluck
FNDA:0,pluck
FN:447,explodePluckParameters
FNDA:0,explodePluckParameters
FN:464,prepend
FNDA:0,prepend
FN:483,pull
FNDA:0,pull
FN:501,random
FNDA:0,random
FN:542,set
FNDA:0,set
FN:579,shuffle
FNDA:0,shuffle
FN:599,sort
FNDA:0,sort
FN:610,sortRecursive
FNDA:0,sortRecursive
FN:633,query
FNDA:0,query
FN:645,where
FNDA:0,where
FN:656,wrap
FNDA:0,wrap
FNF:29
FNH:0
DA:21,0
DA:34,0
DA:35,0
DA:38,0
DA:49,0
DA:51,0
DA:52,0
DA:53,0
DA:54,0
DA:55,0
DA:58,0
DA:61,0
DA:72,0
DA:74,0
DA:75,0
DA:77,0
DA:78,0
DA:79,0
DA:81,0
DA:85,0
DA:88,0
DA:99,0
DA:111,0
DA:113,0
DA:114,0
DA:115,0
DA:117,0
DA:121,0
DA:133,0
DA:135,0
DA:147,0
DA:148,0
DA:151,0
DA:164,0
DA:165,0
DA:166,0
DA:169,0
DA:170,0
DA:174,0
DA:175,0
DA:176,0
DA:180,0
DA:193,0
DA:194,0
DA:197,0
DA:209,0
DA:211,0
DA:212,0
DA:214,0
DA:215,0
DA:217,0
DA:218,0
DA:219,0
DA:221,0
DA:222,0
DA:227,0
DA:239,0
DA:241,0
DA:243,0
DA:244,0
DA:247,0
DA:249,0
DA:250,0
DA:252,0
DA:255,0
DA:258,0
DA:260,0
DA:261,0
DA:263,0
DA:264,0
DA:266,0
DA:270,0
DA:284,0
DA:285,0
DA:288,0
DA:289,0
DA:292,0
DA:293,0
DA:296,0
DA:297,0
DA:300,0
DA:301,0
DA:302,0
DA:304,0
DA:308,0
DA:320,0
DA:322,0
DA:323,0
DA:326,0
DA:327,0
DA:329,0
DA:330,0
DA:333,0
DA:334,0
DA:335,0
DA:337,0
DA:342,0
DA:354,0
DA:355,0
DA:358,0
DA:360,0
DA:361,0
DA:364,0
DA:365,0
DA:368,0
DA:369,0
DA:370,0
DA:374,0
DA:387,0
DA:389,0
DA:401,0
DA:414,0
DA:416,0
DA:418,0
DA:419,0
DA:424,0
DA:425,0
DA:427,0
DA:429,0
DA:430,0
DA:433,0
DA:437,0
DA:449,0
DA:451,0
DA:453,0
DA:466,0
DA:467,0
DA:469,0
DA:472,0
DA:485,0
DA:487,0
DA:489,0
DA:503,0
DA:505,0
DA:507,0
DA:508,0
DA:509,0
DA:510,0
DA:513,0
DA:514,0
DA:517,0
DA:518,0
DA:521,0
DA:523,0
DA:525,0
DA:526,0
DA:529,0
DA:544,0
DA:545,0
DA:548,0
DA:550,0
DA:551,0
DA:552,0
DA:555,0
DA:560,0
DA:561,0
DA:564,0
DA:567,0
DA:569,0
DA:581,0
DA:582,0
DA:584,0
DA:585,0
DA:586,0
DA:589,0
DA:601,0
DA:612,0
DA:613,0
DA:614,0
DA:618,0
DA:619,0
DA:621,0
DA:624,0
DA:635,0
DA:647,0
DA:658,0
DA:659,0
DA:662,0
LF:178
LH:0
end_of_record
SF:D:\code\lumen-7.0.0\vendor\illuminate\support\Env.php
FN:32,enablePutenv
FNDA:0,enablePutenv
FN:43,disablePutenv
FNDA:0,disablePutenv
FN:54,getRepository
FNDA:0,getRepository
FN:79,get
FNDA:0,get
FNF:4
FNH:0
DA:34,0
DA:35,0
DA:45,0
DA:46,0
DA:56,0
DA:57,0
DA:58,0
DA:59,0
DA:60,0
DA:62,0
DA:63,0
DA:64,0
DA:65,0
DA:66,0
DA:69,0
DA:81,0
DA:82,0
DA:83,0
DA:84,0
DA:85,0
DA:86,0
DA:87,0
DA:88,0
DA:89,0
DA:90,0
DA:91,0
DA:92,0
DA:93,0
DA:94,0
DA:95,0
DA:98,0
DA:99,0
DA:102,0
DA:103,0
DA:104,0
DA:105,0
DA:106,0
LF:37
LH:0
end_of_record
SF:D:\code\lumen-7.0.0\vendor\illuminate\support\Str.php
FN:50,of
FNDA:0,of
FN:62,after
FNDA:0,after
FN:74,afterLast
FNDA:0,afterLast
FN:96,ascii
FNDA:0,ascii
FN:108,before
FNDA:0,before
FN:120,beforeLast
FNDA:0,beforeLast
FN:143,between
FNDA:0,between
FN:158,camel
FNDA:0,camel
FN:174,contains
FNDA:1,contains
FN:192,containsAll
FNDA:0,containsAll
FN:210,endsWith
FNDA:0,endsWith
FN:228,finish
FNDA:0,finish
FN:242,is
FNDA:0,is
FN:279,isAscii
FNDA:0,isAscii
FN:290,isUuid
FNDA:0,isUuid
FN:305,kebab
FNDA:0,kebab
FN:317,length
FNDA:0,length
FN:334,limit
FNDA:0,limit
FN:349,lower
FNDA:0,lower
FN:362,words
FNDA:0,words
FN:381,padBoth
FNDA:0,padBoth
FN:394,padLeft
FNDA:0,padLeft
FN:407,padRight
FNDA:0,padRight
FN:419,parseCallback
FNDA:0,parseCallback
FN:431,plural
FNDA:0,plural
FN:443,pluralStudly
FNDA:0,pluralStudly
FN:458,random
FNDA:0,random
FN:481,replaceArray
FNDA:0,replaceArray
FN:502,replaceFirst
FNDA:0,replaceFirst
FN:525,replaceLast
FNDA:0,replaceLast
FN:547,start
FNDA:0,start
FN:560,upper
FNDA:0,upper
FN:571,title
FNDA:0,title
FN:582,singular
FNDA:0,singular
FN:595,slug
FNDA:0,slug
FN:623,snake
FNDA:0,snake
FN:647,startsWith
FNDA:0,startsWith
FN:664,studly
FNDA:0,studly
FN:685,substr
FNDA:0,substr
FN:699,substrCount
FNDA:0,substrCount
FN:714,ucfirst
FNDA:0,ucfirst
FN:724,uuid
FNDA:0,uuid
FN:736,orderedUuid
FNDA:0,orderedUuid
FN:762,createUuidsUsing
FNDA:0,createUuidsUsing
FN:772,createUuidsNormally
FNDA:0,createUuidsNormally
FNF:45
FNH:1
DA:52,0
DA:64,0
DA:76,0
DA:77,0
DA:80,0
DA:82,0
DA:83,0
DA:86,0
DA:98,0
DA:110,0
DA:122,0
DA:123,0
DA:126,0
DA:128,0
DA:129,0
DA:132,0
DA:145,0
DA:146,0
DA:149,0
DA:160,0
DA:161,0
DA:164,0
DA:176,1
DA:177,1
DA:178,1
DA:182,1
DA:194,0
DA:195,0
DA:196,0
DA:200,0
DA:212,0
DA:213,0
DA:214,0
DA:218,0
DA:230,0
DA:232,0
DA:244,0
DA:246,0
DA:247,0
DA:250,0
DA:254,0
DA:255,0
DA:258,0
DA:263,0
DA:265,0
DA:266,0
DA:270,0
DA:281,0
DA:292,0
DA:293,0
DA:296,0
DA:307,0
DA:319,0
DA:320,0
DA:323,0
DA:336,0
DA:337,0
DA:340,0
DA:351,0
DA:364,0
DA:366,0
DA:367,0
DA:370,0
DA:383,0
DA:396,0
DA:409,0
DA:421,0
DA:433,0
DA:445,0
DA:447,0
DA:449,0
DA:460,0
DA:462,0
DA:463,0
DA:465,0
DA:467,0
DA:470,0
DA:483,0
DA:485,0
DA:487,0
DA:488,0
DA:491,0
DA:504,0
DA:505,0
DA:508,0
DA:510,0
DA:511,0
DA:514,0
DA:527,0
DA:528,0
DA:531,0
DA:533,0
DA:534,0
DA:537,0
DA:549,0
DA:551,0
DA:562,0
DA:573,0
DA:584,0
DA:597,0
DA:600,0
DA:602,0
DA:605,0
DA:608,0
DA:611,0
DA:613,0
DA:625,0
DA:627,0
DA:628,0
DA:631,0
DA:632,0
DA:634,0
DA:637,0
DA:649,0
DA:650,0
DA:651,0
DA:655,0
DA:666,0
DA:668,0
DA:669,0
DA:672,0
DA:674,0
DA:687,0
DA:701,0
DA:702,0
DA:704,0
DA:716,0
DA:726,0
DA:727,0
DA:728,0
DA:738,0
DA:739,0
DA:742,0
DA:744,0
DA:745,0
DA:746,0
DA:747,0
DA:749,0
DA:750,0
DA:751,0
DA:753,0
DA:764,0
DA:774,0
LF:143
LH:4
end_of_record
SF:D:\code\lumen-7.0.0\vendor\illuminate\support\Traits\Macroable.php
FN:26,macro
FNDA:0,macro
FN:40,mixin
FNDA:0,mixin
FN:60,hasMacro
FNDA:0,hasMacro
FN:74,__callStatic
FNDA:0,__callStatic
FN:100,__call
FNDA:0,__call
FNF:5
FNH:0
DA:28,0
DA:42,0
DA:43,0
DA:44,0
DA:46,0
DA:47,0
DA:48,0
DA:49,0
DA:62,0
DA:76,0
DA:77,0
DA:78,0
DA:79,0
DA:82,0
DA:84,0
DA:85,0
DA:88,0
DA:102,0
DA:103,0
DA:104,0
DA:105,0
DA:108,0
DA:110,0
DA:111,0
DA:114,0
LF:25
LH:0
end_of_record
SF:D:\code\lumen-7.0.0\vendor\illuminate\support\helpers.php
DA:20,0
DA:22,0
DA:23,0
DA:24,0
DA:26,0
DA:30,0
DA:43,0
DA:44,0
DA:47,0
DA:48,0
DA:51,0
DA:52,0
DA:55,0
DA:56,0
DA:59,0
DA:72,0
DA:74,0
DA:87,0
DA:88,0
DA:91,0
DA:93,0
DA:94,0
DA:97,0
DA:110,0
DA:125,0
DA:140,0
DA:141,0
DA:144,0
DA:146,0
DA:147,0
DA:149,0
DA:150,0
DA:153,0
DA:154,0
DA:155,0
DA:156,0
DA:157,0
DA:160,0
DA:162,0
DA:163,0
DA:166,0
DA:169,0
DA:170,0
DA:171,0
DA:172,0
DA:174,0
DA:178,0
DA:194,0
DA:196,0
DA:197,0
DA:198,0
DA:201,0
DA:202,0
DA:203,0
DA:205,0
DA:206,0
DA:207,0
DA:210,0
DA:211,0
DA:212,0
DA:213,0
DA:216,0
DA:217,0
DA:218,0
DA:220,0
DA:221,0
DA:222,0
DA:223,0
DA:226,0
DA:227,0
DA:228,0
DA:231,0
DA:233,0
DA:234,0
DA:235,0
DA:236,0
DA:240,0
DA:254,0
DA:255,0
DA:258,0
DA:259,0
DA:262,0
DA:276,0
DA:289,0
DA:302,0
DA:315,0
DA:330,0
DA:331,0
DA:334,0
DA:335,0
DA:336,0
DA:339,0
DA:342,0
DA:356,0
DA:357,0
DA:358,0
DA:359,0
DA:375,0
DA:376,0
DA:377,0
DA:379,0
DA:397,0
DA:400,0
DA:401,0
DA:404,0
DA:405,0
DA:406,0
DA:407,0
DA:410,0
DA:411,0
DA:414,0
DA:429,0
DA:430,0
DA:433,0
DA:435,0
DA:452,0
DA:453,0
DA:456,0
DA:473,0
DA:474,0
DA:477,0
DA:490,0
DA:492,0
DA:493,0
DA:496,0
DA:511,0
DA:512,0
DA:515,0
DA:516,0
DA:519,0
DA:532,0
DA:544,0
DA:558,0
LF:133
LH:0
end_of_record
SF:D:\code\lumen-7.0.0\vendor\laravel\lumen-framework\src\Application.php
FN:120,__construct
FNDA:0,__construct
FN:134,bootstrapContainer
FNDA:0,bootstrapContainer
FN:153,bootstrapRouter
FNDA:0,bootstrapRouter
FN:163,version
FNDA:1,version
FN:173,isDownForMaintenance
FNDA:0,isDownForMaintenance
FN:184,environment
FNDA:0,environment
FN:209,providerIsLoaded
FNDA:0,providerIsLoaded
FN:220,register
FNDA:0,register
FN:247,registerDeferredProvider
FNDA:0,registerDeferredProvider
FN:255,boot
FNDA:1,boot
FN:274,bootProvider
FNDA:0,bootProvider
FN:288,make
FNDA:1,make
FN:308,registerAuthBindings
FNDA:0,registerAuthBindings
FN:332,registerBroadcastingBindings
FNDA:0,registerBroadcastingBindings
FN:348,registerBusBindings
FNDA:0,registerBusBindings
FN:362,registerCacheBindings
FNDA:0,registerCacheBindings
FN:377,registerComposerBindings
FNDA:0,registerComposerBindings
FN:389,registerConfigBindings
FNDA:0,registerConfigBindings
FN:401,registerDatabaseBindings
FNDA:0,registerDatabaseBindings
FN:420,registerEncrypterBindings
FNDA:0,registerEncrypterBindings
FN:432,registerEventBindings
FNDA:0,registerEventBindings
FN:446,registerFilesBindings
FNDA:0,registerFilesBindings
FN:458,registerFilesystemBindings
FNDA:0,registerFilesystemBindings
FN:476,registerHashBindings
FNDA:0,registerHashBindings
FN:490,registerLogBindings
FNDA:0,registerLogBindings
FN:504,registerQueueBindings
FNDA:0,registerQueueBindings
FN:519,registerRouterBindings
FNDA:0,registerRouterBindings
FN:532,prepareRequest
FNDA:1,prepareRequest
FN:552,registerPsrRequestBindings
FNDA:0,registerPsrRequestBindings
FN:571,registerPsrResponseBindings
FNDA:0,registerPsrResponseBindings
FN:587,registerTranslationBindings
FNDA:0,registerTranslationBindings
FN:605,getLanguagePath
FNDA:0,getLanguagePath
FN:619,registerUrlGeneratorBindings
FNDA:0,registerUrlGeneratorBindings
FN:631,registerValidatorBindings
FNDA:0,registerValidatorBindings
FN:645,registerViewBindings
FNDA:0,registerViewBindings
FN:660,loadComponent
FNDA:0,loadComponent
FN:677,configure
FNDA:0,configure
FN:700,getConfigurationPath
FNDA:0,getConfigurationPath
FN:728,withFacades
FNDA:0,withFacades
FN:743,withAliases
FNDA:0,withAliases
FN:776,withEloquent
FNDA:0,withEloquent
FN:786,path
FNDA:0,path
FN:797,basePath
FNDA:0,basePath
FN:818,configPath
FNDA:0,configPath
FN:829,databasePath
FNDA:0,databasePath
FN:840,storagePath
FNDA:0,storagePath
FN:851,useStoragePath
FNDA:0,useStoragePath
FN:866,resourcePath
FNDA:0,resourcePath
FN:876,eventsAreCached
FNDA:0,eventsAreCached
FN:886,runningInConsole
FNDA:0,runningInConsole
FN:896,runningUnitTests
FNDA:0,runningUnitTests
FN:907,prepareForConsoleCommand
FNDA:0,prepareForConsoleCommand
FN:927,getNamespace
FNDA:0,getNamespace
FN:951,flush
FNDA:0,flush
FN:976,getLocale
FNDA:0,getLocale
FN:987,setLocale
FNDA:0,setLocale
FN:999,isLocale
FNDA:0,isLocale
FN:1009,registerContainerAliases
FNDA:0,registerContainerAliases
FNF:58
FNH:1
DA:122,0
DA:124,0
DA:125,0
DA:126,0
DA:136,0
DA:138,0
DA:139,0
DA:141,0
DA:143,0
DA:145,0
DA:155,0
DA:165,1
DA:175,0
DA:186,0
DA:188,0
DA:189,0
DA:191,0
DA:192,0
DA:193,0
DA:197,0
DA:200,0
DA:211,0
DA:222,0
DA:223,0
DA:226,0
DA:227,0
DA:230,0
DA:232,0
DA:233,0
DA:236,0
DA:237,0
DA:249,0
DA:257,1
DA:258,0
DA:261,1
DA:262,0
DA:265,1
DA:276,0
DA:277,0
DA:290,1
DA:292,1
DA:293,1
DA:294,1
DA:295,0
DA:297,0
DA:300,1
DA:310,0
DA:311,0
DA:312,0
DA:314,0
DA:315,0
DA:316,0
DA:318,0
DA:319,0
DA:320,0
DA:322,0
DA:323,0
DA:324,0
DA:334,0
DA:335,0
DA:336,0
DA:338,0
DA:339,0
DA:340,0
DA:350,0
DA:351,0
DA:353,0
DA:354,0
DA:364,0
DA:365,0
DA:366,0
DA:367,0
DA:368,0
DA:369,0
DA:379,0
DA:380,0
DA:381,0
DA:391,0
DA:392,0
DA:393,0
DA:403,0
DA:404,0
DA:406,0
DA:407,0
DA:408,0
DA:409,0
DA:410,0
DA:411,0
DA:412,0
DA:422,0
DA:423,0
DA:424,0
DA:434,0
DA:435,0
DA:437,0
DA:438,0
DA:448,0
DA:449,0
DA:450,0
DA:460,0
DA:461,0
DA:462,0
DA:463,0
DA:464,0
DA:465,0
DA:466,0
DA:467,0
DA:468,0
DA:478,0
DA:479,0
DA:481,0
DA:482,0
DA:492,0
DA:493,0
DA:495,0
DA:496,0
DA:506,0
DA:507,0
DA:508,0
DA:509,0
DA:510,0
DA:511,0
DA:521,0
DA:522,0
DA:523,0
DA:534,1
DA:535,0
DA:538,1
DA:539,0
DA:540,1
DA:541,0
DA:542,1
DA:544,1
DA:554,0
DA:555,0
DA:556,0
DA:558,0
DA:559,0
DA:562,0
DA:563,0
DA:573,0
DA:574,0
DA:575,0
DA:578,0
DA:579,0
DA:589,0
DA:590,0
DA:592,0
DA:594,0
DA:596,0
DA:597,0
DA:607,0
DA:608,0
DA:610,0
DA:621,0
DA:622,0
DA:623,0
DA:633,0
DA:634,0
DA:636,0
DA:637,0
DA:647,0
DA:648,0
DA:649,0
DA:662,0
DA:664,0
DA:665,0
DA:668,0
DA:679,0
DA:680,0
DA:683,0
DA:685,0
DA:687,0
DA:688,0
DA:702,0
DA:703,0
DA:705,0
DA:706,0
DA:707,0
DA:708,0
DA:711,0
DA:713,0
DA:714,0
DA:715,0
DA:716,0
DA:730,0
DA:732,0
DA:733,0
DA:745,0
DA:746,0
DA:747,0
DA:748,0
DA:749,0
DA:750,0
DA:751,0
DA:752,0
DA:753,0
DA:754,0
DA:755,0
DA:756,0
DA:757,0
DA:758,0
DA:760,0
DA:761,0
DA:763,0
DA:765,0
DA:766,0
DA:778,0
DA:788,0
DA:799,0
DA:800,0
DA:803,0
DA:804,0
DA:806,0
DA:809,0
DA:820,0
DA:831,0
DA:842,0
DA:853,0
DA:855,0
DA:857,0
DA:868,0
DA:878,0
DA:888,0
DA:898,0
DA:909,0
DA:911,0
DA:912,0
DA:914,0
DA:916,0
DA:917,0
DA:929,0
DA:930,0
DA:933,0
DA:935,0
DA:936,0
DA:937,0
DA:938,0
DA:943,0
DA:953,0
DA:955,0
DA:956,0
DA:957,0
DA:958,0
DA:959,0
DA:960,0
DA:961,0
DA:962,0
DA:963,0
DA:964,0
DA:966,0
DA:967,0
DA:968,0
DA:978,0
DA:989,0
DA:990,0
DA:1001,0
DA:1011,0
DA:1012,0
DA:1013,0
DA:1014,0
DA:1015,0
DA:1016,0
DA:1017,0
DA:1018,0
DA:1019,0
DA:1020,0
DA:1021,0
DA:1022,0
DA:1023,0
DA:1024,0
DA:1025,0
DA:1026,0
DA:1027,0
DA:1028,0
DA:1029,0
DA:1030,0
DA:1031,0
DA:1032,0
DA:1033,0
DA:1034,0
DA:1035,0
DA:1036,0
DA:1037,0
DA:1038,0
DA:1039,0
DA:1040,0
DA:1041,0
LF:288
LH:14
end_of_record
SF:D:\code\lumen-7.0.0\vendor\laravel\lumen-framework\src\Bootstrap\LoadEnvironmentVariables.php
FN:33,__construct
FNDA:0,__construct
FN:46,bootstrap
FNDA:0,bootstrap
FN:63,createDotenv
FNDA:0,createDotenv
FN:78,writeErrorAndDie
FNDA:0,writeErrorAndDie
FNF:4
FNH:0
DA:35,0
DA:36,0
DA:49,0
DA:50,0
DA:51,0
DA:52,0
DA:53,0
DA:54,0
DA:65,0
DA:66,0
DA:67,0
DA:68,0
DA:69,0
DA:80,0
DA:82,0
DA:83,0
DA:86,0
LF:17
LH:0
end_of_record
SF:D:\code\lumen-7.0.0\vendor\laravel\lumen-framework\src\Concerns\RegistersExceptionHandlers.php
FN:26,abort
FNDA:0,abort
FN:40,registerErrorHandling
FNDA:1,registerErrorHandling
FN:64,handleShutdown
FNDA:1,handleShutdown
FN:78,fatalErrorFromPhpError
FNDA:0,fatalErrorFromPhpError
FN:89,isFatal
FNDA:0,isFatal
FN:100,sendExceptionToHandler
FNDA:0,sendExceptionToHandler
FN:115,handleException
FNDA:0,handleException
FN:133,resolveExceptionHandler
FNDA:0,resolveExceptionHandler
FNF:8
FNH:0
DA:28,0
DA:29,0
DA:32,0
DA:42,0
DA:44,0
DA:45,0
DA:46,0
DA:48,0
DA:50,0
DA:51,0
DA:52,0
DA:54,1
DA:55,1
DA:56,1
DA:66,1
DA:67,0
DA:80,0
DA:91,0
DA:102,0
DA:104,0
DA:106,0
DA:117,0
DA:119,0
DA:121,0
DA:122,0
DA:124,0
DA:135,0
DA:136,0
DA:138,0
LF:29
LH:4
end_of_record
SF:D:\code\lumen-7.0.0\vendor\laravel\lumen-framework\src\Concerns\RoutesRequests.php
FN:63,middleware
FNDA:0,middleware
FN:80,routeMiddleware
FNDA:0,routeMiddleware
FN:90,handle
FNDA:0,handle
FN:107,run
FNDA:1,run
FN:128,callTerminableMiddleware
FNDA:0,callTerminableMiddleware
FN:155,dispatch
FNDA:1,dispatch
FN:184,parseIncomingRequest
FNDA:1,parseIncomingRequest
FN:200,createDispatcher
FNDA:0,createDispatcher
FN:215,setDispatcher
FNDA:0,setDispatcher
FN:226,handleDispatcherResponse
FNDA:0,handleDispatcherResponse
FN:244,handleFoundRoute
FNDA:1,handleFoundRoute
FN:274,callActionOnArrayBasedRoute
FNDA:1,callActionOnArrayBasedRoute
FN:311,callControllerAction
FNDA:1,callControllerAction
FN:342,callLumenController
FNDA:1,callLumenController
FN:366,callLumenControllerWithMiddleware
FNDA:0,callLumenControllerWithMiddleware
FN:382,callControllerCallable
FNDA:1,callControllerCallable
FN:399,gatherMiddlewareClassNames
FNDA:0,gatherMiddlewareClassNames
FN:417,sendThroughPipeline
FNDA:1,sendThroughPipeline
FN:435,prepareResponse
FNDA:1,prepareResponse
FN:459,shouldSkipMiddleware
FNDA:0,shouldSkipMiddleware
FNF:20
FNH:1
DA:65,0
DA:66,0
DA:69,0
DA:71,0
DA:82,0
DA:84,0
DA:92,0
DA:94,0
DA:95,0
DA:98,0
DA:109,1
DA:111,1
DA:112,1
DA:114,0
DA:117,1
DA:118,0
DA:130,0
DA:131,0
DA:134,0
DA:136,0
DA:137,0
DA:138,0
DA:141,0
DA:143,0
DA:144,0
DA:157,1
DA:160,1
DA:162,1
DA:163,1
DA:165,1
DA:166,1
DA:169,0
DA:170,0
DA:171,0
DA:172,1
DA:173,0
DA:174,0
DA:186,1
DA:187,1
DA:190,1
DA:192,1
DA:202,0
DA:203,0
DA:204,0
DA:206,0
DA:217,0
DA:228,0
DA:229,0
DA:230,0
DA:231,0
DA:232,0
DA:233,0
DA:234,0
DA:246,1
DA:248,1
DA:249,0
DA:250,1
DA:252,1
DA:255,1
DA:256,0
DA:258,0
DA:259,0
DA:260,0
DA:263,1
DA:264,1
DA:265,1
DA:276,1
DA:278,1
DA:279,1
DA:282,1
DA:283,1
DA:284,1
DA:285,1
DA:288,0
DA:289,0
DA:290,0
DA:294,1
DA:295,0
DA:299,1
DA:300,0
DA:301,0
DA:313,1
DA:315,1
DA:316,0
DA:319,1
DA:321,1
DA:322,0
DA:325,1
DA:326,1
DA:328,0
DA:329,0
DA:330,0
DA:344,1
DA:346,1
DA:347,0
DA:348,0
DA:349,0
DA:351,1
DA:352,1
DA:353,1
DA:368,0
DA:370,0
DA:371,0
DA:372,0
DA:385,1
DA:386,1
DA:387,1
DA:388,0
DA:389,0
DA:401,0
DA:403,0
DA:404,0
DA:406,0
DA:407,0
DA:419,1
DA:420,0
DA:421,0
DA:422,0
DA:423,0
DA:426,1
DA:437,1
DA:439,1
DA:440,0
DA:443,1
DA:444,0
DA:445,1
DA:446,1
DA:447,1
DA:448,0
DA:451,1
DA:461,0
LF:131
LH:55
end_of_record
SF:D:\code\lumen-7.0.0\vendor\laravel\lumen-framework\src\Http\Request.php
FN:18,routeIs
FNDA:0,routeIs
FN:41,route
FNDA:0,route
FN:59,fingerprint
FNDA:0,fingerprint
FN:76,offsetExists
FNDA:0,offsetExists
FNF:4
FNH:0
DA:20,0
DA:21,0
DA:24,0
DA:25,0
DA:26,0
DA:30,0
DA:43,0
DA:45,0
DA:46,0
DA:49,0
DA:61,0
DA:62,0
DA:65,0
DA:66,0
DA:67,0
DA:78,0
DA:79,0
DA:80,0
DA:81,0
LF:19
LH:0
end_of_record
SF:D:\code\lumen-7.0.0\vendor\laravel\lumen-framework\src\Routing\Closure.php
FNF:0
FNH:0
LF:0
LH:0
end_of_record
SF:D:\code\lumen-7.0.0\vendor\laravel\lumen-framework\src\Routing\Controller.php
FN:23,middleware
FNDA:0,middleware
FN:34,getMiddlewareForMethod
FNDA:1,getMiddlewareForMethod
FNF:2
FNH:0
DA:25,0
DA:36,1
DA:38,1
DA:39,0
DA:40,0
DA:43,0
DA:44,0
DA:47,0
DA:50,1
LF:9
LH:3
end_of_record
SF:D:\code\lumen-7.0.0\vendor\laravel\lumen-framework\src\Routing\ProvidesConvenienceMethods.php
FN:36,buildResponseUsing
FNDA:0,buildResponseUsing
FN:47,formatErrorsUsing
FNDA:0,formatErrorsUsing
FN:63,validate
FNDA:0,validate
FN:81,extractInputFromRules
FNDA:0,extractInputFromRules
FN:97,throwValidationException
FNDA:0,throwValidationException
FN:107,buildFailedValidationResponse
FNDA:0,buildFailedValidationResponse
FN:119,formatValidationErrors
FNDA:0,formatValidationErrors
FN:137,authorize
FNDA:0,authorize
FN:154,authorizeForUser
FNDA:0,authorizeForUser
FN:168,parseAbilityAndArguments
FNDA:0,parseAbilityAndArguments
FN:183,dispatch
FNDA:0,dispatch
FN:195,dispatchNow
FNDA:0,dispatchNow
FN:205,getValidationFactory
FNDA:0,getValidationFactory
FNF:13
FNH:0
DA:38,0
DA:49,0
DA:65,0
DA:67,0
DA:68,0
DA:71,0
DA:83,0
DA:84,0
DA:85,0
DA:99,0
DA:100,0
DA:101,0
DA:109,0
DA:110,0
DA:113,0
DA:121,0
DA:122,0
DA:125,0
DA:139,0
DA:141,0
DA:156,0
DA:158,0
DA:170,0
DA:171,0
DA:174,0
DA:185,0
DA:197,0
DA:207,0
LF:28
LH:0
end_of_record
SF:D:\code\lumen-7.0.0\vendor\laravel\lumen-framework\src\Routing\Router.php
FN:42,__construct
FNDA:0,__construct
FN:54,group
FNDA:0,group
FN:73,updateGroupStack
FNDA:0,updateGroupStack
FN:89,mergeGroup
FNDA:0,mergeGroup
FN:116,mergeWithLastGroup
FNDA:0,mergeWithLastGroup
FN:128,formatUsesPrefix
FNDA:0,formatUsesPrefix
FN:146,formatGroupPrefix
FNDA:0,formatGroupPrefix
FN:165,addRoute
FNDA:0,addRoute
FN:208,parseAction
FNDA:0,parseAction
FN:228,hasGroupStack
FNDA:0,hasGroupStack
FN:240,mergeGroupAttributes
FNDA:0,mergeGroupAttributes
FN:261,mergeNamespaceGroup
FNDA:0,mergeNamespaceGroup
FN:277,prependGroupNamespace
FNDA:0,prependGroupNamespace
FN:290,mergeMiddlewareGroup
FNDA:0,mergeMiddlewareGroup
FN:310,mergeAsGroup
FNDA:0,mergeAsGroup
FN:330,head
FNDA:0,head
FN:344,get
FNDA:0,get
FN:358,post
FNDA:0,post
FN:372,put
FNDA:0,put
FN:386,patch
FNDA:0,patch
FN:400,delete
FNDA:0,delete
FN:414,options
FNDA:0,options
FN:426,getRoutes
FNDA:1,getRoutes
FNF:23
FNH:1
DA:44,0
DA:56,0
DA:57,0
DA:60,0
DA:62,0
DA:64,0
DA:75,0
DA:76,0
DA:79,0
DA:91,0
DA:93,0
DA:95,0
DA:96,0
DA:99,0
DA:100,0
DA:103,0
DA:104,0
DA:107,0
DA:118,0
DA:130,0
DA:131,0
DA:132,0
DA:133,0
DA:136,0
DA:148,0
DA:150,0
DA:151,0
DA:154,0
DA:167,0
DA:169,0
DA:171,0
DA:172,0
DA:175,0
DA:176,0
DA:177,0
DA:180,0
DA:181,0
DA:184,0
DA:187,0
DA:189,0
DA:190,0
DA:193,0
DA:194,0
DA:195,0
DA:198,0
DA:210,0
DA:211,0
DA:212,0
DA:213,0
DA:216,0
DA:217,0
DA:220,0
DA:230,0
DA:242,0
DA:243,0
DA:244,0
DA:246,0
DA:247,0
DA:248,0
DA:249,0
DA:250,0
DA:251,0
DA:263,0
DA:264,0
DA:267,0
DA:279,0
DA:280,0
DA:292,0
DA:293,0
DA:294,0
DA:296,0
DA:300,0
DA:312,0
DA:313,0
DA:314,0
DA:316,0
DA:320,0
DA:332,0
DA:334,0
DA:346,0
DA:348,0
DA:360,0
DA:362,0
DA:374,0
DA:376,0
DA:388,0
DA:390,0
DA:402,0
DA:404,0
DA:416,0
DA:418,0
DA:428,1
LF:92
LH:1
end_of_record
SF:D:\code\lumen-7.0.0\vendor\laravel\lumen-framework\src\helpers.php
DA:25,0
DA:39,1
DA:40,0
DA:43,1
DA:56,0
DA:57,0
DA:60,0
DA:73,0
DA:86,0
DA:99,0
DA:112,0
DA:126,0
DA:142,0
DA:143,0
DA:146,0
DA:147,0
DA:150,0
DA:163,0
DA:176,0
DA:191,0
DA:204,0
DA:206,0
DA:208,0
DA:210,0
DA:211,0
DA:212,0
DA:213,0
DA:215,0
DA:230,0
DA:246,0
DA:248,0
DA:249,0
DA:252,0
DA:265,0
DA:279,0
DA:280,0
DA:283,0
DA:284,0
DA:287,0
DA:289,0
DA:302,0
DA:317,0
DA:319,0
DA:320,0
DA:323,0
DA:338,0
DA:351,0
DA:366,0
DA:367,0
DA:370,0
DA:385,0
DA:401,0
DA:416,0
DA:432,0
DA:434,0
DA:435,0
DA:438,0
DA:453,0
DA:455,0
DA:456,0
DA:459,0
LF:61
LH:2
end_of_record
SF:D:\code\lumen-7.0.0\vendor\mockery\mockery\library\Mockery.php
FN:83,andAnyOtherArgs
FNDA:0,andAnyOtherArgs
FN:96,andAnyOthers
FNDA:0,andAnyOthers
FN:106,any
FNDA:0,any
FN:120,anyOf
FNDA:0,anyOf
FN:130,builtInTypes
FNDA:0,builtInTypes
FN:144,capture
FNDA:0,capture
FN:160,close
FNDA:0,close
FN:190,contains
FNDA:0,contains
FN:200,declareClass
FNDA:0,declareClass
FN:210,declareInterface
FNDA:0,declareInterface
FN:224,ducktype
FNDA:0,ducktype
FN:238,fetchMock
FNDA:0,fetchMock
FN:250,formatArgs
FNDA:0,formatArgs
FN:269,formatObjects
FNDA:0,formatObjects
FN:304,getConfiguration
FNDA:0,getConfiguration
FN:318,getContainer
FNDA:0,getContainer
FN:333,getDefaultGenerator
FNDA:0,getDefaultGenerator
FN:343,getDefaultLoader
FNDA:0,getDefaultLoader
FN:354,getGenerator
FNDA:0,getGenerator
FN:369,getLoader
FNDA:0,getLoader
FN:383,globalHelpers
FNDA:0,globalHelpers
FN:397,hasKey
FNDA:0,hasKey
FN:411,hasValue
FNDA:0,hasValue
FN:425,instanceMock
FNDA:0,instanceMock
FN:437,isBuiltInType
FNDA:0,isBuiltInType
FN:449,isEqual
FNDA:0,isEqual
FN:461,isSame
FNDA:0,isSame
FN:475,mock
FNDA:0,mock
FN:489,mustBe
FNDA:0,mustBe
FN:503,namedMock
FNDA:0,namedMock
FN:524,not
FNDA:0,not
FN:538,notAnyOf
FNDA:0,notAnyOf
FN:552,on
FNDA:0,on
FN:568,parseShouldReturnArgs
FNDA:0,parseShouldReturnArgs
FN:598,pattern
FNDA:0,pattern
FN:608,registerFileForCleanUp
FNDA:0,registerFileForCleanUp
FN:618,resetContainer
FNDA:0,resetContainer
FN:630,self
FNDA:0,self
FN:644,setContainer
FNDA:0,setContainer
FN:652,setGenerator
FNDA:0,setGenerator
FN:660,setLoader
FNDA:0,setLoader
FN:675,spy
FNDA:0,spy
FN:691,subset
FNDA:0,subset
FN:705,type
FNDA:0,type
FN:721,buildDemeterChain
FNDA:0,buildDemeterChain
FN:787,cleanupArray
FNDA:0,cleanupArray
FN:819,cleanupNesting
FNDA:0,cleanupNesting
FN:839,declareType
FNDA:0,declareType
FN:877,extractInstancePublicProperties
FNDA:0,extractInstancePublicProperties
FN:906,formatArgument
FNDA:0,formatArgument
FN:961,getExistingDemeterMock
FNDA:0,getExistingDemeterMock
FN:975,getNewDemeterMock
FNDA:0,getNewDemeterMock
FN:1026,noMoreElementsInChain
FNDA:0,noMoreElementsInChain
FN:1039,objectToArray
FNDA:0,objectToArray
FNF:54
FNH:0
DA:85,0
DA:98,0
DA:108,0
DA:122,0
DA:132,0
DA:146,0
DA:147,0
DA:148,0
DA:149,0
DA:151,0
DA:162,0
DA:163,0
DA:166,0
DA:168,0
DA:169,0
DA:172,0
DA:174,0
DA:176,0
DA:178,0
DA:192,0
DA:202,0
DA:212,0
DA:226,0
DA:240,0
DA:252,0
DA:253,0
DA:256,0
DA:257,0
DA:258,0
DA:261,0
DA:271,0
DA:273,0
DA:274,0
DA:277,0
DA:278,0
DA:281,0
DA:282,0
DA:283,0
DA:286,0
DA:287,0
DA:289,0
DA:290,0
DA:293,0
DA:295,0
DA:306,0
DA:307,0
DA:310,0
DA:320,0
DA:321,0
DA:324,0
DA:335,0
DA:345,0
DA:356,0
DA:357,0
DA:360,0
DA:371,0
DA:372,0
DA:375,0
DA:385,0
DA:399,0
DA:413,0
DA:427,0
DA:439,0
DA:451,0
DA:463,0
DA:477,0
DA:491,0
DA:505,0
DA:507,0
DA:508,0
DA:510,0
DA:512,0
DA:526,0
DA:540,0
DA:554,0
DA:570,0
DA:572,0
DA:573,0
DA:574,0
DA:576,0
DA:579,0
DA:580,0
DA:581,0
DA:586,0
DA:600,0
DA:610,0
DA:620,0
DA:632,0
DA:633,0
DA:636,0
DA:646,0
DA:654,0
DA:662,0
DA:677,0
DA:678,0
DA:681,0
DA:693,0
DA:707,0
DA:723,0
DA:724,0
DA:726,0
DA:729,0
DA:730,0
DA:731,0
DA:733,0
DA:734,0
DA:735,0
DA:736,0
DA:737,0
DA:741,0
DA:742,0
DA:743,0
DA:745,0
DA:748,0
DA:749,0
DA:750,0
DA:751,0
DA:753,0
DA:754,0
DA:755,0
DA:756,0
DA:759,0
DA:761,0
DA:762,0
DA:763,0
DA:767,0
DA:769,0
DA:770,0
DA:771,0
DA:774,0
DA:789,0
DA:790,0
DA:793,0
DA:794,0
DA:795,0
DA:797,0
DA:800,0
DA:801,0
DA:805,0
DA:821,0
DA:822,0
DA:823,0
DA:825,0
DA:828,0
DA:829,0
DA:832,0
DA:841,0
DA:842,0
DA:844,0
DA:845,0
DA:847,0
DA:848,0
DA:850,0
DA:853,0
DA:860,0
DA:862,0
DA:864,0
DA:866,0
DA:879,0
DA:880,0
DA:881,0
DA:883,0
DA:884,0
DA:885,0
DA:887,0
DA:888,0
DA:889,0
DA:894,0
DA:908,0
DA:909,0
DA:912,0
DA:913,0
DA:916,0
DA:917,0
DA:920,0
DA:921,0
DA:922,0
DA:924,0
DA:925,0
DA:926,0
DA:927,0
DA:928,0
DA:931,0
DA:934,0
DA:937,0
DA:938,0
DA:941,0
DA:942,0
DA:945,0
DA:946,0
DA:949,0
DA:963,0
DA:977,0
DA:979,0
DA:981,0
DA:982,0
DA:983,0
DA:986,0
DA:987,0
DA:988,0
DA:990,0
DA:991,0
DA:993,0
DA:994,0
DA:995,0
DA:997,0
DA:998,0
DA:1000,0
DA:1002,0
DA:1003,0
DA:1004,0
DA:1005,0
DA:1007,0
DA:1009,0
DA:1014,0
DA:1015,0
DA:1017,0
DA:1028,0
DA:1041,0
DA:1042,0
DA:1045,0
DA:1046,0
DA:1047,0
DA:1048,0
DA:1049,0
DA:1051,0
DA:1053,0
DA:1055,0
DA:1056,0
DA:1057,0
DA:1058,0
DA:1060,0
LF:232
LH:0
end_of_record
SF:D:\code\lumen-7.0.0\vendor\mockery\mockery\library\helpers.php
DA:26,0
DA:40,0
DA:54,0
DA:61,0
DA:68,0
DA:75,0
LF:6
LH:0
end_of_record
SF:D:\code\lumen-7.0.0\vendor\myclabs\deep-copy\src\DeepCopy\deep_copy.php
DA:18,0
LF:1
LH:0
end_of_record
SF:D:\code\lumen-7.0.0\vendor\nikic\fast-route\src\functions.php
DA:14,0
DA:15,0
DA:16,0
DA:17,0
DA:18,0
DA:19,0
DA:22,0
DA:23,0
DA:24,0
DA:25,0
DA:27,0
DA:38,0
DA:39,0
DA:40,0
DA:41,0
DA:42,0
DA:43,0
DA:44,0
DA:46,0
DA:47,0
DA:50,0
DA:51,0
DA:52,0
DA:53,0
DA:55,0
DA:58,0
DA:59,0
DA:60,0
DA:61,0
DA:64,0
DA:65,0
DA:66,0
DA:67,0
DA:68,0
DA:69,0
DA:72,0
LF:36
LH:0
end_of_record
SF:D:\code\lumen-7.0.0\vendor\opis\closure\functions.php
DA:18,0
DA:19,0
DA:20,0
DA:21,0
DA:22,0
DA:34,0
DA:35,0
DA:36,0
DA:37,0
DA:38,0
DA:39,0
DA:40,0
LF:12
LH:0
end_of_record
SF:D:\code\lumen-7.0.0\vendor\phpoption\phpoption\src\PhpOption\None.php
FN:34,create
FNDA:0,create
FN:43,get
FNDA:0,get
FN:48,getOrCall
FNDA:0,getOrCall
FN:53,getOrElse
FNDA:0,getOrElse
FN:58,getOrThrow
FNDA:0,getOrThrow
FN:63,isEmpty
FNDA:0,isEmpty
FN:68,isDefined
FNDA:0,isDefined
FN:73,orElse
FNDA:0,orElse
FN:78,ifDefined
FNDA:0,ifDefined
FN:83,forAll
FNDA:0,forAll
FN:88,map
FNDA:0,map
FN:93,flatMap
FNDA:0,flatMap
FN:98,filter
FNDA:0,filter
FN:103,filterNot
FNDA:0,filterNot
FN:108,select
FNDA:0,select
FN:113,reject
FNDA:0,reject
FN:118,getIterator
FNDA:0,getIterator
FN:123,foldLeft
FNDA:0,foldLeft
FN:128,foldRight
FNDA:0,foldRight
FN:133,__construct
FNDA:0,__construct
FNF:20
FNH:0
DA:36,0
DA:37,0
DA:40,0
DA:45,0
DA:50,0
DA:55,0
DA:60,0
DA:65,0
DA:70,0
DA:75,0
DA:81,0
DA:85,0
DA:90,0
DA:95,0
DA:100,0
DA:105,0
DA:110,0
DA:115,0
DA:120,0
DA:125,0
DA:130,0
DA:135,0
LF:22
LH:0
end_of_record
SF:D:\code\lumen-7.0.0\vendor\phpoption\phpoption\src\PhpOption\Option.php
FN:46,fromValue
FNDA:0,fromValue
FN:69,fromArraysValue
FNDA:0,fromArraysValue
FN:94,fromReturn
FNDA:0,fromReturn
FN:124,ensure
FNDA:0,ensure
FN:160,lift
FNDA:0,lift
FNF:5
FNH:0
DA:48,0
DA:49,0
DA:52,0
DA:71,0
DA:72,0
DA:75,0
DA:96,0
DA:98,0
DA:100,0
DA:101,0
DA:104,0
DA:105,0
DA:126,0
DA:127,0
DA:128,0
DA:129,0
DA:131,0
DA:133,0
DA:134,0
DA:136,0
DA:138,0
DA:140,0
DA:162,0
DA:164,0
DA:166,0
DA:167,0
DA:169,0
DA:170,0
DA:171,0
DA:172,0
DA:173,0
DA:175,0
DA:176,0
DA:179,0
DA:181,0
DA:185,0
DA:186,0
DA:187,0
DA:188,0
DA:190,0
DA:191,0
LF:41
LH:0
end_of_record
SF:D:\code\lumen-7.0.0\vendor\phpoption\phpoption\src\PhpOption\Some.php
FN:36,__construct
FNDA:0,__construct
FN:48,create
FNDA:0,create
FN:53,isDefined
FNDA:0,isDefined
FN:58,isEmpty
FNDA:0,isEmpty
FN:63,get
FNDA:0,get
FN:68,getOrElse
FNDA:0,getOrElse
FN:73,getOrCall
FNDA:0,getOrCall
FN:78,getOrThrow
FNDA:0,getOrThrow
FN:83,orElse
FNDA:0,orElse
FN:88,ifDefined
FNDA:0,ifDefined
FN:93,forAll
FNDA:0,forAll
FN:100,map
FNDA:0,map
FN:105,flatMap
FNDA:0,flatMap
FN:116,filter
FNDA:0,filter
FN:125,filterNot
FNDA:0,filterNot
FN:134,select
FNDA:0,select
FN:143,reject
FNDA:0,reject
FN:155,getIterator
FNDA:0,getIterator
FN:160,foldLeft
FNDA:0,foldLeft
FN:165,foldRight
FNDA:0,foldRight
FNF:20
FNH:0
DA:38,0
DA:50,0
DA:55,0
DA:60,0
DA:65,0
DA:70,0
DA:75,0
DA:80,0
DA:85,0
DA:90,0
DA:95,0
DA:97,0
DA:102,0
DA:108,0
DA:109,0
DA:110,0
DA:113,0
DA:118,0
DA:119,0
DA:122,0
DA:127,0
DA:128,0
DA:131,0
DA:136,0
DA:137,0
DA:140,0
DA:145,0
DA:146,0
DA:149,0
DA:157,0
DA:162,0
DA:167,0
LF:32
LH:0
end_of_record
SF:D:\code\lumen-7.0.0\vendor\phpunit\php-code-coverage\src\CodeCoverage.php
FN:122,__construct
FNDA:0,__construct
FN:133,getReport
FNDA:0,getReport
FN:145,clear
FNDA:0,clear
FN:156,clearCache
FNDA:0,clearCache
FN:164,filter
FNDA:0,filter
FN:172,getData
FNDA:0,getData
FN:188,setData
FNDA:0,setData
FN:196,getTests
FNDA:0,getTests
FN:204,setTests
FNDA:0,setTests
FN:214,start
FNDA:1,start
FN:232,stop
FNDA:1,stop
FN:259,append
FNDA:0,append
FN:329,merge
FNDA:0,merge
FN:342,enableCheckForUnintentionallyCoveredCode
FNDA:0,enableCheckForUnintentionallyCoveredCode
FN:347,disableCheckForUnintentionallyCoveredCode
FNDA:0,disableCheckForUnintentionallyCoveredCode
FN:352,includeUncoveredFiles
FNDA:0,includeUncoveredFiles
FN:357,excludeUncoveredFiles
FNDA:0,excludeUncoveredFiles
FN:362,processUncoveredFiles
FNDA:0,processUncoveredFiles
FN:367,doNotProcessUncoveredFiles
FNDA:0,doNotProcessUncoveredFiles
FN:372,enableAnnotationsForIgnoringCode
FNDA:0,enableAnnotationsForIgnoringCode
FN:377,disableAnnotationsForIgnoringCode
FNDA:0,disableAnnotationsForIgnoringCode
FN:382,ignoreDeprecatedCode
FNDA:0,ignoreDeprecatedCode
FN:387,doNotIgnoreDeprecatedCode
FNDA:0,doNotIgnoreDeprecatedCode
FN:395,cachesStaticAnalysis
FNDA:0,cachesStaticAnalysis
FN:400,cacheStaticAnalysis
FNDA:0,cacheStaticAnalysis
FN:405,doNotCacheStaticAnalysis
FNDA:0,doNotCacheStaticAnalysis
FN:413,cacheDirectory
FNDA:0,cacheDirectory
FN:427,excludeSubclassesOfThisClassFromUnintentionallyCoveredCodeCheck
FNDA:0,excludeSubclassesOfThisClassFromUnintentionallyCoveredCodeCheck
FN:432,enableBranchAndPathCoverage
FNDA:0,enableBranchAndPathCoverage
FN:437,disableBranchAndPathCoverage
FNDA:0,disableBranchAndPathCoverage
FN:442,collectsBranchAndPathCoverage
FNDA:0,collectsBranchAndPathCoverage
FN:447,detectsDeadCode
FNDA:0,detectsDeadCode
FN:460,applyCoversAnnotationFilter
FNDA:0,applyCoversAnnotationFilter
FN:493,applyFilter
FNDA:0,applyFilter
FN:506,applyExecutableLinesFilter
FNDA:0,applyExecutableLinesFilter
FN:527,applyIgnoredLinesFilter
FNDA:0,applyIgnoredLinesFilter
FN:544,addUncoveredFilesFromFilter
FNDA:0,addUncoveredFilesFromFilter
FN:567,processUncoveredFilesFromFilter
FNDA:0,processUncoveredFilesFromFilter
FN:589,performUnintentionallyCoveredCodeCheck
FNDA:0,performUnintentionallyCoveredCodeCheck
FN:615,getAllowedLines
FNDA:0,getAllowedLines
FN:653,processUnintentionallyCoveredUnits
FNDA:0,processUnintentionallyCoveredUnits
FN:687,analyser
FNDA:0,analyser
FNF:42
FNH:0
DA:124,0
DA:125,0
DA:126,0
DA:127,0
DA:135,0
DA:136,0
DA:139,0
DA:147,0
DA:148,0
DA:149,0
DA:150,0
DA:158,0
DA:166,0
DA:174,0
DA:175,0
DA:176,0
DA:177,0
DA:178,0
DA:182,0
DA:190,0
DA:198,0
DA:206,0
DA:216,0
DA:217,0
DA:220,0
DA:222,0
DA:224,1
DA:234,1
DA:235,0
DA:236,0
DA:237,0
DA:240,1
DA:241,0
DA:243,0
DA:244,0
DA:246,0
DA:261,0
DA:262,0
DA:265,0
DA:266,0
DA:269,0
DA:271,0
DA:273,0
DA:275,0
DA:276,0
DA:279,0
DA:281,0
DA:282,0
DA:285,0
DA:286,0
DA:287,0
DA:288,0
DA:289,0
DA:290,0
DA:292,0
DA:293,0
DA:296,0
DA:297,0
DA:298,0
DA:300,0
DA:301,0
DA:302,0
DA:304,0
DA:305,0
DA:306,0
DA:307,0
DA:308,0
DA:309,0
DA:312,0
DA:313,0
DA:314,0
DA:315,0
DA:316,0
DA:317,0
DA:320,0
DA:322,0
DA:331,0
DA:332,0
DA:333,0
DA:335,0
DA:337,0
DA:339,0
DA:344,0
DA:349,0
DA:354,0
DA:359,0
DA:364,0
DA:369,0
DA:374,0
DA:379,0
DA:384,0
DA:389,0
DA:397,0
DA:402,0
DA:407,0
DA:415,0
DA:416,0
DA:417,0
DA:418,0
DA:421,0
DA:429,0
DA:434,0
DA:439,0
DA:444,0
DA:449,0
DA:462,0
DA:463,0
DA:465,0
DA:468,0
DA:469,0
DA:472,0
DA:473,0
DA:474,0
DA:475,0
DA:478,0
DA:479,0
DA:481,0
DA:482,0
DA:485,0
DA:486,0
DA:487,0
DA:488,0
DA:495,0
DA:496,0
DA:499,0
DA:500,0
DA:501,0
DA:508,0
DA:509,0
DA:510,0
DA:513,0
DA:515,0
DA:516,0
DA:517,0
DA:518,0
DA:520,0
DA:521,0
DA:522,0
DA:523,0
DA:529,0
DA:530,0
DA:531,0
DA:534,0
DA:535,0
DA:536,0
DA:537,0
DA:546,0
DA:547,0
DA:548,0
DA:549,0
DA:551,0
DA:552,0
DA:553,0
DA:554,0
DA:555,0
DA:556,0
DA:557,0
DA:558,0
DA:559,0
DA:569,0
DA:570,0
DA:571,0
DA:572,0
DA:574,0
DA:576,0
DA:577,0
DA:578,0
DA:582,0
DA:591,0
DA:592,0
DA:593,0
DA:594,0
DA:596,0
DA:598,0
DA:599,0
DA:600,0
DA:601,0
DA:606,0
DA:608,0
DA:609,0
DA:610,0
DA:611,0
DA:617,0
DA:619,0
DA:620,0
DA:621,0
DA:624,0
DA:625,0
DA:626,0
DA:627,0
DA:630,0
DA:631,0
DA:632,0
DA:635,0
DA:636,0
DA:637,0
DA:638,0
DA:641,0
DA:642,0
DA:643,0
DA:644,0
DA:647,0
DA:655,0
DA:656,0
DA:658,0
DA:659,0
DA:661,0
DA:662,0
DA:666,0
DA:668,0
DA:669,0
DA:670,0
DA:672,0
DA:675,0
DA:676,0
DA:677,0
DA:678,0
DA:679,0
DA:680,0
DA:684,0
DA:689,0
DA:690,0
DA:693,0
DA:694,0
DA:695,0
DA:696,0
DA:698,0
DA:699,0
DA:700,0
DA:701,0
DA:702,0
DA:703,0
DA:704,0
DA:707,0
LF:234
LH:3
end_of_record
SF:D:\code\lumen-7.0.0\vendor\phpunit\php-code-coverage\src\Driver\Driver.php
FN:80,forLineCoverage
FNDA:0,forLineCoverage
FN:93,forLineAndPathCoverage
FNDA:0,forLineAndPathCoverage
FN:98,canCollectBranchAndPathCoverage
FNDA:0,canCollectBranchAndPathCoverage
FN:103,collectsBranchAndPathCoverage
FNDA:0,collectsBranchAndPathCoverage
FN:111,enableBranchAndPathCoverage
FNDA:0,enableBranchAndPathCoverage
FN:125,disableBranchAndPathCoverage
FNDA:0,disableBranchAndPathCoverage
FN:130,canDetectDeadCode
FNDA:0,canDetectDeadCode
FN:135,detectsDeadCode
FNDA:0,detectsDeadCode
FN:143,enableDeadCodeDetection
FNDA:0,enableDeadCodeDetection
FN:157,disableDeadCodeDetection
FNDA:0,disableDeadCodeDetection
FNF:10
FNH:0
DA:82,0
DA:95,0
DA:100,0
DA:105,0
DA:113,0
DA:114,0
DA:115,0
DA:116,0
DA:117,0
DA:118,0
DA:119,0
DA:122,0
DA:127,0
DA:132,0
DA:137,0
DA:145,0
DA:146,0
DA:147,0
DA:148,0
DA:149,0
DA:150,0
DA:151,0
DA:154,0
DA:159,0
LF:24
LH:0
end_of_record
SF:D:\code\lumen-7.0.0\vendor\phpunit\php-code-coverage\src\Driver\Selector.php
FN:29,forLineCoverage
FNDA:0,forLineCoverage
FN:62,forLineAndPathCoverage
FNDA:0,forLineAndPathCoverage
FNF:2
FNH:0
DA:31,0
DA:33,0
DA:34,0
DA:37,0
DA:38,0
DA:41,0
DA:42,0
DA:43,0
DA:45,0
DA:48,0
DA:50,0
DA:53,0
DA:64,0
DA:65,0
DA:66,0
DA:68,0
DA:71,0
DA:72,0
DA:74,0
DA:77,0
LF:20
LH:0
end_of_record
SF:D:\code\lumen-7.0.0\vendor\phpunit\php-code-coverage\src\Driver\Xdebug3Driver.php
FN:42,__construct
FNDA:0,__construct
FN:77,canCollectBranchAndPathCoverage
FNDA:0,canCollectBranchAndPathCoverage
FN:82,canDetectDeadCode
FNDA:0,canDetectDeadCode
FN:87,start
FNDA:0,start
FN:102,stop
FNDA:1,stop
FN:115,nameAndVersion
FNDA:0,nameAndVersion
FNF:6
FNH:0
DA:44,0
DA:45,0
DA:48,0
DA:49,0
DA:50,0
DA:51,0
DA:52,0
DA:53,0
DA:54,0
DA:57,0
DA:59,0
DA:60,0
DA:63,0
DA:64,0
DA:65,0
DA:68,0
DA:69,0
DA:70,0
DA:71,0
DA:72,0
DA:73,0
DA:79,0
DA:84,0
DA:89,0
DA:91,0
DA:92,0
DA:95,0
DA:96,0
DA:99,0
DA:104,1
DA:106,0
DA:108,0
DA:109,0
DA:112,0
DA:117,0
LF:35
LH:1
end_of_record
SF:D:\code\lumen-7.0.0\vendor\phpunit\php-code-coverage\src\Filter.php
FN:30,includeDirectory
FNDA:0,includeDirectory
FN:40,includeFiles
FNDA:0,includeFiles
FN:47,includeFile
FNDA:0,includeFile
FN:58,excludeDirectory
FNDA:0,excludeDirectory
FN:65,excludeFile
FNDA:0,excludeFile
FN:76,isFile
FNDA:0,isFile
FN:101,isExcluded
FNDA:0,isExcluded
FN:109,files
FNDA:0,files
FN:114,isEmpty
FNDA:0,isEmpty
FNF:9
FNH:0
DA:32,0
DA:33,0
DA:42,0
DA:43,0
DA:49,0
DA:51,0
DA:52,0
DA:55,0
DA:60,0
DA:61,0
DA:67,0
DA:69,0
DA:70,0
DA:73,0
DA:78,0
DA:79,0
DA:82,0
DA:83,0
DA:84,0
DA:85,0
DA:86,0
DA:87,0
DA:88,0
DA:89,0
DA:90,0
DA:91,0
DA:93,0
DA:96,0
DA:98,0
DA:103,0
DA:111,0
DA:116,0
LF:32
LH:0
end_of_record
SF:D:\code\lumen-7.0.0\vendor\phpunit\php-code-coverage\src\ProcessedCodeCoverageData.php
FN:43,initializeUnseenData
FNDA:0,initializeUnseenData
FN:66,markCodeAsExecutedByTestCase
FNDA:0,markCodeAsExecutedByTestCase
FN:93,setLineCoverage
FNDA:0,setLineCoverage
FN:98,lineCoverage
FNDA:0,lineCoverage
FN:105,setFunctionCoverage
FNDA:0,setFunctionCoverage
FN:110,functionCoverage
FNDA:0,functionCoverage
FN:117,coveredFiles
FNDA:0,coveredFiles
FN:124,renameFile
FNDA:0,renameFile
FN:135,merge
FNDA:0,merge
FN:201,priorityForLine
FNDA:0,priorityForLine
FN:221,initPreviouslyUnseenFunction
FNDA:0,initPreviouslyUnseenFunction
FN:239,initPreviouslySeenFunction
FNDA:0,initPreviouslySeenFunction
FNF:12
FNH:0
DA:45,0
DA:46,0
DA:47,0
DA:49,0
DA:50,0
DA:55,0
DA:56,0
DA:57,0
DA:58,0
DA:60,0
DA:68,0
DA:69,0
DA:70,0
DA:71,0
DA:76,0
DA:77,0
DA:78,0
DA:79,0
DA:80,0
DA:84,0
DA:85,0
DA:86,0
DA:95,0
DA:100,0
DA:102,0
DA:107,0
DA:112,0
DA:114,0
DA:119,0
DA:121,0
DA:126,0
DA:128,0
DA:129,0
DA:132,0
DA:137,0
DA:138,0
DA:139,0
DA:141,0
DA:145,0
DA:146,0
DA:147,0
DA:148,0
DA:149,0
DA:150,0
DA:152,0
DA:153,0
DA:154,0
DA:156,0
DA:157,0
DA:158,0
DA:159,0
DA:160,0
DA:161,0
DA:166,0
DA:167,0
DA:168,0
DA:170,0
DA:173,0
DA:174,0
DA:175,0
DA:177,0
DA:180,0
DA:181,0
DA:184,0
DA:185,0
DA:203,0
DA:204,0
DA:207,0
DA:208,0
DA:211,0
DA:212,0
DA:215,0
DA:223,0
DA:225,0
DA:226,0
DA:229,0
DA:230,0
DA:241,0
DA:242,0
DA:243,0
DA:244,0
DA:248,0
DA:249,0
DA:250,0
DA:251,0
LF:85
LH:0
end_of_record
SF:D:\code\lumen-7.0.0\vendor\phpunit\php-file-iterator\src\Facade.php
FN:29,getFilesAsArray
FNDA:0,getFilesAsArray
FN:66,getCommonPath
FNDA:0,getCommonPath
FNF:2
FNH:0
DA:31,0
DA:32,0
DA:35,0
DA:37,0
DA:39,0
DA:40,0
DA:42,0
DA:43,0
DA:47,0
DA:48,0
DA:49,0
DA:53,0
DA:54,0
DA:56,0
DA:57,0
DA:58,0
DA:59,0
DA:60,0
DA:63,0
DA:68,0
DA:70,0
DA:71,0
DA:74,0
DA:75,0
DA:78,0
DA:80,0
DA:81,0
DA:83,0
DA:84,0
DA:88,0
DA:89,0
DA:90,0
DA:91,0
DA:93,0
DA:94,0
DA:95,0
DA:96,0
DA:98,0
DA:102,0
DA:103,0
DA:105,0
DA:106,0
DA:110,0
DA:113,0
LF:44
LH:0
end_of_record
SF:D:\code\lumen-7.0.0\vendor\phpunit\php-file-iterator\src\Factory.php
FN:31,getFileIterator
FNDA:0,getFileIterator
FN:77,getPathsAfterResolvingWildcards
FNDA:0,getPathsAfterResolvingWildcards
FNF:2
FNH:0
DA:33,0
DA:34,0
DA:37,0
DA:38,0
DA:40,0
DA:41,0
DA:42,0
DA:44,0
DA:48,0
DA:49,0
DA:50,0
DA:52,0
DA:56,0
DA:58,0
DA:59,0
DA:60,0
DA:61,0
DA:62,0
DA:63,0
DA:64,0
DA:65,0
DA:66,0
DA:67,0
DA:68,0
DA:69,0
DA:70,0
DA:74,0
DA:79,0
DA:81,0
DA:82,0
DA:83,0
DA:85,0
DA:89,0
LF:33
LH:0
end_of_record
SF:D:\code\lumen-7.0.0\vendor\phpunit\phpunit\src\Framework\Assert\Functions.php
DA:93,0
DA:114,0
DA:132,0
DA:139,0
DA:157,0
DA:164,0
DA:181,0
DA:198,0
DA:215,0
DA:235,0
DA:255,0
DA:272,0
DA:289,0
DA:306,0
DA:323,0
DA:340,0
DA:357,0
DA:374,0
DA:391,0
DA:405,0
DA:424,0
DA:443,0
DA:460,0
DA:477,0
DA:494,0
DA:511,0
DA:529,0
DA:547,0
DA:565,0
DA:583,0
DA:601,0
DA:619,0
DA:637,0
DA:655,0
DA:673,0
DA:691,0
DA:709,0
DA:727,0
DA:744,0
DA:761,0
DA:799,0
DA:816,0
DA:854,0
DA:871,0
DA:909,0
DA:926,0
DA:964,0
DA:981,0
DA:1019,0
DA:1036,0
DA:1074,0
DA:1091,0
DA:1129,0
DA:1146,0
DA:1186,0
DA:1205,0
DA:1224,0
DA:1243,0
DA:1262,0
DA:1281,0
DA:1298,0
DA:1315,0
DA:1332,0
DA:1350,0
DA:1368,0
DA:1386,0
DA:1404,0
DA:1424,0
DA:1444,0
DA:1462,0
DA:1480,0
DA:1505,0
DA:1524,0
DA:1548,0
DA:1572,0
DA:1591,0
DA:1610,0
DA:1629,0
DA:1648,0
DA:1667,0
DA:1686,0
DA:1705,0
DA:1724,0
DA:1743,0
DA:1762,0
DA:1781,0
DA:1800,0
DA:1819,0
DA:1838,0
DA:1857,0
DA:1876,0
DA:1895,0
DA:1914,0
DA:1933,0
DA:1952,0
DA:1971,0
DA:1990,0
DA:2009,0
DA:2028,0
DA:2045,0
DA:2083,0
DA:2126,0
DA:2148,0
DA:2165,0
DA:2182,0
DA:2199,0
DA:2216,0
DA:2233,0
DA:2253,0
DA:2268,0
DA:2283,0
DA:2298,0
DA:2313,0
DA:2330,0
DA:2347,0
DA:2365,0
DA:2383,0
DA:2403,0
DA:2423,0
DA:2444,0
DA:2465,0
DA:2504,0
DA:2521,0
DA:2538,0
DA:2558,0
DA:2575,0
DA:2592,0
DA:2609,0
DA:2626,0
DA:2633,0
DA:2640,0
DA:2647,0
DA:2654,0
DA:2661,0
DA:2668,0
DA:2675,0
DA:2682,0
DA:2689,0
DA:2696,0
DA:2703,0
DA:2710,0
DA:2717,0
DA:2724,0
DA:2731,0
DA:2738,0
DA:2745,0
DA:2752,0
DA:2759,0
DA:2766,0
DA:2773,0
DA:2780,0
DA:2787,0
DA:2794,0
DA:2801,0
DA:2808,0
DA:2815,0
DA:2822,0
DA:2829,0
DA:2836,0
DA:2843,0
DA:2850,0
DA:2857,0
DA:2864,0
DA:2871,0
DA:2878,0
DA:2885,0
DA:2892,0
DA:2899,0
DA:2906,0
DA:2913,0
DA:2920,0
DA:2927,0
DA:2934,0
DA:2945,0
DA:2955,0
DA:2966,0
DA:2967,0
DA:2968,0
DA:2978,0
DA:2988,0
DA:2999,0
DA:3010,0
DA:3021,0
DA:3028,0
DA:3035,0
DA:3042,0
DA:3049,0
DA:3061,0
DA:3068,0
DA:3075,0
DA:3077,0
LF:191
LH:0
end_of_record
SF:D:\code\lumen-7.0.0\vendor\ramsey\uuid\src\functions.php
DA:36,0
DA:63,0
DA:79,0
DA:89,0
DA:105,0
DA:122,0
LF:6
LH:0
end_of_record
SF:D:\code\lumen-7.0.0\vendor\sebastian\code-unit-reverse-lookup\src\Wizard.php
FN:50,lookup
FNDA:0,lookup
FN:63,updateLookupTable
FNDA:0,updateLookupTable
FN:69,processClassesAndTraits
FNDA:0,processClassesAndTraits
FN:92,processFunctions
FNDA:0,processFunctions
FN:105,processFunctionOrMethod
FNDA:0,processFunctionOrMethod
FNF:5
FNH:0
DA:52,0
DA:53,0
DA:56,0
DA:57,0
DA:60,0
DA:65,0
DA:66,0
DA:71,0
DA:72,0
DA:74,0
DA:75,0
DA:77,0
DA:78,0
DA:79,0
DA:82,0
DA:84,0
DA:85,0
DA:88,0
DA:94,0
DA:95,0
DA:96,0
DA:99,0
DA:101,0
DA:107,0
DA:108,0
DA:111,0
DA:113,0
DA:114,0
DA:117,0
DA:118,0
DA:121,0
DA:122,0
LF:32
LH:0
end_of_record
SF:D:\code\lumen-7.0.0\vendor\sebastian\environment\src\Runtime.php
FN:47,canCollectCodeCoverage
FNDA:0,canCollectCodeCoverage
FN:56,discardsComments
FNDA:0,discardsComments
FN:73,performsJustInTimeCompilation
FNDA:0,performsJustInTimeCompilation
FN:94,getBinary
FNDA:0,getBinary
FN:139,getNameWithVersion
FNDA:0,getNameWithVersion
FN:144,getNameWithVersionAndCodeCoverageDriver
FNDA:0,getNameWithVersionAndCodeCoverageDriver
FN:167,getName
FNDA:0,getName
FN:184,getVendorUrl
FNDA:0,getVendorUrl
FN:195,getVersion
FNDA:0,getVersion
FN:209,hasXdebug
FNDA:0,hasXdebug
FN:217,isHHVM
FNDA:0,isHHVM
FN:225,isPHP
FNDA:0,isPHP
FN:233,isPHPDBG
FNDA:0,isPHPDBG
FN:242,hasPHPDBGCodeCoverage
FNDA:0,hasPHPDBGCodeCoverage
FN:250,hasPCOV
FNDA:0,hasPCOV
FN:267,getCurrentSettings
FNDA:0,getCurrentSettings
FN:305,isOpcacheActive
FNDA:0,isOpcacheActive
FNF:17
FNH:0
DA:49,0
DA:58,0
DA:59,0
DA:62,0
DA:63,0
DA:66,0
DA:75,0
DA:76,0
DA:79,0
DA:80,0
DA:83,0
DA:84,0
DA:87,0
DA:97,0
DA:108,0
DA:109,0
DA:112,0
DA:130,0
DA:136,0
DA:141,0
DA:146,0
DA:147,0
DA:150,0
DA:151,0
DA:152,0
DA:153,0
DA:154,0
DA:155,0
DA:158,0
DA:159,0
DA:160,0
DA:161,0
DA:162,0
DA:163,0
DA:169,0
DA:175,0
DA:181,0
DA:186,0
DA:192,0
DA:197,0
DA:203,0
DA:211,0
DA:219,0
DA:227,0
DA:235,0
DA:244,0
DA:252,0
DA:269,0
DA:270,0
DA:272,0
DA:273,0
DA:276,0
DA:277,0
DA:278,0
DA:279,0
DA:280,0
DA:281,0
DA:282,0
DA:283,0
DA:286,0
DA:287,0
DA:289,0
DA:290,0
DA:292,0
DA:293,0
DA:296,0
DA:297,0
DA:302,0
DA:307,0
DA:308,0
DA:311,0
DA:312,0
DA:315,0
DA:316,0
DA:319,0
LF:75
LH:0
end_of_record
SF:D:\code\lumen-7.0.0\vendor\symfony\deprecation-contracts\function.php
DA:25,0
LF:1
LH:0
end_of_record
SF:D:\code\lumen-7.0.0\vendor\symfony\http-foundation\AcceptHeader.php
FN:40,__construct
FNDA:0,__construct
FN:52,fromString
FNDA:0,fromString
FN:74,__toString
FNDA:0,__toString
FN:84,has
FNDA:0,has
FN:94,get
FNDA:0,get
FN:104,add
FNDA:0,add
FN:117,all
FNDA:0,all
FN:129,filter
FNDA:0,filter
FN:141,first
FNDA:0,first
FN:151,sort
FNDA:0,sort
FNF:10
FNH:0
DA:15,1
DA:42,0
DA:43,0
DA:54,0
DA:56,0
DA:58,0
DA:59,0
DA:60,0
DA:62,0
DA:63,0
DA:65,0
DA:66,0
DA:76,0
DA:86,0
DA:96,0
DA:106,0
DA:107,0
DA:109,0
DA:119,0
DA:121,0
DA:131,0
DA:132,0
DA:133,0
DA:143,0
DA:145,0
DA:153,0
DA:154,0
DA:155,0
DA:156,0
DA:158,0
DA:159,0
DA:162,0
DA:163,0
DA:165,0
LF:34
LH:1
end_of_record
SF:D:\code\lumen-7.0.0\vendor\symfony\http-foundation\AcceptHeaderItem.php
FN:26,__construct
FNDA:0,__construct
FN:39,fromString
FNDA:0,fromString
FN:54,__toString
FNDA:0,__toString
FN:69,setValue
FNDA:0,setValue
FN:81,getValue
FNDA:0,getValue
FN:91,setQuality
FNDA:0,setQuality
FN:103,getQuality
FNDA:0,getQuality
FN:113,setIndex
FNDA:0,setIndex
FN:125,getIndex
FNDA:0,getIndex
FN:135,hasAttribute
FNDA:0,hasAttribute
FN:147,getAttribute
FNDA:0,getAttribute
FN:157,getAttributes
FNDA:0,getAttributes
FN:167,setAttribute
FNDA:0,setAttribute
FNF:13
FNH:0
DA:28,0
DA:29,0
DA:30,0
DA:41,0
DA:43,0
DA:44,0
DA:46,0
DA:56,0
DA:57,0
DA:58,0
DA:61,0
DA:71,0
DA:73,0
DA:83,0
DA:93,0
DA:95,0
DA:105,0
DA:115,0
DA:117,0
DA:127,0
DA:137,0
DA:149,0
DA:159,0
DA:169,0
DA:170,0
DA:172,0
DA:175,0
LF:27
LH:0
end_of_record
SF:D:\code\lumen-7.0.0\vendor\symfony\http-foundation\FileBag.php
FN:29,__construct
FNDA:1,__construct
FN:37,replace
FNDA:1,replace
FN:46,set
FNDA:0,set
FN:58,add
FNDA:1,add
FN:72,convertFileInformation
FNDA:0,convertFileInformation
FN:112,fixPhpFilesArray
FNDA:0,fixPhpFilesArray
FNF:6
FNH:2
DA:31,1
DA:39,1
DA:40,1
DA:48,0
DA:49,0
DA:52,0
DA:60,1
DA:61,0
DA:74,0
DA:75,0
DA:78,0
DA:79,0
DA:80,0
DA:82,0
DA:83,0
DA:84,0
DA:86,0
DA:89,0
DA:90,0
DA:91,0
DA:95,0
DA:115,0
DA:116,0
DA:117,0
DA:119,0
DA:120,0
DA:123,0
DA:124,0
DA:125,0
DA:128,0
DA:129,0
DA:130,0
DA:131,0
DA:132,0
DA:133,0
DA:134,0
DA:135,0
DA:138,0
LF:38
LH:4
end_of_record
SF:D:\code\lumen-7.0.0\vendor\symfony\http-foundation\HeaderBag.php
FN:32,__construct
FNDA:1,__construct
FN:44,__toString
FNDA:0,__toString
FN:70,all
FNDA:1,all
FN:84,keys
FNDA:0,keys
FN:92,replace
FNDA:1,replace
FN:101,add
FNDA:1,add
FN:113,get
FNDA:1,get
FN:134,set
FNDA:1,set
FN:164,has
FNDA:1,has
FN:174,contains
FNDA:0,contains
FN:182,remove
FNDA:0,remove
FN:200,getDate
FNDA:0,getDate
FN:218,addCacheControlDirective
FNDA:0,addCacheControlDirective
FN:230,hasCacheControlDirective
FNDA:0,hasCacheControlDirective
FN:240,getCacheControlDirective
FNDA:0,getCacheControlDirective
FN:248,removeCacheControlDirective
FNDA:0,removeCacheControlDirective
FN:261,getIterator
FNDA:0,getIterator
FN:272,count
FNDA:0,count
FN:277,getCacheControlHeader
FNDA:0,getCacheControlHeader
FN:289,parseCacheControl
FNDA:1,parseCacheControl
FNF:20
FNH:6
DA:34,1
DA:35,1
DA:46,0
DA:47,0
DA:50,0
DA:51,0
DA:52,0
DA:53,0
DA:54,0
DA:55,0
DA:56,0
DA:60,0
DA:72,1
DA:73,1
DA:76,1
DA:86,0
DA:94,1
DA:95,1
DA:103,1
DA:104,1
DA:115,1
DA:117,1
DA:118,1
DA:121,1
DA:122,0
DA:125,1
DA:136,1
DA:138,1
DA:139,1
DA:141,1
DA:142,1
DA:144,1
DA:147,1
DA:148,1
DA:150,0
DA:154,1
DA:155,1
DA:166,1
DA:176,0
DA:184,0
DA:186,0
DA:188,0
DA:189,0
DA:202,0
DA:203,0
DA:206,0
DA:207,0
DA:210,0
DA:220,0
DA:222,0
DA:232,0
DA:242,0
DA:250,0
DA:252,0
DA:263,0
DA:274,0
DA:279,0
DA:281,0
DA:291,1
DA:293,1
LF:60
LH:27
end_of_record
SF:D:\code\lumen-7.0.0\vendor\symfony\http-foundation\HeaderUtils.php
FN:27,__construct
FNDA:0,__construct
FN:45,split
FNDA:1,split
FN:87,combine
FNDA:1,combine
FN:111,toString
FNDA:0,toString
FN:132,quote
FNDA:0,quote
FN:147,unquote
FNDA:1,unquote
FN:165,makeDisposition
FNDA:0,makeDisposition
FN:201,parseQuery
FNDA:0,parseQuery
FN:256,groupParts
FNDA:1,groupParts
FNF:9
FNH:2
DA:29,0
DA:47,1
DA:48,0
DA:51,1
DA:53,1
DA:61,1
DA:67,1
DA:69,1
DA:71,1
DA:89,1
DA:90,1
DA:91,1
DA:92,1
DA:93,1
DA:96,1
DA:113,0
DA:114,0
DA:115,0
DA:116,0
DA:118,0
DA:122,0
DA:134,0
DA:135,0
DA:138,0
DA:149,1
DA:167,0
DA:168,0
DA:171,0
DA:172,0
DA:176,0
DA:177,0
DA:181,0
DA:182,0
DA:186,0
DA:187,0
DA:190,0
DA:191,0
DA:192,0
DA:195,0
DA:203,0
DA:205,0
DA:206,0
DA:207,0
DA:210,0
DA:211,0
DA:212,0
DA:214,0
DA:215,0
DA:218,0
DA:219,0
DA:222,0
DA:224,0
DA:225,0
DA:227,0
DA:230,0
DA:231,0
DA:233,0
DA:237,0
DA:238,0
DA:241,0
DA:243,0
DA:245,0
DA:246,0
DA:247,0
DA:249,0
DA:253,0
DA:258,1
DA:259,1
DA:260,1
DA:262,1
DA:263,1
DA:265,1
DA:266,1
DA:267,0
DA:268,0
DA:270,1
DA:274,1
DA:277,1
DA:278,1
DA:280,1
DA:281,1
DA:282,1
DA:284,1
DA:288,1
DA:289,1
DA:290,0
DA:291,1
DA:292,1
DA:296,1
LF:89
LH:34
end_of_record
SF:D:\code\lumen-7.0.0\vendor\symfony\http-foundation\InputBag.php
FN:30,get
FNDA:0,get
FN:48,all
FNDA:1,all
FN:56,replace
FNDA:0,replace
FN:65,add
FNDA:0,add
FN:77,set
FNDA:0,set
FN:89,filter
FNDA:0,filter
FNF:6
FNH:1
DA:32,0
DA:33,0
DA:36,0
DA:38,0
DA:39,0
DA:42,0
DA:50,1
DA:58,0
DA:59,0
DA:67,0
DA:68,0
DA:79,0
DA:80,0
DA:83,0
DA:91,0
DA:94,0
DA:95,0
DA:98,0
DA:99,0
DA:101,0
DA:102,0
DA:106,0
DA:107,0
DA:111,0
LF:24
LH:1
end_of_record
SF:D:\code\lumen-7.0.0\vendor\symfony\http-foundation\ParameterBag.php
FN:30,__construct
FNDA:1,__construct
FN:42,all
FNDA:1,all
FN:62,keys
FNDA:0,keys
FN:70,replace
FNDA:0,replace
FN:78,add
FNDA:0,add
FN:90,get
FNDA:1,get
FN:100,set
FNDA:1,set
FN:110,has
FNDA:1,has
FN:118,remove
FNDA:0,remove
FN:128,getAlpha
FNDA:0,getAlpha
FN:138,getAlnum
FNDA:0,getAlnum
FN:148,getDigits
FNDA:0,getDigits
FN:159,getInt
FNDA:1,getInt
FN:169,getBoolean
FNDA:0,getBoolean
FN:185,filter
FNDA:0,filter
FN:213,getIterator
FNDA:0,getIterator
FN:224,count
FNDA:0,count
FNF:17
FNH:5
DA:32,1
DA:44,1
DA:46,1
DA:47,1
DA:50,0
DA:51,0
DA:54,0
DA:64,0
DA:72,0
DA:80,0
DA:92,1
DA:102,1
DA:112,1
DA:120,0
DA:130,0
DA:140,0
DA:151,0
DA:161,1
DA:171,0
DA:187,0
DA:190,0
DA:191,0
DA:195,0
DA:196,0
DA:199,0
DA:200,0
DA:204,0
DA:215,0
DA:226,0
LF:29
LH:8
end_of_record
SF:D:\code\lumen-7.0.0\vendor\symfony\http-foundation\Request.php
FN:262,__construct
FNDA:1,__construct
FN:280,initialize
FNDA:1,initialize
FN:308,createFromGlobals
FNDA:1,createFromGlobals
FN:340,create
FNDA:0,create
FN:453,setFactory
FNDA:0,setFactory
FN:470,duplicate
FNDA:1,duplicate
FN:520,__clone
FNDA:1,__clone
FN:536,__toString
FNDA:0,__toString
FN:564,overrideGlobals
FNDA:0,overrideGlobals
FN:604,setTrustedProxies
FNDA:0,setTrustedProxies
FN:626,getTrustedProxies
FNDA:0,getTrustedProxies
FN:636,getTrustedHeaderSet
FNDA:0,getTrustedHeaderSet
FN:648,setTrustedHosts
FNDA:0,setTrustedHosts
FN:662,getTrustedHosts
FNDA:0,getTrustedHosts
FN:675,normalizeQueryString
FNDA:0,normalizeQueryString
FN:698,enableHttpMethodParameterOverride
FNDA:1,enableHttpMethodParameterOverride
FN:708,getHttpMethodParameterOverride
FNDA:0,getHttpMethodParameterOverride
FN:728,get
FNDA:1,get
FN:750,getSession
FNDA:0,getSession
FN:770,hasPreviousSession
FNDA:0,hasPreviousSession
FN:787,hasSession
FNDA:0,hasSession
FN:794,setSession
FNDA:0,setSession
FN:804,setSessionFactory
FNDA:0,setSessionFactory
FN:822,getClientIps
FNDA:0,getClientIps
FN:851,getClientIp
FNDA:0,getClientIp
FN:863,getScriptName
FNDA:0,getScriptName
FN:882,getPathInfo
FNDA:1,getPathInfo
FN:903,getBasePath
FNDA:0,getBasePath
FN:922,getBaseUrl
FNDA:0,getBaseUrl
FN:940,getBaseUrlReal
FNDA:1,getBaseUrlReal
FN:954,getScheme
FNDA:0,getScheme
FN:969,getPort
FNDA:0,getPort
FN:997,getUser
FNDA:0,getUser
FN:1007,getPassword
FNDA:0,getPassword
FN:1017,getUserInfo
FNDA:0,getUserInfo
FN:1036,getHttpHost
FNDA:0,getHttpHost
FN:1053,getRequestUri
FNDA:1,getRequestUri
FN:1070,getSchemeAndHttpHost
FNDA:0,getSchemeAndHttpHost
FN:1082,getUri
FNDA:0,getUri
FN:1098,getUriForPath
FNDA:0,getUriForPath
FN:1120,getRelativeUriForPath
FNDA:0,getRelativeUriForPath
FN:1164,getQueryString
FNDA:0,getQueryString
FN:1181,isSecure
FNDA:1,isSecure
FN:1204,getHost
FNDA:0,getHost
FN:1259,setMethod
FNDA:0,setMethod
FN:1280,getMethod
FNDA:1,getMethod
FN:1322,getRealMethod
FNDA:1,getRealMethod
FN:1332,getMimeType
FNDA:0,getMimeType
FN:1346,getMimeTypes
FNDA:0,getMimeTypes
FN:1360,getFormat
FNDA:0,getFormat
FN:1388,setFormat
FNDA:0,setFormat
FN:1410,getRequestFormat
FNDA:1,getRequestFormat
FN:1422,setRequestFormat
FNDA:1,setRequestFormat
FN:1432,getContentType
FNDA:0,getContentType
FN:1440,setDefaultLocale
FNDA:0,setDefaultLocale
FN:1454,getDefaultLocale
FNDA:0,getDefaultLocale
FN:1462,setLocale
FNDA:0,setLocale
FN:1472,getLocale
FNDA:0,getLocale
FN:1484,isMethod
FNDA:1,isMethod
FN:1496,isMethodSafe
FNDA:0,isMethodSafe
FN:1506,isMethodIdempotent
FNDA:0,isMethodIdempotent
FN:1518,isMethodCacheable
FNDA:0,isMethodCacheable
FN:1534,getProtocolVersion
FNDA:0,getProtocolVersion
FN:1554,getContent
FNDA:0,getContent
FN:1599,toArray
FNDA:0,toArray
FN:1627,getETags
FNDA:0,getETags
FN:1635,isNoCache
FNDA:0,isNoCache
FN:1648,getPreferredFormat
FNDA:0,getPreferredFormat
FN:1670,getPreferredLanguage
FNDA:0,getPreferredLanguage
FN:1703,getLanguages
FNDA:0,getLanguages
FN:1744,getCharsets
FNDA:0,getCharsets
FN:1758,getEncodings
FNDA:0,getEncodings
FN:1772,getAcceptableContentTypes
FNDA:0,getAcceptableContentTypes
FN:1791,isXmlHttpRequest
FNDA:0,isXmlHttpRequest
FN:1801,preferSafeContent
FNDA:0,preferSafeContent
FN:1823,prepareRequestUri
FNDA:1,prepareRequestUri
FN:1872,prepareBaseUrl
FNDA:1,prepareBaseUrl
FN:1941,prepareBasePath
FNDA:0,prepareBasePath
FN:1967,preparePathInfo
FNDA:1,preparePathInfo
FN:1997,initializeFormats
FNDA:0,initializeFormats
FN:2014,setPhpDefaultLocale
FNDA:0,setPhpDefaultLocale
FN:2031,getUrlencodedPrefix
FNDA:1,getUrlencodedPrefix
FN:2052,createRequestFromFactory
FNDA:1,createRequestFromFactory
FN:2075,isFromTrustedProxy
FNDA:1,isFromTrustedProxy
FN:2080,getTrustedValues
FNDA:0,getTrustedValues
FN:2131,normalizeAndFilterClientIps
FNDA:0,normalizeAndFilterClientIps
FN:2179,isIisRewrite
FNDA:1,isIisRewrite
FNF:87
FNH:12
DA:22,1
DA:23,1
DA:24,1
DA:25,1
DA:26,1
DA:27,1
DA:28,1
DA:264,1
DA:282,1
DA:283,1
DA:284,1
DA:285,1
DA:286,1
DA:287,1
DA:288,1
DA:290,1
DA:291,1
DA:292,1
DA:293,1
DA:294,1
DA:295,1
DA:296,1
DA:297,1
DA:298,1
DA:299,1
DA:300,1
DA:310,1
DA:312,1
DA:313,1
DA:315,0
DA:316,0
DA:319,1
DA:342,0
DA:343,0
DA:344,0
DA:345,0
DA:346,0
DA:347,0
DA:348,0
DA:349,0
DA:350,0
DA:351,0
DA:352,0
DA:353,0
DA:354,0
DA:355,0
DA:356,0
DA:358,0
DA:359,0
DA:361,0
DA:362,0
DA:365,0
DA:366,0
DA:368,0
DA:369,0
DA:371,0
DA:372,0
DA:375,0
DA:376,0
DA:377,0
DA:380,0
DA:381,0
DA:382,0
DA:383,0
DA:385,0
DA:386,0
DA:390,0
DA:391,0
DA:392,0
DA:395,0
DA:396,0
DA:399,0
DA:400,0
DA:403,0
DA:404,0
DA:407,0
DA:408,0
DA:409,0
DA:410,0
DA:411,0
DA:412,0
DA:415,0
DA:416,0
DA:417,0
DA:418,0
DA:420,0
DA:421,0
DA:422,0
DA:425,0
DA:426,0
DA:427,0
DA:429,0
DA:430,0
DA:431,0
DA:433,0
DA:434,0
DA:436,0
DA:437,0
DA:440,0
DA:441,0
DA:443,0
DA:455,0
DA:472,1
DA:473,1
DA:474,1
DA:476,1
DA:477,1
DA:479,1
DA:480,1
DA:482,1
DA:483,1
DA:485,1
DA:486,0
DA:488,1
DA:489,1
DA:490,1
DA:492,1
DA:493,1
DA:494,1
DA:495,1
DA:496,1
DA:497,1
DA:498,1
DA:499,1
DA:500,1
DA:501,1
DA:503,1
DA:504,0
DA:507,1
DA:508,1
DA:511,1
DA:522,1
DA:523,1
DA:524,1
DA:525,1
DA:526,1
DA:527,1
DA:528,1
DA:538,0
DA:540,0
DA:541,0
DA:543,0
DA:544,0
DA:547,0
DA:548,0
DA:551,0
DA:552,0
DA:553,0
DA:554,0
DA:555,0
DA:566,0
DA:568,0
DA:569,0
DA:570,0
DA:571,0
DA:573,0
DA:574,0
DA:575,0
DA:576,0
DA:578,0
DA:582,0
DA:584,0
DA:585,0
DA:587,0
DA:589,0
DA:590,0
DA:593,0
DA:606,0
DA:607,0
DA:609,0
DA:610,0
DA:611,0
DA:612,0
DA:613,0
DA:616,0
DA:617,0
DA:618,0
DA:628,0
DA:638,0
DA:650,0
DA:651,0
DA:652,0
DA:654,0
DA:664,0
DA:677,0
DA:678,0
DA:681,0
DA:682,0
DA:684,0
DA:700,1
DA:710,0
DA:730,1
DA:731,0
DA:734,1
DA:735,0
DA:738,1
DA:739,0
DA:742,1
DA:752,0
DA:753,0
DA:754,0
DA:757,0
DA:758,0
DA:761,0
DA:773,0
DA:789,0
DA:791,0
DA:796,0
DA:806,0
DA:824,0
DA:826,0
DA:827,0
DA:830,0
DA:853,0
DA:855,0
DA:865,0
DA:884,1
DA:885,1
DA:888,1
DA:905,0
DA:906,0
DA:909,0
DA:924,0
DA:927,0
DA:928,0
DA:931,0
DA:942,1
DA:943,1
DA:946,1
DA:956,0
DA:971,0
DA:972,0
DA:973,0
DA:974,0
DA:975,0
DA:976,0
DA:979,0
DA:980,0
DA:982,0
DA:985,0
DA:986,0
DA:989,0
DA:999,0
DA:1009,0
DA:1019,0
DA:1021,0
DA:1022,0
DA:1023,0
DA:1026,0
DA:1038,0
DA:1039,0
DA:1041,0
DA:1042,0
DA:1045,0
DA:1055,1
DA:1056,1
DA:1059,1
DA:1072,0
DA:1084,0
DA:1085,0
DA:1088,0
DA:1100,0
DA:1123,0
DA:1124,0
DA:1127,0
DA:1128,0
DA:1131,0
DA:1132,0
DA:1133,0
DA:1134,0
DA:1136,0
DA:1137,0
DA:1138,0
DA:1140,0
DA:1144,0
DA:1145,0
DA:1151,0
DA:1152,0
DA:1153,0
DA:1166,0
DA:1168,0
DA:1183,1
DA:1184,0
DA:1187,1
DA:1189,1
DA:1206,0
DA:1207,0
DA:1208,0
DA:1209,0
DA:1210,0
DA:1216,0
DA:1221,0
DA:1222,0
DA:1223,0
DA:1225,0
DA:1227,0
DA:1230,0
DA:1233,0
DA:1234,0
DA:1237,0
DA:1238,0
DA:1239,0
DA:1241,0
DA:1245,0
DA:1246,0
DA:1248,0
DA:1250,0
DA:1253,0
DA:1261,0
DA:1262,0
DA:1282,1
DA:1283,1
DA:1286,1
DA:1288,1
DA:1289,1
DA:1292,0
DA:1294,0
DA:1295,0
DA:1298,0
DA:1299,0
DA:1302,0
DA:1304,0
DA:1305,0
DA:1308,0
DA:1309,0
DA:1312,0
DA:1324,1
DA:1334,0
DA:1335,0
DA:1338,0
DA:1348,0
DA:1349,0
DA:1352,0
DA:1362,0
DA:1363,0
DA:1364,0
DA:1367,0
DA:1368,0
DA:1371,0
DA:1372,0
DA:1373,0
DA:1375,0
DA:1376,0
DA:1380,0
DA:1390,0
DA:1391,0
DA:1394,0
DA:1412,1
DA:1413,1
DA:1416,1
DA:1424,1
DA:1434,0
DA:1442,0
DA:1444,0
DA:1445,0
DA:1456,0
DA:1464,0
DA:1474,0
DA:1486,1
DA:1498,0
DA:1508,0
DA:1520,0
DA:1536,0
DA:1537,0
DA:1539,0
DA:1540,0
DA:1544,0
DA:1556,0
DA:1558,0
DA:1559,0
DA:1560,0
DA:1562,0
DA:1566,0
DA:1567,0
DA:1568,0
DA:1569,0
DA:1571,0
DA:1574,0
DA:1576,0
DA:1579,0
DA:1580,0
DA:1582,0
DA:1585,0
DA:1586,0
DA:1589,0
DA:1601,0
DA:1602,0
DA:1606,0
DA:1607,0
DA:1608,0
DA:1611,0
DA:1612,0
DA:1615,0
DA:1616,0
DA:1619,0
DA:1629,0
DA:1637,0
DA:1650,0
DA:1651,0
DA:1654,0
DA:1655,0
DA:1656,0
DA:1660,0
DA:1672,0
DA:1674,0
DA:1675,0
DA:1678,0
DA:1679,0
DA:1682,0
DA:1683,0
DA:1684,0
DA:1685,0
DA:1686,0
DA:1687,0
DA:1688,0
DA:1693,0
DA:1695,0
DA:1705,0
DA:1706,0
DA:1709,0
DA:1710,0
DA:1711,0
DA:1712,0
DA:1713,0
DA:1714,0
DA:1715,0
DA:1719,0
DA:1720,0
DA:1723,0
DA:1724,0
DA:1725,0
DA:1727,0
DA:1733,0
DA:1736,0
DA:1746,0
DA:1747,0
DA:1750,0
DA:1760,0
DA:1761,0
DA:1764,0
DA:1774,0
DA:1775,0
DA:1778,0
DA:1793,0
DA:1803,0
DA:1804,0
DA:1807,0
DA:1809,0
DA:1812,0
DA:1825,1
DA:1827,1
DA:1829,0
DA:1830,0
DA:1831,1
DA:1832,1
DA:1834,1
DA:1836,1
DA:1837,1
DA:1842,0
DA:1844,0
DA:1845,0
DA:1848,0
DA:1849,1
DA:1852,0
DA:1854,0
DA:1855,0
DA:1856,0
DA:1858,0
DA:1862,1
DA:1864,1
DA:1874,1
DA:1876,1
DA:1877,1
DA:1878,0
DA:1879,0
DA:1880,0
DA:1881,0
DA:1885,0
DA:1886,0
DA:1887,0
DA:1888,0
DA:1889,0
DA:1890,0
DA:1891,0
DA:1893,0
DA:1894,0
DA:1895,0
DA:1896,0
DA:1900,1
DA:1901,1
DA:1902,0
DA:1905,1
DA:1907,0
DA:1910,1
DA:1912,1
DA:1915,0
DA:1916,0
DA:1917,0
DA:1920,0
DA:1921,0
DA:1923,0
DA:1929,0
DA:1930,0
DA:1933,0
DA:1943,0
DA:1944,0
DA:1945,0
DA:1948,0
DA:1949,0
DA:1950,0
DA:1952,0
DA:1955,0
DA:1956,0
DA:1959,0
DA:1969,1
DA:1970,0
DA:1974,1
DA:1975,1
DA:1977,1
DA:1978,0
DA:1981,1
DA:1982,0
DA:1985,1
DA:1986,1
DA:1988,0
DA:1991,1
DA:1999,0
DA:2000,0
DA:2001,0
DA:2002,0
DA:2003,0
DA:2004,0
DA:2005,0
DA:2006,0
DA:2007,0
DA:2008,0
DA:2009,0
DA:2010,0
DA:2011,0
DA:2020,0
DA:2021,0
DA:2023,0
DA:2033,1
DA:2036,0
DA:2037,0
DA:2039,1
DA:2040,1
DA:2043,1
DA:2045,1
DA:2046,1
DA:2049,0
DA:2054,1
DA:2055,0
DA:2057,0
DA:2058,0
DA:2061,0
DA:2064,1
DA:2077,1
DA:2082,0
DA:2083,0
DA:2085,0
DA:2086,0
DA:2087,0
DA:2091,0
DA:2092,0
DA:2093,0
DA:2094,0
DA:2095,0
DA:2096,0
DA:2097,0
DA:2098,0
DA:2100,0
DA:2101,0
DA:2102,0
DA:2104,0
DA:2106,0
DA:2110,0
DA:2111,0
DA:2112,0
DA:2115,0
DA:2116,0
DA:2119,0
DA:2120,0
DA:2123,0
DA:2124,0
DA:2126,0
DA:2128,0
DA:2133,0
DA:2134,0
DA:2136,0
DA:2137,0
DA:2139,0
DA:2140,0
DA:2143,0
DA:2144,0
DA:2145,0
DA:2147,0
DA:2149,0
DA:2150,0
DA:2153,0
DA:2154,0
DA:2156,0
DA:2159,0
DA:2160,0
DA:2163,0
DA:2164,0
DA:2170,0
DA:2181,1
DA:2182,0
DA:2183,0
DA:2186,1
LF:611
LH:129
end_of_record
SF:D:\code\lumen-7.0.0\vendor\symfony\http-foundation\Response.php
FN:215,__construct
FNDA:0,__construct
FN:235,create
FNDA:0,create
FN:253,__toString
FNDA:0,__toString
FN:264,__clone
FNDA:0,__clone
FN:278,prepare
FNDA:1,prepare
FN:348,sendHeaders
FNDA:1,sendHeaders
FN:379,sendContent
FNDA:1,sendContent
FN:391,send
FNDA:1,send
FN:413,setContent
FNDA:1,setContent
FN:425,getContent
FNDA:0,getContent
FN:437,setProtocolVersion
FNDA:1,setProtocolVersion
FN:449,getProtocolVersion
FNDA:1,getProtocolVersion
FN:466,setStatusCode
FNDA:1,setStatusCode
FN:495,getStatusCode
FNDA:0,getStatusCode
FN:507,setCharset
FNDA:0,setCharset
FN:519,getCharset
FNDA:0,getCharset
FN:541,isCacheable
FNDA:0,isCacheable
FN:563,isFresh
FNDA:0,isFresh
FN:574,isValidateable
FNDA:0,isValidateable
FN:588,setPrivate
FNDA:0,setPrivate
FN:605,setPublic
FNDA:0,setPublic
FN:620,setImmutable
FNDA:0,setImmutable
FN:636,isImmutable
FNDA:0,isImmutable
FN:651,mustRevalidate
FNDA:0,mustRevalidate
FN:663,getDate
FNDA:0,getDate
FN:675,setDate
FNDA:0,setDate
FN:692,getAge
FNDA:0,getAge
FN:706,expire
FNDA:0,expire
FN:721,getExpires
FNDA:0,getExpires
FN:740,setExpires
FNDA:0,setExpires
FN:767,getMaxAge
FNDA:0,getMaxAge
FN:795,setMaxAge
FNDA:0,setMaxAge
FN:811,setSharedMaxAge
FNDA:0,setSharedMaxAge
FN:829,getTtl
FNDA:0,getTtl
FN:845,setTtl
FNDA:0,setTtl
FN:861,setClientTtl
FNDA:0,setClientTtl
FN:875,getLastModified
FNDA:0,getLastModified
FN:889,setLastModified
FNDA:0,setLastModified
FN:912,getEtag
FNDA:0,getEtag
FN:927,setEtag
FNDA:0,setEtag
FN:953,setCache
FNDA:0,setCache
FN:1016,setNotModified
FNDA:0,setNotModified
FN:1034,hasVary
FNDA:0,hasVary
FN:1044,getVary
FNDA:0,getVary
FN:1068,setVary
FNDA:0,setVary
FN:1084,isNotModified
FNDA:0,isNotModified
FN:1130,isInvalid
FNDA:1,isInvalid
FN:1140,isInformational
FNDA:1,isInformational
FN:1150,isSuccessful
FNDA:0,isSuccessful
FN:1160,isRedirection
FNDA:0,isRedirection
FN:1170,isClientError
FNDA:0,isClientError
FN:1180,isServerError
FNDA:0,isServerError
FN:1190,isOk
FNDA:0,isOk
FN:1200,isForbidden
FNDA:0,isForbidden
FN:1210,isNotFound
FNDA:0,isNotFound
FN:1220,isRedirect
FNDA:0,isRedirect
FN:1230,isEmpty
FNDA:1,isEmpty
FN:1242,closeOutputBuffers
FNDA:1,closeOutputBuffers
FN:1262,setContentSafe
FNDA:0,setContentSafe
FN:1280,ensureIEOverSSLCompatibility
FNDA:1,ensureIEOverSSLCompatibility
FNF:60
FNH:7
DA:15,1
DA:217,0
DA:218,0
DA:219,0
DA:220,0
DA:237,0
DA:239,0
DA:255,0
DA:256,0
DA:257,0
DA:258,0
DA:266,0
DA:280,1
DA:282,1
DA:283,0
DA:284,0
DA:285,0
DA:287,0
DA:290,1
DA:291,1
DA:292,1
DA:293,0
DA:298,1
DA:299,1
DA:300,1
DA:301,1
DA:303,0
DA:307,1
DA:308,0
DA:311,1
DA:313,0
DA:314,0
DA:315,0
DA:316,0
DA:322,1
DA:323,1
DA:327,1
DA:328,0
DA:329,0
DA:332,1
DA:334,1
DA:335,0
DA:336,0
DA:340,1
DA:351,1
DA:352,0
DA:356,1
DA:357,1
DA:358,1
DA:359,1
DA:364,1
DA:365,0
DA:369,1
DA:371,1
DA:381,1
DA:383,1
DA:393,1
DA:394,1
DA:396,1
DA:397,0
DA:398,1
DA:399,0
DA:400,1
DA:401,1
DA:402,1
DA:405,1
DA:415,1
DA:417,1
DA:427,0
DA:439,1
DA:441,1
DA:451,1
DA:468,1
DA:469,1
DA:470,0
DA:473,1
DA:474,1
DA:476,1
DA:479,0
DA:480,0
DA:482,0
DA:485,0
DA:487,0
DA:497,0
DA:509,0
DA:511,0
DA:521,0
DA:543,0
DA:544,0
DA:547,0
DA:548,0
DA:551,0
DA:565,0
DA:576,0
DA:590,0
DA:591,0
DA:593,0
DA:607,0
DA:608,0
DA:610,0
DA:622,0
DA:623,0
DA:625,0
DA:628,0
DA:638,0
DA:653,0
DA:665,0
DA:677,0
DA:678,0
DA:681,0
DA:682,0
DA:684,0
DA:694,0
DA:695,0
DA:698,0
DA:708,0
DA:709,0
DA:710,0
DA:713,0
DA:724,0
DA:725,0
DA:727,0
DA:742,0
DA:743,0
DA:745,0
DA:748,0
DA:749,0
DA:752,0
DA:753,0
DA:755,0
DA:769,0
DA:770,0
DA:773,0
DA:774,0
DA:777,0
DA:778,0
DA:780,0
DA:783,0
DA:797,0
DA:799,0
DA:813,0
DA:814,0
DA:816,0
DA:831,0
DA:833,0
DA:847,0
DA:849,0
DA:863,0
DA:865,0
DA:877,0
DA:891,0
DA:892,0
DA:894,0
DA:897,0
DA:898,0
DA:901,0
DA:902,0
DA:904,0
DA:914,0
DA:929,0
DA:930,0
DA:932,0
DA:933,0
DA:936,0
DA:939,0
DA:955,0
DA:956,0
DA:959,0
DA:960,0
DA:963,0
DA:964,0
DA:967,0
DA:968,0
DA:971,0
DA:972,0
DA:975,0
DA:976,0
DA:977,0
DA:978,0
DA:980,0
DA:985,0
DA:986,0
DA:987,0
DA:989,0
DA:993,0
DA:994,0
DA:995,0
DA:997,0
DA:1001,0
DA:1018,0
DA:1019,0
DA:1022,0
DA:1023,0
DA:1026,0
DA:1036,0
DA:1046,0
DA:1047,0
DA:1050,0
DA:1051,0
DA:1052,0
DA:1055,0
DA:1070,0
DA:1072,0
DA:1086,0
DA:1087,0
DA:1090,0
DA:1091,0
DA:1092,0
DA:1094,0
DA:1095,0
DA:1096,0
DA:1100,0
DA:1101,0
DA:1102,0
DA:1105,0
DA:1106,0
DA:1107,0
DA:1112,0
DA:1113,0
DA:1116,0
DA:1117,0
DA:1120,0
DA:1132,1
DA:1142,1
DA:1152,0
DA:1162,0
DA:1172,0
DA:1182,0
DA:1192,0
DA:1202,0
DA:1212,0
DA:1222,0
DA:1232,1
DA:1244,1
DA:1245,1
DA:1246,1
DA:1248,1
DA:1249,1
DA:1250,1
DA:1252,0
DA:1264,0
DA:1265,0
DA:1266,0
DA:1267,0
DA:1270,0
DA:1282,1
DA:1283,0
DA:1284,0
LF:248
LH:56
end_of_record
SF:D:\code\lumen-7.0.0\vendor\symfony\http-foundation\ResponseHeaderBag.php
FN:31,__construct
FNDA:1,__construct
FN:50,allPreserveCase
FNDA:1,allPreserveCase
FN:60,allPreserveCaseWithoutCookies
FNDA:1,allPreserveCaseWithoutCookies
FN:73,replace
FNDA:0,replace
FN:91,all
FNDA:1,all
FN:111,set
FNDA:1,set
FN:142,remove
FNDA:0,remove
FN:167,hasCacheControlDirective
FNDA:0,hasCacheControlDirective
FN:175,getCacheControlDirective
FNDA:0,getCacheControlDirective
FN:180,setCookie
FNDA:0,setCookie
FN:189,removeCookie
FNDA:0,removeCookie
FN:217,getCookies
FNDA:1,getCookies
FN:242,clearCookie
FNDA:0,clearCookie
FN:250,makeDisposition
FNDA:0,makeDisposition
FN:263,computeCacheControlValue
FNDA:1,computeCacheControlValue
FN:287,initDate
FNDA:1,initDate
FNF:16
FNH:3
DA:33,1
DA:35,1
DA:36,1
DA:40,1
DA:41,1
DA:52,1
DA:53,1
DA:54,1
DA:57,1
DA:62,1
DA:63,1
DA:64,0
DA:67,1
DA:75,0
DA:77,0
DA:79,0
DA:80,0
DA:83,0
DA:84,0
DA:93,1
DA:95,1
DA:96,1
DA:98,1
DA:101,1
DA:102,0
DA:105,1
DA:113,1
DA:115,1
DA:116,0
DA:117,0
DA:119,0
DA:120,0
DA:122,0
DA:124,0
DA:127,1
DA:129,1
DA:132,1
DA:133,1
DA:134,1
DA:135,1
DA:144,0
DA:145,0
DA:147,0
DA:148,0
DA:150,0
DA:153,0
DA:155,0
DA:156,0
DA:159,0
DA:160,0
DA:169,0
DA:177,0
DA:182,0
DA:183,0
DA:191,0
DA:192,0
DA:195,0
DA:197,0
DA:198,0
DA:200,0
DA:201,0
DA:205,0
DA:206,0
DA:219,1
DA:220,0
DA:223,1
DA:224,0
DA:227,1
DA:228,1
DA:229,0
DA:230,0
DA:231,0
DA:236,1
DA:244,0
DA:252,0
DA:265,1
DA:266,1
DA:267,0
DA:271,1
DA:274,0
DA:275,0
DA:276,0
DA:280,0
DA:281,0
DA:284,0
DA:289,1
LF:86
LH:35
end_of_record
SF:D:\code\lumen-7.0.0\vendor\symfony\http-foundation\ServerBag.php
FN:28,getHeaders
FNDA:1,getHeaders
FNF:1
FNH:0
DA:30,1
DA:31,1
DA:32,1
DA:33,1
DA:34,1
DA:35,0
DA:39,1
DA:40,0
DA:41,0
DA:57,1
DA:58,1
DA:59,0
DA:60,1
DA:61,0
DA:64,1
DA:65,0
DA:67,0
DA:68,0
DA:69,0
DA:71,0
DA:73,0
DA:74,0
DA:75,0
DA:81,0
DA:86,1
DA:87,0
DA:91,1
DA:92,0
DA:93,1
DA:94,0
DA:97,1
LF:31
LH:14
end_of_record
SF:D:\code\lumen-7.0.0\vendor\symfony\polyfill-ctype\bootstrap.php
DA:19,0
DA:22,0
DA:25,0
DA:28,0
DA:31,0
DA:34,0
DA:37,0
DA:40,0
DA:43,0
DA:46,0
DA:49,0
LF:11
LH:0
end_of_record
SF:D:\code\lumen-7.0.0\vendor\symfony\polyfill-intl-grapheme\bootstrap.php
DA:33,0
DA:36,0
DA:39,0
DA:42,0
DA:45,0
DA:48,0
DA:51,0
DA:54,0
DA:57,0
LF:9
LH:0
end_of_record
SF:D:\code\lumen-7.0.0\vendor\symfony\polyfill-intl-idn\bootstrap.php
DA:133,0
DA:136,0
DA:140,0
DA:143,0
LF:4
LH:0
end_of_record
SF:D:\code\lumen-7.0.0\vendor\symfony\polyfill-intl-normalizer\bootstrap.php
DA:19,0
DA:22,0
LF:2
LH:0
end_of_record
SF:D:\code\lumen-7.0.0\vendor\symfony\polyfill-mbstring\bootstrap.php
DA:19,0
DA:22,0
DA:25,0
DA:28,0
DA:31,0
DA:34,0
DA:37,0
DA:40,0
DA:43,0
DA:46,0
DA:49,0
DA:52,0
DA:55,0
DA:58,0
DA:61,0
DA:64,0
DA:67,0
DA:70,0
DA:73,0
DA:76,0
DA:79,0
DA:82,0
DA:85,0
DA:88,0
DA:91,0
DA:94,0
DA:97,0
DA:100,0
DA:103,0
DA:106,0
DA:109,0
DA:112,0
DA:115,0
DA:119,0
DA:123,0
DA:126,0
DA:129,0
DA:132,0
DA:136,0
DA:140,0
DA:144,0
DA:148,0
DA:152,0
DA:156,0
LF:44
LH:0
end_of_record
SF:D:\code\lumen-7.0.0\vendor\symfony\polyfill-php73\bootstrap.php
DA:19,0
DA:24,0
DA:27,0
DA:30,0
LF:4
LH:0
end_of_record
SF:D:\code\lumen-7.0.0\vendor\symfony\polyfill-php80\Php80.php
FN:23,fdiv
FNDA:0,fdiv
FN:28,get_debug_type
FNDA:0,get_debug_type
FN:60,get_resource_id
FNDA:0,get_resource_id
FN:69,preg_last_error_msg
FNDA:0,preg_last_error_msg
FN:91,str_contains
FNDA:0,str_contains
FN:96,str_starts_with
FNDA:1,str_starts_with
FN:101,str_ends_with
FNDA:0,str_ends_with
FNF:7
FNH:1
DA:25,0
DA:31,0
DA:32,0
DA:33,0
DA:34,0
DA:35,0
DA:36,0
DA:37,0
DA:38,0
DA:40,0
DA:41,0
DA:44,0
DA:45,0
DA:48,0
DA:51,0
DA:53,0
DA:54,0
DA:57,0
DA:62,0
DA:63,0
DA:66,0
DA:71,0
DA:73,0
DA:75,0
DA:77,0
DA:79,0
DA:81,0
DA:83,0
DA:85,0
DA:87,0
DA:93,0
DA:98,1
DA:103,0
DA:104,0
DA:107,0
DA:108,0
DA:111,0
DA:113,0
LF:38
LH:1
end_of_record
SF:D:\code\lumen-7.0.0\vendor\symfony\polyfill-php80\bootstrap.php
DA:23,0
DA:26,0
DA:29,0
DA:32,1
DA:35,0
DA:38,0
DA:41,0
LF:7
LH:1
end_of_record
SF:D:\code\lumen-7.0.0\vendor\symfony\polyfill-php81\bootstrap.php
DA:23,0
DA:27,0
LF:2
LH:0
end_of_record
SF:D:\code\lumen-7.0.0\vendor\symfony\string\Resources\functions.php
DA:17,0
DA:24,0
DA:34,0
DA:36,0
LF:4
LH:0
end_of_record
SF:D:\code\lumen-7.0.0\vendor\symfony\translation\Resources\functions.php
DA:20,0
LF:1
LH:0
end_of_record
SF:D:\code\lumen-7.0.0\vendor\symfony\var-dumper\Resources\functions\dump.php
DA:20,0
DA:22,0
DA:23,0
DA:26,0
DA:27,0
DA:30,0
DA:40,0
DA:41,0
DA:44,0
DA:45,0
DA:48,0
LF:11
LH:0
end_of_record
SF:D:\code\lumen-7.0.0\vendor\vlucas\phpdotenv\src\Dotenv.php
FN:47,__construct
FNDA:0,__construct
FN:64,create
FNDA:0,create
FN:84,createMutable
FNDA:0,createMutable
FN:100,createImmutable
FNDA:0,createImmutable
FN:116,createArrayBacked
FNDA:0,createArrayBacked
FN:137,parse
FNDA:0,parse
FN:155,load
FNDA:0,load
FN:167,safeLoad
FNDA:0,safeLoad
FN:184,required
FNDA:0,required
FN:196,ifPresent
FNDA:0,ifPresent
FNF:10
FNH:0
DA:49,0
DA:50,0
DA:51,0
DA:66,0
DA:68,0
DA:69,0
DA:72,0
DA:86,0
DA:88,0
DA:102,0
DA:104,0
DA:118,0
DA:120,0
DA:122,0
DA:139,0
DA:141,0
DA:143,0
DA:145,0
DA:157,0
DA:170,0
DA:171,0
DA:173,0
DA:186,0
DA:198,0
LF:24
LH:0
end_of_record
SF:D:\code\lumen-7.0.0\vendor\vlucas\phpdotenv\src\Loader\Lines.php
FN:16,process
FNDA:0,process
FN:42,multilineProcess
FNDA:0,multilineProcess
FN:71,looksLikeMultilineStart
FNDA:0,looksLikeMultilineStart
FN:88,looksLikeMultilineStop
FNDA:0,looksLikeMultilineStop
FN:112,getCharPairs
FNDA:0,getCharPairs
FN:127,isCommentOrWhitespace
FNDA:0,isCommentOrWhitespace
FNF:6
FNH:0
DA:18,0
DA:19,0
DA:20,0
DA:22,0
DA:23,0
DA:25,0
DA:26,0
DA:30,0
DA:44,0
DA:47,0
DA:48,0
DA:51,0
DA:52,0
DA:54,0
DA:55,0
DA:56,0
DA:57,0
DA:61,0
DA:73,0
DA:74,0
DA:77,0
DA:90,0
DA:91,0
DA:94,0
DA:96,0
DA:97,0
DA:98,0
DA:102,0
DA:114,0
DA:117,0
DA:129,0
DA:130,0
DA:133,0
DA:135,0
LF:34
LH:0
end_of_record
SF:D:\code\lumen-7.0.0\vendor\vlucas\phpdotenv\src\Loader\Loader.php
FN:25,__construct
FNDA:0,__construct
FN:40,load
FNDA:0,load
FN:61,processEntries
FNDA:0,processEntries
FN:87,resolveNestedVariables
FNDA:0,resolveNestedVariables
FN:110,resolveNestedVariable
FNDA:0,resolveNestedVariable
FNF:5
FNH:0
DA:27,0
DA:42,0
DA:43,0
DA:44,0
DA:45,0
DA:63,0
DA:65,0
DA:66,0
DA:67,0
DA:68,0
DA:69,0
DA:73,0
DA:90,0
DA:92,0
DA:93,0
DA:95,0
DA:96,0
DA:97,0
DA:98,0
DA:99,0
DA:112,0
DA:113,0
DA:114,0
DA:115,0
DA:116,0
DA:117,0
DA:118,0
DA:119,0
DA:120,0
LF:29
LH:0
end_of_record
SF:D:\code\lumen-7.0.0\vendor\vlucas\phpdotenv\src\Loader\Parser.php
FN:30,parse
FNDA:0,parse
FN:46,splitStringIntoParts
FNDA:0,splitStringIntoParts
FN:73,parseName
FNDA:0,parseName
FN:93,isValidName
FNDA:0,isValidName
FN:107,parseValue
FNDA:0,parseValue
FN:144,processChar
FNDA:0,processChar
FN:241,getErrorMessage
FNDA:0,getErrorMessage
FNF:7
FNH:0
DA:32,0
DA:34,0
DA:48,0
DA:49,0
DA:51,0
DA:52,0
DA:55,0
DA:56,0
DA:57,0
DA:58,0
DA:61,0
DA:75,0
DA:77,0
DA:78,0
DA:79,0
DA:80,0
DA:83,0
DA:95,0
DA:109,0
DA:110,0
DA:113,0
DA:114,0
DA:117,0
DA:118,0
DA:119,0
DA:120,0
DA:121,0
DA:122,0
DA:123,0
DA:124,0
DA:125,0
DA:127,0
DA:128,0
DA:129,0
DA:130,0
DA:133,0
DA:147,0
DA:148,0
DA:150,0
DA:151,0
DA:153,0
DA:154,0
DA:156,0
DA:157,0
DA:159,0
DA:162,0
DA:164,0
DA:165,0
DA:167,0
DA:168,0
DA:170,0
DA:171,0
DA:173,0
DA:176,0
DA:178,0
DA:179,0
DA:181,0
DA:184,0
DA:186,0
DA:187,0
DA:189,0
DA:190,0
DA:192,0
DA:193,0
DA:195,0
DA:198,0
DA:200,0
DA:201,0
DA:203,0
DA:204,0
DA:206,0
DA:207,0
DA:209,0
DA:212,0
DA:214,0
DA:215,0
DA:217,0
DA:218,0
DA:220,0
DA:223,0
DA:225,0
DA:227,0
DA:229,0
DA:243,0
DA:244,0
DA:245,0
DA:246,0
DA:247,0
LF:88
LH:0
end_of_record
SF:D:\code\lumen-7.0.0\vendor\vlucas\phpdotenv\src\Loader\Value.php
FN:29,__construct
FNDA:0,__construct
FN:40,blank
FNDA:0,blank
FN:53,append
FNDA:0,append
FN:66,getChars
FNDA:0,getChars
FN:76,getVars
FNDA:0,getVars
FNF:5
FNH:0
DA:31,0
DA:32,0
DA:42,0
DA:55,0
DA:56,0
DA:57,0
DA:58,0
DA:68,0
DA:78,0
DA:79,0
DA:81,0
LF:11
LH:0
end_of_record
SF:D:\code\lumen-7.0.0\vendor\vlucas\phpdotenv\src\Regex\Regex.php
FN:19,match
FNDA:0,match
FN:36,replace
FNDA:0,replace
FN:53,replaceCallback
FNDA:0,replaceCallback
FN:68,split
FNDA:0,split
FN:86,pregAndWrap
FNDA:0,pregAndWrap
FN:106,lookupError
FNDA:0,lookupError
FNF:6
FNH:0
DA:21,0
DA:22,0
DA:23,0
DA:38,0
DA:39,0
DA:40,0
DA:55,0
DA:56,0
DA:57,0
DA:70,0
DA:72,0
DA:73,0
DA:88,0
DA:90,0
DA:92,0
DA:96,0
DA:108,0
DA:109,0
DA:113,0
DA:114,0
DA:115,0
DA:116,0
DA:117,0
DA:118,0
DA:119,0
DA:120,0
DA:121,0
DA:122,0
DA:124,0
LF:29
LH:0
end_of_record
SF:D:\code\lumen-7.0.0\vendor\vlucas\phpdotenv\src\Repository\AbstractRepository.php
FN:32,__construct
FNDA:0,__construct
FN:47,get
FNDA:0,get
FN:75,set
FNDA:0,set
FN:110,clear
FNDA:0,clear
FN:140,has
FNDA:0,has
FN:149,offsetExists
FNDA:0,offsetExists
FN:158,offsetGet
FNDA:0,offsetGet
FN:167,offsetSet
FNDA:0,offsetSet
FN:176,offsetUnset
FNDA:0,offsetUnset
FNF:9
FNH:0
DA:34,0
DA:35,0
DA:49,0
DA:50,0
DA:53,0
DA:77,0
DA:78,0
DA:83,0
DA:84,0
DA:87,0
DA:88,0
DA:112,0
DA:113,0
DA:117,0
DA:118,0
DA:121,0
DA:142,0
DA:151,0
DA:160,0
DA:169,0
DA:178,0
LF:21
LH:0
end_of_record
SF:D:\code\lumen-7.0.0\vendor\vlucas\phpdotenv\src\Repository\AdapterRepository.php
FN:30,__construct
FNDA:0,__construct
FN:46,getInternal
FNDA:0,getInternal
FN:66,setInternal
FNDA:0,setInternal
FN:80,clearInternal
FNDA:0,clearInternal
FNF:4
FNH:0
DA:32,0
DA:33,0
DA:34,0
DA:48,0
DA:49,0
DA:50,0
DA:51,0
DA:55,0
DA:68,0
DA:69,0
DA:82,0
DA:83,0
LF:12
LH:0
end_of_record
SF:D:\code\lumen-7.0.0\vendor\vlucas\phpdotenv\src\Repository\Adapter\ArrayAdapter.php
FN:22,isSupported
FNDA:0,isSupported
FN:34,get
FNDA:0,get
FN:51,set
FNDA:0,set
FN:63,clear
FNDA:0,clear
FNF:4
FNH:0
DA:24,0
DA:36,0
DA:37,0
DA:40,0
DA:53,0
DA:65,0
LF:6
LH:0
end_of_record
SF:D:\code\lumen-7.0.0\vendor\vlucas\phpdotenv\src\Repository\Adapter\EnvConstAdapter.php
FN:15,isSupported
FNDA:0,isSupported
FN:27,get
FNDA:0,get
FN:56,set
FNDA:0,set
FN:68,clear
FNDA:0,clear
FNF:4
FNH:0
DA:17,0
DA:29,0
DA:30,0
DA:33,0
DA:35,0
DA:37,0
DA:40,0
DA:42,0
DA:45,0
DA:58,0
DA:70,0
LF:11
LH:0
end_of_record
SF:D:\code\lumen-7.0.0\vendor\vlucas\phpdotenv\src\Repository\Adapter\PutenvAdapter.php
FN:14,isSupported
FNDA:0,isSupported
FN:26,get
FNDA:0,get
FN:40,set
FNDA:0,set
FN:52,clear
FNDA:0,clear
FNF:4
FNH:0
DA:16,0
DA:29,0
DA:42,0
DA:54,0
LF:4
LH:0
end_of_record
SF:D:\code\lumen-7.0.0\vendor\vlucas\phpdotenv\src\Repository\Adapter\ServerConstAdapter.php
FN:15,isSupported
FNDA:0,isSupported
FN:27,get
FNDA:0,get
FN:56,set
FNDA:0,set
FN:68,clear
FNDA:0,clear
FNF:4
FNH:0
DA:17,0
DA:29,0
DA:30,0
DA:33,0
DA:35,0
DA:37,0
DA:40,0
DA:42,0
DA:45,0
DA:58,0
DA:70,0
LF:11
LH:0
end_of_record
SF:D:\code\lumen-7.0.0\vendor\vlucas\phpdotenv\src\Repository\RepositoryBuilder.php
FN:43,__construct
FNDA:0,__construct
FN:55,create
FNDA:0,create
FN:67,withReaders
FNDA:0,withReaders
FN:81,withWriters
FNDA:0,withWriters
FN:93,immutable
FNDA:0,immutable
FN:103,make
FNDA:0,make
FN:121,defaultAdapters
FNDA:0,defaultAdapters
FN:138,filterByAvailability
FNDA:0,filterByAvailability
FNF:8
FNH:0
DA:45,0
DA:46,0
DA:47,0
DA:57,0
DA:69,0
DA:71,0
DA:83,0
DA:85,0
DA:95,0
DA:105,0
DA:106,0
DA:109,0
DA:110,0
DA:111,0
DA:112,0
DA:113,0
DA:123,0
DA:124,0
DA:125,0
DA:126,0
DA:127,0
DA:128,0
DA:140,0
DA:141,0
DA:142,0
LF:25
LH:0
end_of_record
SF:D:\code\lumen-7.0.0\vendor\vlucas\phpdotenv\src\Result\Result.php
FN:25,getSuccess
FNDA:0,getSuccess
FN:55,getError
FNDA:0,getError
FNF:2
FNH:0
DA:27,0
DA:57,0
LF:2
LH:0
end_of_record
SF:D:\code\lumen-7.0.0\vendor\vlucas\phpdotenv\src\Result\Success.php
FN:27,__construct
FNDA:0,__construct
FN:41,create
FNDA:0,create
FN:51,success
FNDA:0,success
FN:65,mapSuccess
FNDA:0,mapSuccess
FN:75,error
FNDA:0,error
FN:89,mapError
FNDA:0,mapError
FNF:6
FNH:0
DA:29,0
DA:43,0
DA:53,0
DA:67,0
DA:77,0
DA:92,0
LF:6
LH:0
end_of_record
SF:D:\code\lumen-7.0.0\vendor\vlucas\phpdotenv\src\Store\FileStore.php
FN:32,__construct
FNDA:0,__construct
FN:45,read
FNDA:0,read
FNF:2
FNH:0
DA:34,0
DA:35,0
DA:47,0
DA:48,0
DA:51,0
DA:53,0
DA:54,0
DA:57,0
DA:58,0
DA:59,0
LF:10
LH:0
end_of_record
SF:D:\code\lumen-7.0.0\vendor\vlucas\phpdotenv\src\Store\File\Paths.php
FN:15,filePaths
FNDA:0,filePaths
FNF:1
FNH:0
DA:17,0
DA:19,0
DA:20,0
DA:21,0
DA:25,0
LF:5
LH:0
end_of_record
SF:D:\code\lumen-7.0.0\vendor\vlucas\phpdotenv\src\Store\File\Reader.php
FN:21,read
FNDA:0,read
FN:45,readFromFile
FNDA:0,readFromFile
FNF:2
FNH:0
DA:23,0
DA:25,0
DA:26,0
DA:27,0
DA:28,0
DA:29,0
DA:30,0
DA:35,0
DA:47,0
DA:50,0
LF:10
LH:0
end_of_record
SF:D:\code\lumen-7.0.0\vendor\vlucas\phpdotenv\src\Store\StoreBuilder.php
FN:39,__construct
FNDA:0,__construct
FN:51,create
FNDA:0,create
FN:63,withPaths
FNDA:0,withPaths
FN:75,withNames
FNDA:0,withNames
FN:85,shortCircuit
FNDA:0,shortCircuit
FN:95,make
FNDA:0,make
FNF:6
FNH:0
DA:41,0
DA:42,0
DA:43,0
DA:53,0
DA:65,0
DA:77,0
DA:87,0
DA:97,0
DA:98,0
DA:99,0
DA:100,0
LF:11
LH:0
end_of_record
